<?xml version="1.0" encoding="UTF-8"?>
<coverage generated="1781045850446" clover="3.2.0">
  <project timestamp="1781045850446" name="All files">
    <metrics statements="1023" coveredstatements="1023" conditionals="455" coveredconditionals="453" methods="299" coveredmethods="299" elements="1777" coveredelements="1775" complexity="0" loc="1023" ncloc="1023" packages="4" files="22" classes="22"/>
    <package name="components.layout">
      <metrics statements="140" coveredstatements="140" conditionals="101" coveredconditionals="101" methods="28" coveredmethods="28"/>
      <file name="Header.tsx" path="/Users/kty/Documents/_dev/react/react-shadcn/src/components/layout/Header.tsx">
        <metrics statements="19" coveredstatements="19" conditionals="12" coveredconditionals="12" methods="2" coveredmethods="2"/>
        <line num="1" count="2" type="stmt"/>
        <line num="2" count="2" type="stmt"/>
        <line num="3" count="2" type="stmt"/>
        <line num="4" count="2" type="stmt"/>
        <line num="5" count="2" type="stmt"/>
        <line num="6" count="2" type="stmt"/>
        <line num="12" count="2" type="stmt"/>
        <line num="13" count="2" type="stmt"/>
        <line num="14" count="2" type="stmt"/>
        <line num="15" count="2" type="stmt"/>
        <line num="16" count="2" type="stmt"/>
        <line num="26" count="2" type="stmt"/>
        <line num="27" count="15" type="stmt"/>
        <line num="28" count="15" type="stmt"/>
        <line num="29" count="15" type="stmt"/>
        <line num="32" count="15" type="cond" truecount="2" falsecount="0"/>
        <line num="42" count="37" type="stmt"/>
        <line num="44" count="15" type="cond" truecount="2" falsecount="0"/>
        <line num="48" count="15" type="stmt"/>
      </file>
      <file name="Layout.tsx" path="/Users/kty/Documents/_dev/react/react-shadcn/src/components/layout/Layout.tsx">
        <metrics statements="12" coveredstatements="12" conditionals="12" coveredconditionals="12" methods="2" coveredmethods="2"/>
        <line num="2" count="1" type="stmt"/>
        <line num="3" count="1" type="stmt"/>
        <line num="4" count="1" type="stmt"/>
        <line num="5" count="1" type="stmt"/>
        <line num="14" count="1" type="stmt"/>
        <line num="16" count="1" type="stmt"/>
        <line num="17" count="1" type="stmt"/>
        <line num="32" count="1" type="stmt"/>
        <line num="41" count="7" type="stmt"/>
        <line num="42" count="7" type="stmt"/>
        <line num="55" count="7" type="stmt"/>
        <line num="62" count="1" type="stmt"/>
      </file>
      <file name="SideMenu.tsx" path="/Users/kty/Documents/_dev/react/react-shadcn/src/components/layout/SideMenu.tsx">
        <metrics statements="24" coveredstatements="24" conditionals="25" coveredconditionals="25" methods="5" coveredmethods="5"/>
        <line num="1" count="2" type="stmt"/>
        <line num="2" count="2" type="stmt"/>
        <line num="3" count="2" type="stmt"/>
        <line num="15" count="2" type="stmt"/>
        <line num="16" count="2" type="stmt"/>
        <line num="17" count="2" type="stmt"/>
        <line num="18" count="2" type="stmt"/>
        <line num="38" count="2" type="stmt"/>
        <line num="88" count="2" type="stmt"/>
        <line num="89" count="23" type="stmt"/>
        <line num="90" count="23" type="stmt"/>
        <line num="91" count="23" type="stmt"/>
        <line num="94" count="23" type="stmt"/>
        <line num="95" count="22" type="stmt"/>
        <line num="97" count="174" type="cond" truecount="3" falsecount="0"/>
        <line num="100" count="22" type="cond" truecount="2" falsecount="0"/>
        <line num="101" count="21" type="stmt"/>
        <line num="102" count="21" type="cond" truecount="2" falsecount="0"/>
        <line num="103" count="10" type="stmt"/>
        <line num="112" count="23" type="stmt"/>
        <line num="191" count="184" type="stmt"/>
        <line num="193" count="184" type="cond" truecount="4" falsecount="0"/>
        <line num="195" count="184" type="stmt"/>
        <line num="201" count="184" type="stmt"/>
      </file>
      <file name="TabsBar.tsx" path="/Users/kty/Documents/_dev/react/react-shadcn/src/components/layout/TabsBar.tsx">
        <metrics statements="85" coveredstatements="85" conditionals="52" coveredconditionals="52" methods="19" coveredmethods="19"/>
        <line num="1" count="2" type="stmt"/>
        <line num="2" count="2" type="stmt"/>
        <line num="3" count="2" type="stmt"/>
        <line num="4" count="2" type="stmt"/>
        <line num="5" count="2" type="stmt"/>
        <line num="6" count="2" type="stmt"/>
        <line num="7" count="2" type="stmt"/>
        <line num="9" count="2" type="stmt"/>
        <line num="10" count="2" type="stmt"/>
        <line num="16" count="2" type="stmt"/>
        <line num="17" count="2" type="stmt"/>
        <line num="19" count="2" type="stmt"/>
        <line num="24" count="2" type="stmt"/>
        <line num="34" count="2" type="stmt"/>
        <line num="35" count="40" type="stmt"/>
        <line num="36" count="40" type="stmt"/>
        <line num="37" count="40" type="stmt"/>
        <line num="38" count="40" type="stmt"/>
        <line num="39" count="40" type="stmt"/>
        <line num="41" count="40" type="stmt"/>
        <line num="42" count="40" type="stmt"/>
        <line num="43" count="40" type="stmt"/>
        <line num="47" count="40" type="stmt"/>
        <line num="48" count="40" type="stmt"/>
        <line num="50" count="40" type="stmt"/>
        <line num="51" count="19" type="cond" truecount="2" falsecount="0"/>
        <line num="52" count="18" type="cond" truecount="2" falsecount="0"/>
        <line num="53" count="1" type="stmt"/>
        <line num="56" count="40" type="stmt"/>
        <line num="57" count="17" type="cond" truecount="2" falsecount="0"/>
        <line num="58" count="16" type="cond" truecount="2" falsecount="0"/>
        <line num="59" count="1" type="stmt"/>
        <line num="62" count="40" type="stmt"/>
        <line num="63" count="85" type="cond" truecount="2" falsecount="0"/>
        <line num="66" count="40" type="stmt"/>
        <line num="67" count="19" type="cond" truecount="2" falsecount="0"/>
        <line num="68" count="33" type="stmt"/>
        <line num="74" count="40" type="stmt"/>
        <line num="75" count="19" type="stmt"/>
        <line num="76" count="19" type="cond" truecount="4" falsecount="0"/>
        <line num="77" count="2" type="cond" truecount="2" falsecount="0"/>
        <line num="79" count="19" type="stmt"/>
        <line num="82" count="40" type="stmt"/>
        <line num="83" count="33" type="cond" truecount="2" falsecount="0"/>
        <line num="84" count="31" type="stmt"/>
        <line num="85" count="31" type="cond" truecount="2" falsecount="0"/>
        <line num="86" count="14" type="stmt"/>
        <line num="91" count="40" type="stmt"/>
        <line num="93" count="40" type="stmt"/>
        <line num="94" count="18" type="stmt"/>
        <line num="95" count="22" type="cond" truecount="4" falsecount="0"/>
        <line num="97" count="21" type="stmt"/>
        <line num="99" count="21" type="stmt"/>
        <line num="100" count="142" type="stmt"/>
        <line num="101" count="142" type="stmt"/>
        <line num="103" count="21" type="cond" truecount="2" falsecount="0"/>
        <line num="104" count="19" type="stmt"/>
        <line num="105" count="19" type="stmt"/>
        <line num="109" count="2" type="cond" truecount="2" falsecount="0"/>
        <line num="110" count="2" type="stmt"/>
        <line num="112" count="2" type="stmt"/>
        <line num="113" count="2" type="stmt"/>
        <line num="114" count="2" type="stmt"/>
        <line num="115" count="4" type="cond" truecount="2" falsecount="0"/>
        <line num="116" count="2" type="stmt"/>
        <line num="117" count="2" type="stmt"/>
        <line num="120" count="2" type="stmt"/>
        <line num="123" count="18" type="stmt"/>
        <line num="124" count="18" type="cond" truecount="2" falsecount="0"/>
        <line num="125" count="18" type="cond" truecount="2" falsecount="0"/>
        <line num="127" count="18" type="stmt"/>
        <line num="129" count="18" type="stmt"/>
        <line num="132" count="40" type="stmt"/>
        <line num="133" count="19" type="stmt"/>
        <line num="136" count="40" type="stmt"/>
        <line num="137" count="19" type="stmt"/>
        <line num="141" count="40" type="cond" truecount="2" falsecount="0"/>
        <line num="143" count="39" type="cond" truecount="2" falsecount="0"/>
        <line num="145" count="39" type="stmt"/>
        <line num="163" count="263" type="stmt"/>
        <line num="183" count="251" type="cond" truecount="2" falsecount="0"/>
        <line num="184" count="251" type="stmt"/>
        <line num="226" count="8" type="cond" truecount="2" falsecount="0"/>
        <line num="235" count="12" type="cond" truecount="2" falsecount="0"/>
        <line num="236" count="12" type="stmt"/>
      </file>
    </package>
    <package name="components.ss">
      <metrics statements="65" coveredstatements="65" conditionals="56" coveredconditionals="54" methods="18" coveredmethods="18"/>
      <file name="CollaborationPanel.tsx" path="/Users/kty/Documents/_dev/react/react-shadcn/src/components/ss/CollaborationPanel.tsx">
        <metrics statements="16" coveredstatements="16" conditionals="11" coveredconditionals="11" methods="6" coveredmethods="6"/>
        <line num="2" count="1" type="stmt"/>
        <line num="5" count="1" type="stmt"/>
        <line num="6" count="1" type="stmt"/>
        <line num="7" count="1" type="stmt"/>
        <line num="8" count="1" type="stmt"/>
        <line num="15" count="1" type="stmt"/>
        <line num="17" count="1" type="stmt"/>
        <line num="19" count="1" type="stmt"/>
        <line num="20" count="1" type="stmt"/>
        <line num="44" count="1" type="stmt"/>
        <line num="58" count="17" type="stmt"/>
        <line num="72" count="1" type="stmt"/>
        <line num="78" count="1" type="stmt"/>
        <line num="89" count="34" type="stmt"/>
        <line num="126" count="5" type="stmt"/>
        <line num="136" count="11" type="stmt"/>
      </file>
      <file name="CollaboratorRow.tsx" path="/Users/kty/Documents/_dev/react/react-shadcn/src/components/ss/CollaboratorRow.tsx">
        <metrics statements="33" coveredstatements="33" conditionals="31" coveredconditionals="30" methods="10" coveredmethods="10"/>
        <line num="1" count="2" type="stmt"/>
        <line num="2" count="2" type="stmt"/>
        <line num="10" count="2" type="stmt"/>
        <line num="11" count="2" type="stmt"/>
        <line num="12" count="2" type="stmt"/>
        <line num="19" count="2" type="stmt"/>
        <line num="24" count="2" type="stmt"/>
        <line num="25" count="2" type="stmt"/>
        <line num="26" count="2" type="stmt"/>
        <line num="28" count="2" type="stmt"/>
        <line num="29" count="2" type="stmt"/>
        <line num="31" count="2" type="stmt"/>
        <line num="32" count="58" type="cond" truecount="2" falsecount="0"/>
        <line num="34" count="2" type="stmt"/>
        <line num="43" count="30" type="stmt"/>
        <line num="51" count="2" type="stmt"/>
        <line num="52" count="5" type="stmt"/>
        <line num="78" count="2" type="stmt"/>
        <line num="84" count="26" type="stmt"/>
        <line num="85" count="26" type="stmt"/>
        <line num="86" count="26" type="stmt"/>
        <line num="90" count="26" type="cond" truecount="4" falsecount="0"/>
        <line num="94" count="26" type="cond" truecount="4" falsecount="0"/>
        <line num="97" count="26" type="stmt"/>
        <line num="128" count="2" type="stmt"/>
        <line num="146" count="6" type="stmt"/>
        <line num="147" count="6" type="stmt"/>
        <line num="148" count="6" type="cond" truecount="2" falsecount="0"/>
        <line num="149" count="4" type="stmt"/>
        <line num="158" count="44" type="stmt"/>
        <line num="167" count="2" type="stmt"/>
        <line num="168" count="2" type="cond" truecount="1" falsecount="1"/>
        <line num="171" count="1" type="stmt"/>
      </file>
      <file name="PathBar.tsx" path="/Users/kty/Documents/_dev/react/react-shadcn/src/components/ss/PathBar.tsx">
        <metrics statements="16" coveredstatements="16" conditionals="14" coveredconditionals="13" methods="2" coveredmethods="2"/>
        <line num="1" count="1" type="stmt"/>
        <line num="10" count="1" type="stmt"/>
        <line num="11" count="1" type="stmt"/>
        <line num="16" count="1" type="stmt"/>
        <line num="18" count="1" type="stmt"/>
        <line num="21" count="1" type="stmt"/>
        <line num="35" count="1" type="stmt"/>
        <line num="44" count="7" type="stmt"/>
        <line num="90" count="1" type="stmt"/>
        <line num="101" count="7" type="cond" truecount="2" falsecount="0"/>
        <line num="104" count="7" type="stmt"/>
        <line num="105" count="7" type="stmt"/>
        <line num="106" count="7" type="cond" truecount="2" falsecount="0"/>
        <line num="110" count="7" type="cond" truecount="2" falsecount="0"/>
        <line num="111" count="7" type="cond" truecount="3" falsecount="1"/>
        <line num="113" count="7" type="stmt"/>
      </file>
    </package>
    <package name="pages">
      <metrics statements="592" coveredstatements="592" conditionals="274" coveredconditionals="274" methods="143" coveredmethods="143"/>
      <file name="CenterCreate.tsx" path="/Users/kty/Documents/_dev/react/react-shadcn/src/pages/CenterCreate.tsx">
        <metrics statements="6" coveredstatements="6" conditionals="0" coveredconditionals="0" methods="1" coveredmethods="1"/>
        <line num="1" count="1" type="stmt"/>
        <line num="2" count="1" type="stmt"/>
        <line num="4" count="1" type="stmt"/>
        <line num="5" count="1" type="stmt"/>
        <line num="18" count="1" type="stmt"/>
        <line num="19" count="1" type="stmt"/>
      </file>
      <file name="CenterEdit.tsx" path="/Users/kty/Documents/_dev/react/react-shadcn/src/pages/CenterEdit.tsx">
        <metrics statements="46" coveredstatements="46" conditionals="34" coveredconditionals="34" methods="20" coveredmethods="20"/>
        <line num="1" count="1" type="stmt"/>
        <line num="2" count="1" type="stmt"/>
        <line num="3" count="1" type="stmt"/>
        <line num="4" count="1" type="stmt"/>
        <line num="5" count="1" type="stmt"/>
        <line num="6" count="1" type="stmt"/>
        <line num="7" count="1" type="stmt"/>
        <line num="15" count="1" type="stmt"/>
        <line num="16" count="1" type="stmt"/>
        <line num="17" count="1" type="stmt"/>
        <line num="18" count="1" type="stmt"/>
        <line num="19" count="1" type="stmt"/>
        <line num="20" count="1" type="stmt"/>
        <line num="30" count="1" type="stmt"/>
        <line num="31" count="1" type="stmt"/>
        <line num="33" count="1" type="stmt"/>
        <line num="47" count="1" type="stmt"/>
        <line num="48" count="28" type="stmt"/>
        <line num="49" count="28" type="stmt"/>
        <line num="51" count="28" type="stmt"/>
        <line num="52" count="28" type="stmt"/>
        <line num="64" count="28" type="stmt"/>
        <line num="65" count="28" type="stmt"/>
        <line num="66" count="28" type="stmt"/>
        <line num="67" count="28" type="stmt"/>
        <line num="69" count="28" type="stmt"/>
        <line num="79" count="1" type="stmt"/>
        <line num="93" count="1" type="stmt"/>
        <line num="155" count="140" type="stmt"/>
        <line num="177" count="280" type="cond" truecount="4" falsecount="0"/>
        <line num="197" count="4" type="stmt"/>
        <line num="205" count="8" type="stmt"/>
        <line num="215" count="1" type="stmt"/>
        <line num="225" count="1" type="stmt"/>
        <line num="226" count="1" type="stmt"/>
        <line num="227" count="1" type="stmt"/>
        <line num="228" count="1" type="stmt"/>
        <line num="252" count="280" type="stmt"/>
        <line num="267" count="2" type="stmt"/>
        <line num="268" count="20" type="cond" truecount="2" falsecount="0"/>
        <line num="284" count="10" type="stmt"/>
        <line num="285" count="1" type="stmt"/>
        <line num="312" count="2" type="cond" truecount="2" falsecount="0"/>
        <line num="313" count="2" type="stmt"/>
        <line num="323" count="1" type="stmt"/>
        <line num="324" count="1" type="stmt"/>
      </file>
      <file name="CenterManage.tsx" path="/Users/kty/Documents/_dev/react/react-shadcn/src/pages/CenterManage.tsx">
        <metrics statements="25" coveredstatements="25" conditionals="7" coveredconditionals="7" methods="7" coveredmethods="7"/>
        <line num="1" count="1" type="stmt"/>
        <line num="2" count="1" type="stmt"/>
        <line num="9" count="1" type="stmt"/>
        <line num="10" count="1" type="stmt"/>
        <line num="11" count="1" type="stmt"/>
        <line num="12" count="1" type="stmt"/>
        <line num="20" count="1" type="stmt"/>
        <line num="21" count="1" type="stmt"/>
        <line num="22" count="1" type="stmt"/>
        <line num="23" count="1" type="stmt"/>
        <line num="33" count="1" type="stmt"/>
        <line num="39" count="1" type="stmt"/>
        <line num="40" count="16" type="stmt"/>
        <line num="41" count="16" type="stmt"/>
        <line num="42" count="16" type="stmt"/>
        <line num="44" count="16" type="stmt"/>
        <line num="46" count="12" type="stmt"/>
        <line num="48" count="36" type="cond" truecount="3" falsecount="0"/>
        <line num="55" count="16" type="stmt"/>
        <line num="70" count="7" type="stmt"/>
        <line num="78" count="4" type="stmt"/>
        <line num="104" count="7" type="stmt"/>
        <line num="116" count="1" type="stmt"/>
        <line num="138" count="1" type="stmt"/>
        <line num="139" count="1" type="stmt"/>
      </file>
      <file name="CenterTabsShell.tsx" path="/Users/kty/Documents/_dev/react/react-shadcn/src/pages/CenterTabsShell.tsx">
        <metrics statements="5" coveredstatements="5" conditionals="0" coveredconditionals="0" methods="1" coveredmethods="1"/>
        <line num="1" count="1" type="stmt"/>
        <line num="2" count="1" type="stmt"/>
        <line num="12" count="1" type="stmt"/>
        <line num="17" count="1" type="stmt"/>
        <line num="18" count="2" type="stmt"/>
      </file>
      <file name="SS.tsx" path="/Users/kty/Documents/_dev/react/react-shadcn/src/pages/SS.tsx">
        <metrics statements="172" coveredstatements="172" conditionals="78" coveredconditionals="78" methods="36" coveredmethods="36"/>
        <line num="1" count="1" type="stmt"/>
        <line num="2" count="1" type="stmt"/>
        <line num="3" count="1" type="stmt"/>
        <line num="7" count="1" type="stmt"/>
        <line num="8" count="1" type="stmt"/>
        <line num="9" count="1" type="stmt"/>
        <line num="10" count="1" type="stmt"/>
        <line num="11" count="1" type="stmt"/>
        <line num="12" count="1" type="stmt"/>
        <line num="13" count="1" type="stmt"/>
        <line num="14" count="1" type="stmt"/>
        <line num="22" count="1" type="stmt"/>
        <line num="23" count="1" type="stmt"/>
        <line num="24" count="1" type="stmt"/>
        <line num="25" count="1" type="stmt"/>
        <line num="26" count="1" type="stmt"/>
        <line num="27" count="1" type="stmt"/>
        <line num="28" count="1" type="stmt"/>
        <line num="29" count="1" type="stmt"/>
        <line num="30" count="1" type="stmt"/>
        <line num="40" count="1" type="stmt"/>
        <line num="49" count="1" type="stmt"/>
        <line num="50" count="2" type="stmt"/>
        <line num="63" count="1" type="stmt"/>
        <line num="64" count="2" type="stmt"/>
        <line num="69" count="12" type="stmt"/>
        <line num="75" count="1" type="stmt"/>
        <line num="76" count="2" type="stmt"/>
        <line num="85" count="8" type="stmt"/>
        <line num="99" count="1" type="stmt"/>
        <line num="100" count="237" type="stmt"/>
        <line num="101" count="237" type="stmt"/>
        <line num="104" count="237" type="stmt"/>
        <line num="105" count="237" type="stmt"/>
        <line num="106" count="237" type="stmt"/>
        <line num="108" count="237" type="cond" truecount="3" falsecount="0"/>
        <line num="109" count="237" type="stmt"/>
        <line num="110" count="237" type="stmt"/>
        <line num="111" count="237" type="stmt"/>
        <line num="114" count="237" type="stmt"/>
        <line num="117" count="237" type="stmt"/>
        <line num="122" count="237" type="stmt"/>
        <line num="124" count="49" type="cond" truecount="2" falsecount="0"/>
        <line num="132" count="237" type="stmt"/>
        <line num="133" count="231" type="stmt"/>
        <line num="134" count="231" type="cond" truecount="4" falsecount="0"/>
        <line num="135" count="2" type="stmt"/>
        <line num="137" count="231" type="stmt"/>
        <line num="142" count="237" type="cond" truecount="4" falsecount="0"/>
        <line num="156" count="237" type="stmt"/>
        <line num="165" count="237" type="stmt"/>
        <line num="166" count="237" type="stmt"/>
        <line num="167" count="237" type="stmt"/>
        <line num="170" count="237" type="cond" truecount="3" falsecount="0"/>
        <line num="174" count="237" type="stmt"/>
        <line num="175" count="237" type="stmt"/>
        <line num="177" count="237" type="stmt"/>
        <line num="178" count="51" type="stmt"/>
        <line num="179" count="51" type="stmt"/>
        <line num="183" count="237" type="stmt"/>
        <line num="184" count="49" type="stmt"/>
        <line num="188" count="237" type="stmt"/>
        <line num="189" count="49" type="stmt"/>
        <line num="192" count="237" type="stmt"/>
        <line num="193" count="49" type="stmt"/>
        <line num="196" count="237" type="cond" truecount="2" falsecount="0"/>
        <line num="199" count="237" type="stmt"/>
        <line num="204" count="237" type="stmt"/>
        <line num="206" count="51" type="cond" truecount="2" falsecount="0"/>
        <line num="207" count="49" type="stmt"/>
        <line num="208" count="49" type="cond" truecount="2" falsecount="0"/>
        <line num="209" count="2" type="stmt"/>
        <line num="210" count="2" type="stmt"/>
        <line num="211" count="2" type="stmt"/>
        <line num="215" count="237" type="stmt"/>
        <line num="216" count="51" type="cond" truecount="5" falsecount="0"/>
        <line num="217" count="2" type="stmt"/>
        <line num="225" count="237" type="stmt"/>
        <line num="226" count="51" type="cond" truecount="2" falsecount="0"/>
        <line num="227" count="2" type="stmt"/>
        <line num="228" count="2" type="stmt"/>
        <line num="229" count="2" type="stmt"/>
        <line num="230" count="2" type="stmt"/>
        <line num="231" count="2" type="stmt"/>
        <line num="236" count="237" type="stmt"/>
        <line num="239" count="237" type="stmt"/>
        <line num="241" count="237" type="stmt"/>
        <line num="242" count="95" type="cond" truecount="2" falsecount="0"/>
        <line num="243" count="95" type="stmt"/>
        <line num="245" count="17" type="stmt"/>
        <line num="249" count="4" type="stmt"/>
        <line num="258" count="237" type="cond" truecount="4" falsecount="0"/>
        <line num="263" count="237" type="stmt"/>
        <line num="265" count="56" type="stmt"/>
        <line num="268" count="237" type="stmt"/>
        <line num="269" count="49" type="cond" truecount="2" falsecount="0"/>
        <line num="270" count="48" type="stmt"/>
        <line num="271" count="1" type="stmt"/>
        <line num="277" count="237" type="stmt"/>
        <line num="278" count="2" type="stmt"/>
        <line num="279" count="2" type="stmt"/>
        <line num="280" count="1" type="stmt"/>
        <line num="282" count="1" type="stmt"/>
        <line num="286" count="237" type="stmt"/>
        <line num="287" count="1" type="stmt"/>
        <line num="295" count="237" type="stmt"/>
        <line num="296" count="5" type="cond" truecount="2" falsecount="0"/>
        <line num="298" count="5" type="cond" truecount="2" falsecount="0"/>
        <line num="299" count="2" type="stmt"/>
        <line num="300" count="1" type="stmt"/>
        <line num="301" count="5" type="stmt"/>
        <line num="308" count="5" type="stmt"/>
        <line num="309" count="5" type="stmt"/>
        <line num="312" count="237" type="stmt"/>
        <line num="320" count="237" type="stmt"/>
        <line num="321" count="9" type="cond" truecount="2" falsecount="0"/>
        <line num="323" count="8" type="cond" truecount="2" falsecount="0"/>
        <line num="324" count="1" type="stmt"/>
        <line num="330" count="8" type="cond" truecount="2" falsecount="0"/>
        <line num="334" count="8" type="cond" truecount="2" falsecount="0"/>
        <line num="335" count="8" type="stmt"/>
        <line num="336" count="2" type="cond" truecount="3" falsecount="0"/>
        <line num="337" count="2" type="stmt"/>
        <line num="343" count="8" type="cond" truecount="2" falsecount="0"/>
        <line num="344" count="2" type="stmt"/>
        <line num="345" count="2" type="stmt"/>
        <line num="348" count="6" type="stmt"/>
        <line num="357" count="6" type="stmt"/>
        <line num="358" count="6" type="stmt"/>
        <line num="360" count="6" type="stmt"/>
        <line num="362" count="2" type="stmt"/>
        <line num="365" count="2" type="stmt"/>
        <line num="366" count="2" type="stmt"/>
        <line num="369" count="4" type="stmt"/>
        <line num="371" count="4" type="stmt"/>
        <line num="372" count="2" type="stmt"/>
        <line num="373" count="2" type="stmt"/>
        <line num="375" count="1" type="stmt"/>
        <line num="377" count="3" type="stmt"/>
        <line num="390" count="237" type="stmt"/>
        <line num="392" count="3" type="stmt"/>
        <line num="393" count="3" type="stmt"/>
        <line num="395" count="3" type="stmt"/>
        <line num="399" count="1" type="stmt"/>
        <line num="400" count="1" type="stmt"/>
        <line num="401" count="1" type="stmt"/>
        <line num="404" count="2" type="stmt"/>
        <line num="405" count="2" type="stmt"/>
        <line num="406" count="1" type="stmt"/>
        <line num="408" count="1" type="stmt"/>
        <line num="410" count="2" type="stmt"/>
        <line num="416" count="237" type="stmt"/>
        <line num="418" count="4" type="stmt"/>
        <line num="419" count="4" type="stmt"/>
        <line num="420" count="4" type="stmt"/>
        <line num="427" count="2" type="stmt"/>
        <line num="432" count="2" type="stmt"/>
        <line num="433" count="2" type="stmt"/>
        <line num="436" count="2" type="stmt"/>
        <line num="437" count="2" type="stmt"/>
        <line num="438" count="1" type="stmt"/>
        <line num="440" count="1" type="stmt"/>
        <line num="442" count="2" type="stmt"/>
        <line num="450" count="237" type="stmt"/>
        <line num="513" count="1" type="stmt"/>
        <line num="514" count="50" type="stmt"/>
        <line num="516" count="50" type="cond" truecount="2" falsecount="0"/>
        <line num="517" count="1" type="stmt"/>
        <line num="523" count="49" type="stmt"/>
        <line num="524" count="49" type="stmt"/>
        <line num="527" count="49" type="stmt"/>
        <line num="536" count="1" type="stmt"/>
      </file>
      <file name="ShareArea.tsx" path="/Users/kty/Documents/_dev/react/react-shadcn/src/pages/ShareArea.tsx">
        <metrics statements="23" coveredstatements="23" conditionals="4" coveredconditionals="4" methods="6" coveredmethods="6"/>
        <line num="1" count="1" type="stmt"/>
        <line num="2" count="1" type="stmt"/>
        <line num="3" count="1" type="stmt"/>
        <line num="4" count="1" type="stmt"/>
        <line num="5" count="1" type="stmt"/>
        <line num="6" count="1" type="stmt"/>
        <line num="7" count="1" type="stmt"/>
        <line num="13" count="1" type="stmt"/>
        <line num="14" count="1" type="stmt"/>
        <line num="15" count="1" type="stmt"/>
        <line num="18" count="1" type="stmt"/>
        <line num="20" count="1" type="stmt"/>
        <line num="21" count="6" type="stmt"/>
        <line num="22" count="6" type="stmt"/>
        <line num="24" count="6" type="stmt"/>
        <line num="25" count="2" type="stmt"/>
        <line num="28" count="6" type="stmt"/>
        <line num="44" count="24" type="stmt"/>
        <line num="109" count="1" type="stmt"/>
        <line num="132" count="1" type="stmt"/>
        <line num="149" count="1" type="stmt"/>
        <line num="169" count="1" type="stmt"/>
        <line num="170" count="1" type="stmt"/>
      </file>
      <file name="UserCreate.tsx" path="/Users/kty/Documents/_dev/react/react-shadcn/src/pages/UserCreate.tsx">
        <metrics statements="71" coveredstatements="71" conditionals="37" coveredconditionals="37" methods="12" coveredmethods="12"/>
        <line num="2" count="1" type="stmt"/>
        <line num="3" count="1" type="stmt"/>
        <line num="4" count="1" type="stmt"/>
        <line num="5" count="1" type="stmt"/>
        <line num="6" count="1" type="stmt"/>
        <line num="7" count="1" type="stmt"/>
        <line num="13" count="1" type="stmt"/>
        <line num="14" count="1" type="stmt"/>
        <line num="15" count="1" type="stmt"/>
        <line num="16" count="1" type="stmt"/>
        <line num="24" count="1" type="stmt"/>
        <line num="25" count="1" type="stmt"/>
        <line num="26" count="1" type="stmt"/>
        <line num="27" count="1" type="stmt"/>
        <line num="33" count="1" type="stmt"/>
        <line num="34" count="1" type="stmt"/>
        <line num="43" count="1" type="stmt"/>
        <line num="44" count="1" type="stmt"/>
        <line num="45" count="1" type="stmt"/>
        <line num="46" count="1" type="stmt"/>
        <line num="48" count="1" type="stmt"/>
        <line num="72" count="1" type="stmt"/>
        <line num="73" count="42" type="stmt"/>
        <line num="74" count="42" type="stmt"/>
        <line num="75" count="42" type="stmt"/>
        <line num="78" count="42" type="stmt"/>
        <line num="82" count="42" type="stmt"/>
        <line num="86" count="42" type="stmt"/>
        <line num="90" count="42" type="stmt"/>
        <line num="96" count="42" type="stmt"/>
        <line num="100" count="42" type="stmt"/>
        <line num="103" count="42" type="stmt"/>
        <line num="105" count="42" type="stmt"/>
        <line num="106" count="2" type="stmt"/>
        <line num="122" count="42" type="stmt"/>
        <line num="123" count="6" type="stmt"/>
        <line num="124" count="6" type="cond" truecount="2" falsecount="0"/>
        <line num="125" count="2" type="stmt"/>
        <line num="127" count="6" type="cond" truecount="2" falsecount="0"/>
        <line num="128" count="1" type="stmt"/>
        <line num="130" count="6" type="cond" truecount="2" falsecount="0"/>
        <line num="131" count="1" type="stmt"/>
        <line num="133" count="6" type="cond" truecount="2" falsecount="0"/>
        <line num="134" count="1" type="stmt"/>
        <line num="137" count="6" type="cond" truecount="2" falsecount="0"/>
        <line num="138" count="2" type="stmt"/>
        <line num="141" count="2" type="stmt"/>
        <line num="143" count="4" type="stmt"/>
        <line num="150" count="4" type="stmt"/>
        <line num="151" count="4" type="stmt"/>
        <line num="152" count="4" type="stmt"/>
        <line num="153" count="4" type="stmt"/>
        <line num="154" count="1" type="stmt"/>
        <line num="157" count="1" type="stmt"/>
        <line num="172" count="3" type="stmt"/>
        <line num="176" count="4" type="stmt"/>
        <line num="180" count="42" type="stmt"/>
        <line num="181" count="1" type="stmt"/>
        <line num="182" count="1" type="stmt"/>
        <line num="185" count="42" type="stmt"/>
        <line num="228" count="6" type="stmt"/>
        <line num="243" count="6" type="stmt"/>
        <line num="258" count="6" type="stmt"/>
        <line num="272" count="1" type="stmt"/>
        <line num="309" count="1" type="stmt"/>
        <line num="310" count="1" type="stmt"/>
        <line num="311" count="1" type="stmt"/>
        <line num="312" count="1" type="stmt"/>
        <line num="341" count="14" type="stmt"/>
        <line num="373" count="6" type="stmt"/>
        <line num="385" count="1" type="stmt"/>
      </file>
      <file name="UserEdit.tsx" path="/Users/kty/Documents/_dev/react/react-shadcn/src/pages/UserEdit.tsx">
        <metrics statements="128" coveredstatements="128" conditionals="62" coveredconditionals="62" methods="28" coveredmethods="28"/>
        <line num="2" count="1" type="stmt"/>
        <line num="3" count="1" type="stmt"/>
        <line num="4" count="1" type="stmt"/>
        <line num="5" count="1" type="stmt"/>
        <line num="6" count="1" type="stmt"/>
        <line num="7" count="1" type="stmt"/>
        <line num="13" count="1" type="stmt"/>
        <line num="14" count="1" type="stmt"/>
        <line num="15" count="1" type="stmt"/>
        <line num="16" count="1" type="stmt"/>
        <line num="22" count="1" type="stmt"/>
        <line num="23" count="1" type="stmt"/>
        <line num="24" count="1" type="stmt"/>
        <line num="25" count="1" type="stmt"/>
        <line num="29" count="1" type="stmt"/>
        <line num="36" count="1" type="stmt"/>
        <line num="37" count="1" type="stmt"/>
        <line num="38" count="1" type="stmt"/>
        <line num="39" count="1" type="stmt"/>
        <line num="40" count="1" type="stmt"/>
        <line num="42" count="1" type="stmt"/>
        <line num="43" count="1" type="stmt"/>
        <line num="55" count="1" type="stmt"/>
        <line num="56" count="1" type="stmt"/>
        <line num="58" count="1" type="stmt"/>
        <line num="59" count="165" type="stmt"/>
        <line num="60" count="165" type="stmt"/>
        <line num="61" count="165" type="stmt"/>
        <line num="62" count="165" type="stmt"/>
        <line num="63" count="165" type="stmt"/>
        <line num="64" count="165" type="stmt"/>
        <line num="65" count="165" type="stmt"/>
        <line num="67" count="165" type="stmt"/>
        <line num="68" count="165" type="stmt"/>
        <line num="69" count="165" type="stmt"/>
        <line num="71" count="165" type="stmt"/>
        <line num="72" count="165" type="stmt"/>
        <line num="73" count="165" type="stmt"/>
        <line num="74" count="165" type="stmt"/>
        <line num="75" count="165" type="stmt"/>
        <line num="76" count="165" type="stmt"/>
        <line num="78" count="165" type="stmt"/>
        <line num="79" count="30" type="cond" truecount="2" falsecount="0"/>
        <line num="80" count="29" type="stmt"/>
        <line num="81" count="29" type="cond" truecount="2" falsecount="0"/>
        <line num="82" count="22" type="stmt"/>
        <line num="84" count="29" type="stmt"/>
        <line num="85" count="29" type="stmt"/>
        <line num="86" count="29" type="stmt"/>
        <line num="87" count="29" type="stmt"/>
        <line num="88" count="29" type="stmt"/>
        <line num="89" count="29" type="stmt"/>
        <line num="90" count="29" type="stmt"/>
        <line num="94" count="165" type="stmt"/>
        <line num="95" count="30" type="cond" truecount="4" falsecount="0"/>
        <line num="96" count="8" type="stmt"/>
        <line num="97" count="8" type="cond" truecount="2" falsecount="0"/>
        <line num="98" count="8" type="cond" truecount="2" falsecount="0"/>
        <line num="99" count="8" type="cond" truecount="2" falsecount="0"/>
        <line num="100" count="8" type="stmt"/>
        <line num="101" count="8" type="stmt"/>
        <line num="102" count="8" type="cond" truecount="2" falsecount="0"/>
        <line num="103" count="8" type="stmt"/>
        <line num="110" count="8" type="cond" truecount="2" falsecount="0"/>
        <line num="112" count="30" type="stmt"/>
        <line num="121" count="165" type="stmt"/>
        <line num="122" count="30" type="cond" truecount="2" falsecount="0"/>
        <line num="123" count="7" type="stmt"/>
        <line num="137" count="7" type="stmt"/>
        <line num="139" count="7" type="stmt"/>
        <line num="140" count="84" type="stmt"/>
        <line num="141" count="84" type="stmt"/>
        <line num="147" count="7" type="stmt"/>
        <line num="168" count="7" type="stmt"/>
        <line num="177" count="165" type="stmt"/>
        <line num="178" count="36" type="stmt"/>
        <line num="182" count="165" type="stmt"/>
        <line num="184" count="8" type="stmt"/>
        <line num="189" count="8" type="cond" truecount="2" falsecount="0"/>
        <line num="190" count="6" type="stmt"/>
        <line num="191" count="1" type="stmt"/>
        <line num="192" count="1" type="stmt"/>
        <line num="198" count="7" type="stmt"/>
        <line num="199" count="7" type="stmt"/>
        <line num="200" count="7" type="stmt"/>
        <line num="201" count="7" type="cond" truecount="2" falsecount="0"/>
        <line num="202" count="1" type="stmt"/>
        <line num="206" count="1" type="stmt"/>
        <line num="208" count="6" type="stmt"/>
        <line num="216" count="6" type="stmt"/>
        <line num="217" count="6" type="stmt"/>
        <line num="218" count="6" type="stmt"/>
        <line num="219" count="4" type="stmt"/>
        <line num="220" count="4" type="stmt"/>
        <line num="222" count="2" type="cond" truecount="2" falsecount="0"/>
        <line num="224" count="6" type="stmt"/>
        <line num="228" count="165" type="stmt"/>
        <line num="230" count="3" type="stmt"/>
        <line num="231" count="3" type="stmt"/>
        <line num="232" count="3" type="stmt"/>
        <line num="233" count="1" type="stmt"/>
        <line num="238" count="2" type="cond" truecount="2" falsecount="0"/>
        <line num="240" count="3" type="stmt"/>
        <line num="244" count="165" type="stmt"/>
        <line num="246" count="4" type="stmt"/>
        <line num="247" count="4" type="stmt"/>
        <line num="248" count="4" type="stmt"/>
        <line num="249" count="4" type="stmt"/>
        <line num="250" count="2" type="cond" truecount="2" falsecount="0"/>
        <line num="251" count="1" type="stmt"/>
        <line num="253" count="1" type="stmt"/>
        <line num="254" count="1" type="stmt"/>
        <line num="256" count="3" type="cond" truecount="2" falsecount="0"/>
        <line num="257" count="3" type="stmt"/>
        <line num="261" count="4" type="stmt"/>
        <line num="265" count="165" type="stmt"/>
        <line num="266" count="7" type="stmt"/>
        <line num="272" count="165" type="stmt"/>
        <line num="314" count="6" type="stmt"/>
        <line num="337" count="22" type="stmt"/>
        <line num="344" count="24" type="stmt"/>
        <line num="351" count="50" type="stmt"/>
        <line num="361" count="1" type="stmt"/>
        <line num="371" count="2" type="cond" truecount="2" falsecount="0"/>
        <line num="390" count="2" type="stmt"/>
        <line num="395" count="21" type="stmt"/>
        <line num="422" count="42" type="stmt"/>
        <line num="437" count="168" type="stmt"/>
      </file>
      <file name="UserManage.tsx" path="/Users/kty/Documents/_dev/react/react-shadcn/src/pages/UserManage.tsx">
        <metrics statements="56" coveredstatements="56" conditionals="25" coveredconditionals="25" methods="13" coveredmethods="13"/>
        <line num="2" count="1" type="stmt"/>
        <line num="3" count="1" type="stmt"/>
        <line num="4" count="1" type="stmt"/>
        <line num="5" count="1" type="stmt"/>
        <line num="6" count="1" type="stmt"/>
        <line num="7" count="1" type="stmt"/>
        <line num="8" count="1" type="stmt"/>
        <line num="14" count="1" type="stmt"/>
        <line num="22" count="1" type="stmt"/>
        <line num="23" count="1" type="stmt"/>
        <line num="25" count="1" type="stmt"/>
        <line num="26" count="1" type="stmt"/>
        <line num="27" count="1" type="stmt"/>
        <line num="28" count="1" type="stmt"/>
        <line num="29" count="1" type="stmt"/>
        <line num="36" count="1" type="stmt"/>
        <line num="38" count="39" type="stmt"/>
        <line num="39" count="39" type="stmt"/>
        <line num="40" count="39" type="stmt"/>
        <line num="41" count="39" type="stmt"/>
        <line num="42" count="39" type="stmt"/>
        <line num="45" count="39" type="stmt"/>
        <line num="49" count="39" type="stmt"/>
        <line num="52" count="39" type="stmt"/>
        <line num="55" count="39" type="stmt"/>
        <line num="58" count="39" type="stmt"/>
        <line num="61" count="39" type="stmt"/>
        <line num="65" count="39" type="stmt"/>
        <line num="67" count="39" type="stmt"/>
        <line num="68" count="10" type="stmt"/>
        <line num="69" count="10" type="cond" truecount="2" falsecount="0"/>
        <line num="71" count="9" type="stmt"/>
        <line num="72" count="9" type="stmt"/>
        <line num="76" count="9" type="cond" truecount="2" falsecount="0"/>
        <line num="77" count="5" type="stmt"/>
        <line num="81" count="39" type="stmt"/>
        <line num="82" count="10" type="stmt"/>
        <line num="85" count="39" type="stmt"/>
        <line num="86" count="2" type="stmt"/>
        <line num="101" count="39" type="stmt"/>
        <line num="114" count="2" type="stmt"/>
        <line num="115" count="2" type="stmt"/>
        <line num="128" count="13" type="stmt"/>
        <line num="141" count="10" type="stmt"/>
        <line num="156" count="4" type="stmt"/>
        <line num="171" count="1" type="stmt"/>
        <line num="172" count="1" type="stmt"/>
        <line num="186" count="1" type="stmt"/>
        <line num="187" count="1" type="stmt"/>
        <line num="188" count="1" type="stmt"/>
        <line num="189" count="1" type="stmt"/>
        <line num="190" count="1" type="stmt"/>
        <line num="222" count="3" type="stmt"/>
        <line num="258" count="1" type="stmt"/>
        <line num="275" count="1" type="stmt"/>
        <line num="276" count="1" type="stmt"/>
      </file>
      <file name="UserTabsShell.tsx" path="/Users/kty/Documents/_dev/react/react-shadcn/src/pages/UserTabsShell.tsx">
        <metrics statements="6" coveredstatements="6" conditionals="2" coveredconditionals="2" methods="2" coveredmethods="2"/>
        <line num="1" count="4" type="stmt"/>
        <line num="2" count="4" type="stmt"/>
        <line num="13" count="4" type="stmt"/>
        <line num="18" count="4" type="stmt"/>
        <line num="19" count="245" type="stmt"/>
        <line num="23" count="2" type="cond" truecount="2" falsecount="0"/>
      </file>
      <file name="ssHelpers.ts" path="/Users/kty/Documents/_dev/react/react-shadcn/src/pages/ssHelpers.ts">
        <metrics statements="32" coveredstatements="32" conditionals="25" coveredconditionals="25" methods="8" coveredmethods="8"/>
        <line num="1" count="2" type="stmt"/>
        <line num="2" count="2" type="stmt"/>
        <line num="6" count="2" type="stmt"/>
        <line num="7" count="8" type="stmt"/>
        <line num="10" count="2" type="stmt"/>
        <line num="13" count="55" type="cond" truecount="2" falsecount="0"/>
        <line num="19" count="2" type="stmt"/>
        <line num="20" count="54" type="cond" truecount="4" falsecount="0"/>
        <line num="21" count="3" type="stmt"/>
        <line num="23" count="51" type="cond" truecount="2" falsecount="0"/>
        <line num="24" count="51" type="stmt"/>
        <line num="25" count="51" type="stmt"/>
        <line num="26" count="4" type="stmt"/>
        <line num="29" count="51" type="stmt"/>
        <line num="30" count="51" type="stmt"/>
        <line num="31" count="51" type="stmt"/>
        <line num="38" count="2" type="stmt"/>
        <line num="42" count="52" type="cond" truecount="2" falsecount="0"/>
        <line num="43" count="52" type="stmt"/>
        <line num="44" count="52" type="stmt"/>
        <line num="45" count="52" type="stmt"/>
        <line num="46" count="52" type="stmt"/>
        <line num="47" count="4" type="stmt"/>
        <line num="48" count="4" type="stmt"/>
        <line num="50" count="52" type="cond" truecount="4" falsecount="0"/>
        <line num="51" count="50" type="stmt"/>
        <line num="53" count="52" type="stmt"/>
        <line num="62" count="2" type="stmt"/>
        <line num="67" count="25" type="cond" truecount="2" falsecount="0"/>
        <line num="68" count="25" type="stmt"/>
        <line num="71" count="25" type="cond" truecount="3" falsecount="0"/>
        <line num="73" count="25" type="stmt"/>
      </file>
      <file name="userEditSchema.ts" path="/Users/kty/Documents/_dev/react/react-shadcn/src/pages/userEditSchema.ts">
        <metrics statements="22" coveredstatements="22" conditionals="0" coveredconditionals="0" methods="9" coveredmethods="9"/>
        <line num="1" count="2" type="stmt"/>
        <line num="40" count="2" type="stmt"/>
        <line num="93" count="2" type="stmt"/>
        <line num="103" count="2" type="stmt"/>
        <line num="104" count="2" type="stmt"/>
        <line num="105" count="2" type="stmt"/>
        <line num="107" count="2" type="stmt"/>
        <line num="108" count="2" type="stmt"/>
        <line num="109" count="2" type="stmt"/>
        <line num="110" count="2" type="stmt"/>
        <line num="112" count="2" type="stmt"/>
        <line num="113" count="11" type="stmt"/>
        <line num="115" count="2" type="stmt"/>
        <line num="120" count="13" type="stmt"/>
        <line num="124" count="13" type="stmt"/>
        <line num="128" count="2" type="stmt"/>
        <line num="135" count="14" type="stmt"/>
        <line num="144" count="14" type="stmt"/>
        <line num="148" count="14" type="stmt"/>
        <line num="157" count="14" type="stmt"/>
        <line num="161" count="14" type="stmt"/>
        <line num="165" count="14" type="stmt"/>
      </file>
    </package>
    <package name="redux.slices">
      <metrics statements="226" coveredstatements="226" conditionals="24" coveredconditionals="24" methods="110" coveredmethods="110"/>
      <file name="ssSlice.ts" path="/Users/kty/Documents/_dev/react/react-shadcn/src/redux/slices/ssSlice.ts">
        <metrics statements="65" coveredstatements="65" conditionals="8" coveredconditionals="8" methods="36" coveredmethods="36"/>
        <line num="1" count="2" type="stmt"/>
        <line num="10" count="2" type="stmt"/>
        <line num="11" count="2" type="stmt"/>
        <line num="18" count="2" type="stmt"/>
        <line num="25" count="2" type="stmt"/>
        <line num="27" count="2" type="stmt"/>
        <line num="29" count="2" type="stmt"/>
        <line num="34" count="56" type="stmt"/>
        <line num="35" count="56" type="stmt"/>
        <line num="42" count="2" type="stmt"/>
        <line num="45" count="5" type="stmt"/>
        <line num="46" count="5" type="stmt"/>
        <line num="48" count="1" type="stmt"/>
        <line num="53" count="2" type="stmt"/>
        <line num="56" count="3" type="stmt"/>
        <line num="57" count="3" type="stmt"/>
        <line num="59" count="1" type="stmt"/>
        <line num="64" count="2" type="stmt"/>
        <line num="70" count="3" type="stmt"/>
        <line num="71" count="3" type="stmt"/>
        <line num="77" count="1" type="stmt"/>
        <line num="97" count="2" type="stmt"/>
        <line num="107" count="2" type="stmt"/>
        <line num="115" count="3" type="stmt"/>
        <line num="116" count="3" type="stmt"/>
        <line num="126" count="3" type="stmt"/>
        <line num="127" count="3" type="stmt"/>
        <line num="128" count="3" type="stmt"/>
        <line num="131" count="1" type="stmt"/>
        <line num="134" count="1" type="stmt"/>
        <line num="135" count="1" type="stmt"/>
        <line num="139" count="2" type="stmt"/>
        <line num="141" count="58" type="stmt"/>
        <line num="142" count="58" type="stmt"/>
        <line num="143" count="58" type="stmt"/>
        <line num="146" count="53" type="cond" truecount="2" falsecount="0"/>
        <line num="147" count="52" type="stmt"/>
        <line num="148" count="52" type="stmt"/>
        <line num="149" count="52" type="stmt"/>
        <line num="151" count="1" type="stmt"/>
        <line num="156" count="53" type="stmt"/>
        <line num="159" count="5" type="stmt"/>
        <line num="160" count="5" type="stmt"/>
        <line num="161" count="5" type="stmt"/>
        <line num="163" count="2" type="stmt"/>
        <line num="173" count="2" type="stmt"/>
        <line num="183" count="2" type="stmt"/>
        <line num="196" count="2" type="stmt"/>
        <line num="199" count="2" type="stmt"/>
        <line num="200" count="2" type="stmt"/>
        <line num="201" count="2" type="stmt"/>
        <line num="203" count="2935" type="stmt"/>
        <line num="205" count="2" type="stmt"/>
        <line num="207" count="2" type="stmt"/>
        <line num="209" count="347" type="stmt"/>
        <line num="211" count="1" type="stmt"/>
        <line num="213" count="238" type="stmt"/>
        <line num="215" count="347" type="cond" truecount="2" falsecount="0"/>
        <line num="218" count="238" type="stmt"/>
        <line num="220" count="347" type="stmt"/>
        <line num="223" count="239" type="stmt"/>
        <line num="225" count="348" type="cond" truecount="2" falsecount="0"/>
        <line num="228" count="239" type="stmt"/>
        <line num="230" count="348" type="cond" truecount="2" falsecount="0"/>
        <line num="234" count="2" type="stmt"/>
      </file>
      <file name="uiSlice.ts" path="/Users/kty/Documents/_dev/react/react-shadcn/src/redux/slices/uiSlice.ts">
        <metrics statements="19" coveredstatements="19" conditionals="0" coveredconditionals="0" methods="8" coveredmethods="8"/>
        <line num="1" count="4" type="stmt"/>
        <line num="8" count="4" type="stmt"/>
        <line num="16" count="4" type="stmt"/>
        <line num="22" count="4" type="stmt"/>
        <line num="27" count="4" type="stmt"/>
        <line num="30" count="1" type="stmt"/>
        <line num="36" count="11" type="stmt"/>
        <line num="37" count="11" type="stmt"/>
        <line num="43" count="17" type="stmt"/>
        <line num="44" count="17" type="stmt"/>
        <line num="49" count="4" type="stmt"/>
        <line num="50" count="73" type="stmt"/>
        <line num="52" count="4" type="stmt"/>
        <line num="54" count="20" type="stmt"/>
        <line num="56" count="4" type="stmt"/>
        <line num="58" count="27" type="stmt"/>
        <line num="60" count="4" type="stmt"/>
        <line num="61" count="75" type="stmt"/>
        <line num="66" count="4" type="stmt"/>
      </file>
      <file name="userSlice.ts" path="/Users/kty/Documents/_dev/react/react-shadcn/src/redux/slices/userSlice.ts">
        <metrics statements="142" coveredstatements="142" conditionals="16" coveredconditionals="16" methods="66" coveredmethods="66"/>
        <line num="3" count="7" type="stmt"/>
        <line num="10" count="7" type="stmt"/>
        <line num="24" count="7" type="stmt"/>
        <line num="25" count="7" type="stmt"/>
        <line num="43" count="7" type="stmt"/>
        <line num="46" count="7" type="stmt"/>
        <line num="47" count="7" type="stmt"/>
        <line num="48" count="7" type="stmt"/>
        <line num="51" count="7" type="stmt"/>
        <line num="54" count="1" type="stmt"/>
        <line num="55" count="1" type="stmt"/>
        <line num="60" count="7" type="stmt"/>
        <line num="63" count="1" type="stmt"/>
        <line num="75" count="1" type="stmt"/>
        <line num="80" count="7" type="stmt"/>
        <line num="83" count="1" type="stmt"/>
        <line num="84" count="1" type="stmt"/>
        <line num="88" count="7" type="stmt"/>
        <line num="94" count="2" type="stmt"/>
        <line num="95" count="2" type="stmt"/>
        <line num="100" count="1" type="stmt"/>
        <line num="102" count="1" type="stmt"/>
        <line num="107" count="7" type="stmt"/>
        <line num="110" count="1" type="stmt"/>
        <line num="122" count="1" type="stmt"/>
        <line num="126" count="7" type="stmt"/>
        <line num="129" count="2" type="stmt"/>
        <line num="130" count="2" type="stmt"/>
        <line num="131" count="1" type="stmt"/>
        <line num="133" count="1" type="stmt"/>
        <line num="139" count="7" type="stmt"/>
        <line num="142" count="2" type="stmt"/>
        <line num="143" count="2" type="stmt"/>
        <line num="144" count="1" type="stmt"/>
        <line num="146" count="1" type="stmt"/>
        <line num="152" count="7" type="stmt"/>
        <line num="155" count="1" type="stmt"/>
        <line num="156" count="1" type="stmt"/>
        <line num="161" count="7" type="stmt"/>
        <line num="164" count="1" type="stmt"/>
        <line num="165" count="1" type="stmt"/>
        <line num="207" count="7" type="stmt"/>
        <line num="234" count="7" type="stmt"/>
        <line num="239" count="1" type="stmt"/>
        <line num="240" count="1" type="stmt"/>
        <line num="243" count="1" type="stmt"/>
        <line num="247" count="7" type="stmt"/>
        <line num="249" count="1" type="stmt"/>
        <line num="250" count="1" type="stmt"/>
        <line num="251" count="1" type="stmt"/>
        <line num="254" count="3" type="cond" truecount="2" falsecount="0"/>
        <line num="255" count="2" type="stmt"/>
        <line num="256" count="2" type="stmt"/>
        <line num="259" count="2" type="stmt"/>
        <line num="265" count="1" type="stmt"/>
        <line num="270" count="3" type="stmt"/>
        <line num="273" count="1" type="stmt"/>
        <line num="274" count="1" type="stmt"/>
        <line num="277" count="7" type="stmt"/>
        <line num="280" count="2" type="stmt"/>
        <line num="281" count="2" type="stmt"/>
        <line num="282" count="2" type="stmt"/>
        <line num="290" count="2" type="cond" truecount="2" falsecount="0"/>
        <line num="291" count="1" type="stmt"/>
        <line num="292" count="1" type="stmt"/>
        <line num="294" count="1" type="stmt"/>
        <line num="299" count="2" type="stmt"/>
        <line num="302" count="1" type="stmt"/>
        <line num="303" count="1" type="stmt"/>
        <line num="305" count="7" type="stmt"/>
        <line num="307" count="1" type="stmt"/>
        <line num="308" count="1" type="stmt"/>
        <line num="311" count="2" type="cond" truecount="2" falsecount="0"/>
        <line num="312" count="1" type="stmt"/>
        <line num="314" count="1" type="stmt"/>
        <line num="319" count="2" type="stmt"/>
        <line num="322" count="1" type="stmt"/>
        <line num="323" count="1" type="stmt"/>
        <line num="325" count="7" type="stmt"/>
        <line num="342" count="7" type="stmt"/>
        <line num="359" count="7" type="stmt"/>
        <line num="361" count="1" type="stmt"/>
        <line num="362" count="1" type="stmt"/>
        <line num="363" count="1" type="stmt"/>
        <line num="366" count="2" type="cond" truecount="2" falsecount="0"/>
        <line num="367" count="1" type="stmt"/>
        <line num="368" count="1" type="stmt"/>
        <line num="370" count="1" type="stmt"/>
        <line num="375" count="2" type="stmt"/>
        <line num="378" count="2" type="stmt"/>
        <line num="379" count="2" type="stmt"/>
        <line num="381" count="7" type="stmt"/>
        <line num="399" count="7" type="stmt"/>
        <line num="402" count="1" type="stmt"/>
        <line num="403" count="1" type="stmt"/>
        <line num="406" count="2" type="cond" truecount="2" falsecount="0"/>
        <line num="407" count="1" type="stmt"/>
        <line num="409" count="1" type="stmt"/>
        <line num="411" count="2" type="stmt"/>
        <line num="414" count="1" type="stmt"/>
        <line num="415" count="1" type="stmt"/>
        <line num="418" count="7" type="stmt"/>
        <line num="421" count="1" type="stmt"/>
        <line num="422" count="1" type="stmt"/>
        <line num="425" count="2" type="cond" truecount="2" falsecount="0"/>
        <line num="426" count="1" type="stmt"/>
        <line num="427" count="1" type="stmt"/>
        <line num="429" count="1" type="stmt"/>
        <line num="431" count="2" type="stmt"/>
        <line num="434" count="1" type="stmt"/>
        <line num="435" count="1" type="stmt"/>
        <line num="441" count="7" type="stmt"/>
        <line num="444" count="2960" type="stmt"/>
        <line num="446" count="7" type="stmt"/>
        <line num="448" count="16" type="stmt"/>
        <line num="449" count="16" type="stmt"/>
        <line num="453" count="238" type="stmt"/>
        <line num="454" count="238" type="stmt"/>
        <line num="458" count="166" type="stmt"/>
        <line num="459" count="166" type="stmt"/>
        <line num="463" count="238" type="stmt"/>
        <line num="464" count="238" type="stmt"/>
        <line num="468" count="40" type="stmt"/>
        <line num="469" count="40" type="stmt"/>
        <line num="474" count="40" type="stmt"/>
        <line num="475" count="40" type="stmt"/>
        <line num="478" count="166" type="stmt"/>
        <line num="479" count="166" type="stmt"/>
        <line num="483" count="43" type="stmt"/>
        <line num="484" count="43" type="stmt"/>
        <line num="488" count="43" type="stmt"/>
        <line num="489" count="43" type="stmt"/>
        <line num="494" count="82" type="stmt"/>
        <line num="495" count="82" type="stmt"/>
        <line num="498" count="7" type="stmt"/>
        <line num="500" count="1" type="stmt"/>
        <line num="501" count="1" type="stmt"/>
        <line num="505" count="238" type="stmt"/>
        <line num="506" count="238" type="stmt"/>
        <line num="510" count="1" type="stmt"/>
        <line num="511" count="1" type="stmt"/>
        <line num="515" count="7" type="stmt"/>
      </file>
    </package>
  </project>
</coverage>
