{"/Users/kty/Documents/_dev/react/react-shadcn/src/components/layout/Header.tsx": {"path":"/Users/kty/Documents/_dev/react/react-shadcn/src/components/layout/Header.tsx","statementMap":{"0":{"start":{"line":1,"column":0},"end":{"line":1,"column":33}},"1":{"start":{"line":2,"column":0},"end":{"line":2,"column":64}},"2":{"start":{"line":3,"column":0},"end":{"line":3,"column":60}},"3":{"start":{"line":4,"column":0},"end":{"line":4,"column":56}},"4":{"start":{"line":5,"column":0},"end":{"line":5,"column":42}},"5":{"start":{"line":6,"column":0},"end":{"line":6,"column":null}},"6":{"start":{"line":12,"column":0},"end":{"line":12,"column":48}},"7":{"start":{"line":13,"column":0},"end":{"line":13,"column":46}},"8":{"start":{"line":14,"column":0},"end":{"line":14,"column":33}},"9":{"start":{"line":15,"column":0},"end":{"line":15,"column":69}},"10":{"start":{"line":16,"column":0},"end":{"line":16,"column":65}},"11":{"start":{"line":26,"column":22},"end":{"line":102,"column":1}},"12":{"start":{"line":27,"column":20},"end":{"line":27,"column":65}},"13":{"start":{"line":28,"column":23},"end":{"line":28,"column":36}},"14":{"start":{"line":29,"column":34},"end":{"line":29,"column":49}},"15":{"start":{"line":32,"column":4},"end":{"line":42,"column":78}},"16":{"start":{"line":42,"column":21},"end":{"line":42,"column":53}},"17":{"start":{"line":44,"column":20},"end":{"line":46,"column":13}},"18":{"start":{"line":48,"column":2},"end":{"line":101,"column":4}},"19":{"start":{"line":26,"column":13},"end":{"line":26,"column":22}}},"fnMap":{"0":{"name":"(anonymous_0)","decl":{"start":{"line":26,"column":22},"end":{"line":26,"column":23}},"loc":{"start":{"line":26,"column":63},"end":{"line":102,"column":1}}},"1":{"name":"(anonymous_1)","decl":{"start":{"line":42,"column":11},"end":{"line":42,"column":12}},"loc":{"start":{"line":42,"column":21},"end":{"line":42,"column":53}}}},"branchMap":{"0":{"loc":{"start":{"line":32,"column":4},"end":{"line":42,"column":78}},"type":"binary-expr","locations":[{"start":{"line":32,"column":4},"end":{"line":42,"column":61}},{"start":{"line":42,"column":65},"end":{"line":42,"column":78}}]},"1":{"loc":{"start":{"line":44,"column":20},"end":{"line":46,"column":13}},"type":"cond-expr","locations":[{"start":{"line":45,"column":6},"end":{"line":45,"column":76}},{"start":{"line":46,"column":6},"end":{"line":46,"column":13}}]},"2":{"loc":{"start":{"line":45,"column":9},"end":{"line":45,"column":38}},"type":"binary-expr","locations":[{"start":{"line":45,"column":9},"end":{"line":45,"column":32}},{"start":{"line":45,"column":36},"end":{"line":45,"column":38}}]},"3":{"loc":{"start":{"line":45,"column":42},"end":{"line":45,"column":73}},"type":"binary-expr","locations":[{"start":{"line":45,"column":42},"end":{"line":45,"column":67}},{"start":{"line":45,"column":71},"end":{"line":45,"column":73}}]},"4":{"loc":{"start":{"line":61,"column":11},"end":{"line":68,"column":18}},"type":"cond-expr","locations":[{"start":{"line":62,"column":12},"end":{"line":66,"column":null}},{"start":{"line":68,"column":14},"end":{"line":68,"column":18}}]},"5":{"loc":{"start":{"line":78,"column":17},"end":{"line":81,"column":null}},"type":"cond-expr","locations":[{"start":{"line":79,"column":18},"end":{"line":79,"column":73}},{"start":{"line":81,"column":18},"end":{"line":81,"column":75}}]}},"s":{"0":2,"1":2,"2":2,"3":2,"4":2,"5":2,"6":2,"7":2,"8":2,"9":2,"10":2,"11":2,"12":15,"13":15,"14":15,"15":15,"16":37,"17":15,"18":15,"19":2},"f":{"0":15,"1":37},"b":{"0":[15,1],"1":[7,8],"2":[7,1],"3":[7,1],"4":[1,14],"5":[1,14]}}
,"/Users/kty/Documents/_dev/react/react-shadcn/src/components/layout/Layout.tsx": {"path":"/Users/kty/Documents/_dev/react/react-shadcn/src/components/layout/Layout.tsx","statementMap":{"0":{"start":{"line":2,"column":0},"end":{"line":2,"column":38}},"1":{"start":{"line":3,"column":0},"end":{"line":3,"column":34}},"2":{"start":{"line":4,"column":0},"end":{"line":4,"column":36}},"3":{"start":{"line":5,"column":0},"end":{"line":5,"column":null}},"4":{"start":{"line":14,"column":0},"end":{"line":14,"column":33}},"5":{"start":{"line":16,"column":0},"end":{"line":16,"column":55}},"6":{"start":{"line":17,"column":0},"end":{"line":17,"column":63}},"7":{"start":{"line":32,"column":22},"end":{"line":83,"column":1}},"8":{"start":{"line":41,"column":22},"end":{"line":41,"column":65}},"9":{"start":{"line":42,"column":32},"end":{"line":42,"column":45}},"10":{"start":{"line":55,"column":2},"end":{"line":82,"column":4}},"11":{"start":{"line":62,"column":28},"end":{"line":62,"column":64}},"12":{"start":{"line":32,"column":13},"end":{"line":32,"column":22}}},"fnMap":{"0":{"name":"(anonymous_0)","decl":{"start":{"line":32,"column":22},"end":{"line":32,"column":23}},"loc":{"start":{"line":40,"column":18},"end":{"line":83,"column":1}}},"1":{"name":"(anonymous_1)","decl":{"start":{"line":62,"column":22},"end":{"line":62,"column":25}},"loc":{"start":{"line":62,"column":28},"end":{"line":62,"column":64}}}},"branchMap":{"0":{"loc":{"start":{"line":58,"column":7},"end":{"line":64,"column":null}},"type":"binary-expr","locations":[{"start":{"line":58,"column":7},"end":{"line":58,"column":20}},{"start":{"line":59,"column":8},"end":{"line":63,"column":null}}]},"1":{"loc":{"start":{"line":70,"column":10},"end":{"line":74,"column":42}},"type":"cond-expr","locations":[{"start":{"line":71,"column":14},"end":{"line":71,"column":34}},{"start":{"line":72,"column":14},"end":{"line":74,"column":42}}]},"2":{"loc":{"start":{"line":72,"column":14},"end":{"line":74,"column":42}},"type":"cond-expr","locations":[{"start":{"line":73,"column":16},"end":{"line":73,"column":43}},{"start":{"line":74,"column":16},"end":{"line":74,"column":42}}]},"3":{"loc":{"start":{"line":77,"column":9},"end":{"line":77,"column":54}},"type":"binary-expr","locations":[{"start":{"line":77,"column":9},"end":{"line":77,"column":20}},{"start":{"line":77,"column":24},"end":{"line":77,"column":54}}]},"4":{"loc":{"start":{"line":78,"column":9},"end":{"line":78,"column":33}},"type":"binary-expr","locations":[{"start":{"line":78,"column":9},"end":{"line":78,"column":18}},{"start":{"line":78,"column":22},"end":{"line":78,"column":33}}]},"5":{"loc":{"start":{"line":79,"column":38},"end":{"line":79,"column":60}},"type":"binary-expr","locations":[{"start":{"line":79,"column":38},"end":{"line":79,"column":43}},{"start":{"line":79,"column":47},"end":{"line":79,"column":60}}]}},"s":{"0":1,"1":1,"2":1,"3":1,"4":1,"5":1,"6":1,"7":1,"8":7,"9":7,"10":7,"11":1,"12":1},"f":{"0":7,"1":1},"b":{"0":[7,6],"1":[1,6],"2":[1,5],"3":[7,6],"4":[7,6],"5":[7,1]}}
,"/Users/kty/Documents/_dev/react/react-shadcn/src/components/layout/SideMenu.tsx": {"path":"/Users/kty/Documents/_dev/react/react-shadcn/src/components/layout/SideMenu.tsx","statementMap":{"0":{"start":{"line":1,"column":0},"end":{"line":1,"column":34}},"1":{"start":{"line":2,"column":0},"end":{"line":2,"column":69}},"2":{"start":{"line":3,"column":0},"end":{"line":3,"column":null}},"3":{"start":{"line":15,"column":0},"end":{"line":15,"column":46}},"4":{"start":{"line":16,"column":0},"end":{"line":16,"column":33}},"5":{"start":{"line":17,"column":0},"end":{"line":17,"column":55}},"6":{"start":{"line":18,"column":0},"end":{"line":18,"column":63}},"7":{"start":{"line":38,"column":28},"end":{"line":86,"column":11}},"8":{"start":{"line":88,"column":24},"end":{"line":225,"column":1}},"9":{"start":{"line":89,"column":31},"end":{"line":89,"column":44}},"10":{"start":{"line":90,"column":32},"end":{"line":90,"column":45}},"11":{"start":{"line":91,"column":30},"end":{"line":91,"column":73}},"12":{"start":{"line":94,"column":2},"end":{"line":110,"column":56}},"13":{"start":{"line":95,"column":27},"end":{"line":97,"column":null}},"14":{"start":{"line":97,"column":8},"end":{"line":97,"column":78}},"15":{"start":{"line":100,"column":4},"end":{"line":109,"column":5}},"16":{"start":{"line":101,"column":26},"end":{"line":101,"column":48}},"17":{"start":{"line":102,"column":6},"end":{"line":102,"column":77}},"18":{"start":{"line":102,"column":70},"end":{"line":102,"column":77}},"19":{"start":{"line":103,"column":6},"end":{"line":108,"column":8}},"20":{"start":{"line":112,"column":2},"end":{"line":224,"column":4}},"21":{"start":{"line":191,"column":14},"end":{"line":191,"column":18}},"22":{"start":{"line":193,"column":12},"end":{"line":193,"column":75}},"23":{"start":{"line":195,"column":10},"end":{"line":220,"column":12}},"24":{"start":{"line":201,"column":16},"end":{"line":205,"column":null}},"25":{"start":{"line":88,"column":13},"end":{"line":88,"column":24}}},"fnMap":{"0":{"name":"(anonymous_0)","decl":{"start":{"line":88,"column":24},"end":{"line":88,"column":25}},"loc":{"start":{"line":88,"column":70},"end":{"line":225,"column":1}}},"1":{"name":"(anonymous_1)","decl":{"start":{"line":94,"column":12},"end":{"line":94,"column":15}},"loc":{"start":{"line":94,"column":17},"end":{"line":110,"column":3}}},"2":{"name":"(anonymous_2)","decl":{"start":{"line":96,"column":6},"end":{"line":96,"column":7}},"loc":{"start":{"line":97,"column":8},"end":{"line":97,"column":78}}},"3":{"name":"(anonymous_3)","decl":{"start":{"line":182,"column":22},"end":{"line":182,"column":23}},"loc":{"start":{"line":182,"column":31},"end":{"line":221,"column":9}}},"4":{"name":"(anonymous_4)","decl":{"start":{"line":200,"column":25},"end":{"line":200,"column":26}},"loc":{"start":{"line":201,"column":16},"end":{"line":205,"column":null}}}},"branchMap":{"0":{"loc":{"start":{"line":97,"column":8},"end":{"line":97,"column":78}},"type":"binary-expr","locations":[{"start":{"line":97,"column":8},"end":{"line":97,"column":27}},{"start":{"line":97,"column":31},"end":{"line":97,"column":42}},{"start":{"line":97,"column":46},"end":{"line":97,"column":78}}]},"1":{"loc":{"start":{"line":100,"column":4},"end":{"line":109,"column":5}},"type":"if","locations":[{"start":{"line":100,"column":4},"end":{"line":109,"column":5}},{"start":{},"end":{}}]},"2":{"loc":{"start":{"line":102,"column":6},"end":{"line":102,"column":77}},"type":"if","locations":[{"start":{"line":102,"column":6},"end":{"line":102,"column":77}},{"start":{},"end":{}}]},"3":{"loc":{"start":{"line":117,"column":8},"end":{"line":117,"column":53}},"type":"cond-expr","locations":[{"start":{"line":117,"column":20},"end":{"line":117,"column":35}},{"start":{"line":117,"column":38},"end":{"line":117,"column":53}}]},"4":{"loc":{"start":{"line":124,"column":11},"end":{"line":144,"column":null}},"type":"binary-expr","locations":[{"start":{"line":124,"column":11},"end":{"line":124,"column":21}},{"start":{"line":125,"column":12},"end":{"line":143,"column":null}}]},"5":{"loc":{"start":{"line":146,"column":11},"end":{"line":179,"column":null}},"type":"binary-expr","locations":[{"start":{"line":146,"column":11},"end":{"line":146,"column":20}},{"start":{"line":147,"column":12},"end":{"line":178,"column":null}}]},"6":{"loc":{"start":{"line":193,"column":12},"end":{"line":193,"column":75}},"type":"binary-expr","locations":[{"start":{"line":193,"column":13},"end":{"line":193,"column":27}},{"start":{"line":193,"column":31},"end":{"line":193,"column":37}},{"start":{"line":193,"column":41},"end":{"line":193,"column":68}},{"start":{"line":193,"column":73},"end":{"line":193,"column":75}}]},"7":{"loc":{"start":{"line":203,"column":18},"end":{"line":205,"column":82}},"type":"cond-expr","locations":[{"start":{"line":204,"column":22},"end":{"line":204,"column":192}},{"start":{"line":205,"column":22},"end":{"line":205,"column":82}}]},"8":{"loc":{"start":{"line":209,"column":15},"end":{"line":209,"column":73}},"type":"binary-expr","locations":[{"start":{"line":209,"column":15},"end":{"line":209,"column":19}},{"start":{"line":209,"column":23},"end":{"line":209,"column":73}}]},"9":{"loc":{"start":{"line":213,"column":18},"end":{"line":214,"column":73}},"type":"binary-expr","locations":[{"start":{"line":213,"column":18},"end":{"line":213,"column":27}},{"start":{"line":214,"column":20},"end":{"line":214,"column":73}}]},"10":{"loc":{"start":{"line":217,"column":17},"end":{"line":217,"column":51}},"type":"cond-expr","locations":[{"start":{"line":217,"column":29},"end":{"line":217,"column":43}},{"start":{"line":217,"column":46},"end":{"line":217,"column":51}}]}},"s":{"0":2,"1":2,"2":2,"3":2,"4":2,"5":2,"6":2,"7":2,"8":2,"9":23,"10":23,"11":23,"12":23,"13":22,"14":174,"15":22,"16":21,"17":21,"18":11,"19":10,"20":23,"21":184,"22":184,"23":184,"24":0,"25":2},"f":{"0":23,"1":22,"2":174,"3":184,"4":0},"b":{"0":[174,64,64],"1":[21,1],"2":[11,10],"3":[3,20],"4":[23,20],"5":[23,3],"6":[184,69,69,170],"7":[0,0],"8":[184,184],"9":[184,24],"10":[24,160]}}
,"/Users/kty/Documents/_dev/react/react-shadcn/src/components/layout/TabsBar.tsx": {"path":"/Users/kty/Documents/_dev/react/react-shadcn/src/components/layout/TabsBar.tsx","statementMap":{"0":{"start":{"line":1,"column":0},"end":{"line":1,"column":78}},"1":{"start":{"line":2,"column":0},"end":{"line":2,"column":67}},"2":{"start":{"line":3,"column":0},"end":{"line":3,"column":69}},"3":{"start":{"line":4,"column":0},"end":{"line":4,"column":46}},"4":{"start":{"line":5,"column":0},"end":{"line":5,"column":48}},"5":{"start":{"line":6,"column":0},"end":{"line":6,"column":55}},"6":{"start":{"line":7,"column":0},"end":{"line":7,"column":63}},"7":{"start":{"line":9,"column":0},"end":{"line":9,"column":33}},"8":{"start":{"line":10,"column":0},"end":{"line":10,"column":null}},"9":{"start":{"line":16,"column":0},"end":{"line":16,"column":38}},"10":{"start":{"line":17,"column":0},"end":{"line":17,"column":46}},"11":{"start":{"line":19,"column":16},"end":{"line":22,"column":2}},"12":{"start":{"line":24,"column":20},"end":{"line":32,"column":2}},"13":{"start":{"line":34,"column":23},"end":{"line":248,"column":1}},"14":{"start":{"line":35,"column":19},"end":{"line":35,"column":32}},"15":{"start":{"line":36,"column":31},"end":{"line":36,"column":39}},"16":{"start":{"line":37,"column":32},"end":{"line":37,"column":45}},"17":{"start":{"line":38,"column":26},"end":{"line":38,"column":65}},"18":{"start":{"line":39,"column":30},"end":{"line":39,"column":73}},"19":{"start":{"line":41,"column":23},"end":{"line":41,"column":58}},"20":{"start":{"line":42,"column":21},"end":{"line":42,"column":56}},"21":{"start":{"line":43,"column":36},"end":{"line":43,"column":74}},"22":{"start":{"line":47,"column":29},"end":{"line":47,"column":39}},"23":{"start":{"line":48,"column":36},"end":{"line":48,"column":71}},"24":{"start":{"line":50,"column":16},"end":{"line":54,"column":16}},"25":{"start":{"line":51,"column":4},"end":{"line":51,"column":49}},"26":{"start":{"line":51,"column":37},"end":{"line":51,"column":49}},"27":{"start":{"line":52,"column":4},"end":{"line":52,"column":57}},"28":{"start":{"line":52,"column":41},"end":{"line":52,"column":57}},"29":{"start":{"line":53,"column":4},"end":{"line":53,"column":18}},"30":{"start":{"line":56,"column":16},"end":{"line":60,"column":13}},"31":{"start":{"line":57,"column":4},"end":{"line":57,"column":39}},"32":{"start":{"line":57,"column":24},"end":{"line":57,"column":39}},"33":{"start":{"line":58,"column":4},"end":{"line":58,"column":47}},"34":{"start":{"line":58,"column":28},"end":{"line":58,"column":47}},"35":{"start":{"line":59,"column":4},"end":{"line":59,"column":14}},"36":{"start":{"line":62,"column":18},"end":{"line":63,"column":null}},"37":{"start":{"line":63,"column":11},"end":{"line":63,"column":63}},"38":{"start":{"line":66,"column":22},"end":{"line":69,"column":22}},"39":{"start":{"line":67,"column":4},"end":{"line":67,"column":27}},"40":{"start":{"line":67,"column":18},"end":{"line":67,"column":27}},"41":{"start":{"line":68,"column":4},"end":{"line":68,"column":61}},"42":{"start":{"line":68,"column":37},"end":{"line":68,"column":59}},"43":{"start":{"line":74,"column":2},"end":{"line":80,"column":20}},"44":{"start":{"line":75,"column":22},"end":{"line":75,"column":48}},"45":{"start":{"line":76,"column":4},"end":{"line":78,"column":5}},"46":{"start":{"line":77,"column":6},"end":{"line":77,"column":63}},"47":{"start":{"line":79,"column":4},"end":{"line":79,"column":45}},"48":{"start":{"line":82,"column":2},"end":{"line":89,"column":61}},"49":{"start":{"line":83,"column":4},"end":{"line":83,"column":25}},"50":{"start":{"line":83,"column":18},"end":{"line":83,"column":25}},"51":{"start":{"line":84,"column":24},"end":{"line":84,"column":46}},"52":{"start":{"line":85,"column":4},"end":{"line":85,"column":60}},"53":{"start":{"line":85,"column":53},"end":{"line":85,"column":60}},"54":{"start":{"line":86,"column":4},"end":{"line":88,"column":6}},"55":{"start":{"line":91,"column":42},"end":{"line":91,"column":64}},"56":{"start":{"line":93,"column":2},"end":{"line":130,"column":35}},"57":{"start":{"line":94,"column":31},"end":{"line":121,"column":5}},"58":{"start":{"line":95,"column":6},"end":{"line":95,"column":63}},"59":{"start":{"line":95,"column":56},"end":{"line":95,"column":63}},"60":{"start":{"line":97,"column":29},"end":{"line":97,"column":61}},"61":{"start":{"line":99,"column":8},"end":{"line":99,"column":78}},"62":{"start":{"line":100,"column":24},"end":{"line":100,"column":76}},"63":{"start":{"line":100,"column":59},"end":{"line":100,"column":75}},"64":{"start":{"line":101,"column":25},"end":{"line":101,"column":73}},"65":{"start":{"line":101,"column":58},"end":{"line":101,"column":69}},"66":{"start":{"line":103,"column":6},"end":{"line":106,"column":7}},"67":{"start":{"line":104,"column":8},"end":{"line":104,"column":38}},"68":{"start":{"line":105,"column":8},"end":{"line":105,"column":15}},"69":{"start":{"line":109,"column":8},"end":{"line":109,"column":59}},"70":{"start":{"line":110,"column":29},"end":{"line":110,"column":79}},"71":{"start":{"line":112,"column":18},"end":{"line":112,"column":19}},"72":{"start":{"line":113,"column":22},"end":{"line":113,"column":23}},"73":{"start":{"line":114,"column":6},"end":{"line":118,"column":7}},"74":{"start":{"line":115,"column":8},"end":{"line":115,"column":54}},"75":{"start":{"line":115,"column":48},"end":{"line":115,"column":54}},"76":{"start":{"line":116,"column":8},"end":{"line":116,"column":27}},"77":{"start":{"line":117,"column":8},"end":{"line":117,"column":16}},"78":{"start":{"line":120,"column":6},"end":{"line":120,"column":29}},"79":{"start":{"line":123,"column":27},"end":{"line":123,"column":65}},"80":{"start":{"line":124,"column":4},"end":{"line":124,"column":75}},"81":{"start":{"line":124,"column":30},"end":{"line":124,"column":75}},"82":{"start":{"line":125,"column":4},"end":{"line":125,"column":71}},"83":{"start":{"line":125,"column":28},"end":{"line":125,"column":71}},"84":{"start":{"line":127,"column":4},"end":{"line":127,"column":25}},"85":{"start":{"line":129,"column":4},"end":{"line":129,"column":45}},"86":{"start":{"line":129,"column":17},"end":{"line":129,"column":44}},"87":{"start":{"line":132,"column":22},"end":{"line":134,"column":null}},"88":{"start":{"line":133,"column":10},"end":{"line":133,"column":38}},"89":{"start":{"line":136,"column":23},"end":{"line":138,"column":null}},"90":{"start":{"line":137,"column":10},"end":{"line":137,"column":35}},"91":{"start":{"line":141,"column":2},"end":{"line":141,"column":39}},"92":{"start":{"line":141,"column":26},"end":{"line":141,"column":39}},"93":{"start":{"line":143,"column":17},"end":{"line":143,"column":51}},"94":{"start":{"line":145,"column":2},"end":{"line":247,"column":4}},"95":{"start":{"line":163,"column":16},"end":{"line":164,"column":null}},"96":{"start":{"line":183,"column":35},"end":{"line":183,"column":70}},"97":{"start":{"line":184,"column":16},"end":{"line":213,"column":18}},"98":{"start":{"line":226,"column":46},"end":{"line":226,"column":64}},"99":{"start":{"line":235,"column":35},"end":{"line":235,"column":70}},"100":{"start":{"line":236,"column":16},"end":{"line":240,"column":18}},"101":{"start":{"line":34,"column":13},"end":{"line":34,"column":23}}},"fnMap":{"0":{"name":"(anonymous_0)","decl":{"start":{"line":34,"column":23},"end":{"line":34,"column":24}},"loc":{"start":{"line":34,"column":65},"end":{"line":248,"column":1}}},"1":{"name":"(anonymous_1)","decl":{"start":{"line":50,"column":24},"end":{"line":50,"column":27}},"loc":{"start":{"line":50,"column":29},"end":{"line":54,"column":3}}},"2":{"name":"(anonymous_2)","decl":{"start":{"line":56,"column":24},"end":{"line":56,"column":27}},"loc":{"start":{"line":56,"column":29},"end":{"line":60,"column":3}}},"3":{"name":"(anonymous_3)","decl":{"start":{"line":63,"column":4},"end":{"line":63,"column":5}},"loc":{"start":{"line":63,"column":11},"end":{"line":63,"column":63}}},"4":{"name":"(anonymous_4)","decl":{"start":{"line":66,"column":30},"end":{"line":66,"column":33}},"loc":{"start":{"line":66,"column":35},"end":{"line":69,"column":3}}},"5":{"name":"(anonymous_5)","decl":{"start":{"line":68,"column":27},"end":{"line":68,"column":28}},"loc":{"start":{"line":68,"column":37},"end":{"line":68,"column":59}}},"6":{"name":"(anonymous_6)","decl":{"start":{"line":74,"column":12},"end":{"line":74,"column":15}},"loc":{"start":{"line":74,"column":17},"end":{"line":80,"column":3}}},"7":{"name":"(anonymous_7)","decl":{"start":{"line":82,"column":12},"end":{"line":82,"column":15}},"loc":{"start":{"line":82,"column":17},"end":{"line":89,"column":3}}},"8":{"name":"(anonymous_8)","decl":{"start":{"line":93,"column":18},"end":{"line":93,"column":21}},"loc":{"start":{"line":93,"column":23},"end":{"line":130,"column":3}}},"9":{"name":"(anonymous_9)","decl":{"start":{"line":94,"column":31},"end":{"line":94,"column":34}},"loc":{"start":{"line":94,"column":36},"end":{"line":121,"column":5}}},"10":{"name":"(anonymous_10)","decl":{"start":{"line":100,"column":49},"end":{"line":100,"column":50}},"loc":{"start":{"line":100,"column":59},"end":{"line":100,"column":75}}},"11":{"name":"(anonymous_11)","decl":{"start":{"line":101,"column":42},"end":{"line":101,"column":43}},"loc":{"start":{"line":101,"column":58},"end":{"line":101,"column":69}}},"12":{"name":"(anonymous_12)","decl":{"start":{"line":129,"column":11},"end":{"line":129,"column":14}},"loc":{"start":{"line":129,"column":17},"end":{"line":129,"column":44}}},"13":{"name":"(anonymous_13)","decl":{"start":{"line":133,"column":4},"end":{"line":133,"column":7}},"loc":{"start":{"line":133,"column":10},"end":{"line":133,"column":38}}},"14":{"name":"(anonymous_14)","decl":{"start":{"line":137,"column":4},"end":{"line":137,"column":7}},"loc":{"start":{"line":137,"column":10},"end":{"line":137,"column":35}}},"15":{"name":"(anonymous_15)","decl":{"start":{"line":162,"column":25},"end":{"line":162,"column":26}},"loc":{"start":{"line":163,"column":16},"end":{"line":164,"column":null}}},"16":{"name":"(anonymous_16)","decl":{"start":{"line":182,"column":31},"end":{"line":182,"column":32}},"loc":{"start":{"line":182,"column":40},"end":{"line":214,"column":15}}},"17":{"name":"(anonymous_17)","decl":{"start":{"line":226,"column":36},"end":{"line":226,"column":37}},"loc":{"start":{"line":226,"column":46},"end":{"line":226,"column":64}}},"18":{"name":"(anonymous_18)","decl":{"start":{"line":234,"column":32},"end":{"line":234,"column":33}},"loc":{"start":{"line":234,"column":41},"end":{"line":241,"column":15}}}},"branchMap":{"0":{"loc":{"start":{"line":51,"column":4},"end":{"line":51,"column":49}},"type":"if","locations":[{"start":{"line":51,"column":4},"end":{"line":51,"column":49}},{"start":{},"end":{}}]},"1":{"loc":{"start":{"line":52,"column":4},"end":{"line":52,"column":57}},"type":"if","locations":[{"start":{"line":52,"column":4},"end":{"line":52,"column":57}},{"start":{},"end":{}}]},"2":{"loc":{"start":{"line":57,"column":4},"end":{"line":57,"column":39}},"type":"if","locations":[{"start":{"line":57,"column":4},"end":{"line":57,"column":39}},{"start":{},"end":{}}]},"3":{"loc":{"start":{"line":58,"column":4},"end":{"line":58,"column":47}},"type":"if","locations":[{"start":{"line":58,"column":4},"end":{"line":58,"column":47}},{"start":{},"end":{}}]},"4":{"loc":{"start":{"line":63,"column":11},"end":{"line":63,"column":63}},"type":"binary-expr","locations":[{"start":{"line":63,"column":11},"end":{"line":63,"column":28}},{"start":{"line":63,"column":32},"end":{"line":63,"column":63}}]},"5":{"loc":{"start":{"line":67,"column":4},"end":{"line":67,"column":27}},"type":"if","locations":[{"start":{"line":67,"column":4},"end":{"line":67,"column":27}},{"start":{},"end":{}}]},"6":{"loc":{"start":{"line":76,"column":4},"end":{"line":78,"column":5}},"type":"if","locations":[{"start":{"line":76,"column":4},"end":{"line":78,"column":5}},{"start":{},"end":{}}]},"7":{"loc":{"start":{"line":76,"column":8},"end":{"line":76,"column":53}},"type":"binary-expr","locations":[{"start":{"line":76,"column":8},"end":{"line":76,"column":24}},{"start":{"line":76,"column":28},"end":{"line":76,"column":53}}]},"8":{"loc":{"start":{"line":77,"column":19},"end":{"line":77,"column":61}},"type":"cond-expr","locations":[{"start":{"line":77,"column":45},"end":{"line":77,"column":52}},{"start":{"line":77,"column":55},"end":{"line":77,"column":61}}]},"9":{"loc":{"start":{"line":83,"column":4},"end":{"line":83,"column":25}},"type":"if","locations":[{"start":{"line":83,"column":4},"end":{"line":83,"column":25}},{"start":{},"end":{}}]},"10":{"loc":{"start":{"line":85,"column":4},"end":{"line":85,"column":60}},"type":"if","locations":[{"start":{"line":85,"column":4},"end":{"line":85,"column":60}},{"start":{},"end":{}}]},"11":{"loc":{"start":{"line":95,"column":6},"end":{"line":95,"column":63}},"type":"if","locations":[{"start":{"line":95,"column":6},"end":{"line":95,"column":63}},{"start":{},"end":{}}]},"12":{"loc":{"start":{"line":95,"column":10},"end":{"line":95,"column":54}},"type":"binary-expr","locations":[{"start":{"line":95,"column":10},"end":{"line":95,"column":31}},{"start":{"line":95,"column":35},"end":{"line":95,"column":54}}]},"13":{"loc":{"start":{"line":103,"column":6},"end":{"line":106,"column":7}},"type":"if","locations":[{"start":{"line":103,"column":6},"end":{"line":106,"column":7}},{"start":{},"end":{}}]},"14":{"loc":{"start":{"line":109,"column":8},"end":{"line":109,"column":59}},"type":"binary-expr","locations":[{"start":{"line":109,"column":8},"end":{"line":109,"column":54}},{"start":{"line":109,"column":58},"end":{"line":109,"column":59}}]},"15":{"loc":{"start":{"line":115,"column":8},"end":{"line":115,"column":54}},"type":"if","locations":[{"start":{"line":115,"column":8},"end":{"line":115,"column":54}},{"start":{},"end":{}}]},"16":{"loc":{"start":{"line":124,"column":4},"end":{"line":124,"column":75}},"type":"if","locations":[{"start":{"line":124,"column":4},"end":{"line":124,"column":75}},{"start":{},"end":{}}]},"17":{"loc":{"start":{"line":125,"column":4},"end":{"line":125,"column":71}},"type":"if","locations":[{"start":{"line":125,"column":4},"end":{"line":125,"column":71}},{"start":{},"end":{}}]},"18":{"loc":{"start":{"line":141,"column":2},"end":{"line":141,"column":39}},"type":"if","locations":[{"start":{"line":141,"column":2},"end":{"line":141,"column":39}},{"start":{},"end":{}}]},"19":{"loc":{"start":{"line":143,"column":17},"end":{"line":143,"column":51}},"type":"cond-expr","locations":[{"start":{"line":143,"column":27},"end":{"line":143,"column":37}},{"start":{"line":143,"column":40},"end":{"line":143,"column":51}}]},"20":{"loc":{"start":{"line":183,"column":35},"end":{"line":183,"column":70}},"type":"binary-expr","locations":[{"start":{"line":183,"column":35},"end":{"line":183,"column":59}},{"start":{"line":183,"column":63},"end":{"line":183,"column":70}}]},"21":{"loc":{"start":{"line":196,"column":23},"end":{"line":209,"column":null}},"type":"binary-expr","locations":[{"start":{"line":196,"column":23},"end":{"line":196,"column":41}},{"start":{"line":197,"column":24},"end":{"line":198,"column":null}}]},"22":{"loc":{"start":{"line":202,"column":28},"end":{"line":204,"column":71}},"type":"cond-expr","locations":[{"start":{"line":203,"column":32},"end":{"line":203,"column":69}},{"start":{"line":204,"column":32},"end":{"line":204,"column":71}}]},"23":{"loc":{"start":{"line":219,"column":9},"end":{"line":243,"column":null}},"type":"binary-expr","locations":[{"start":{"line":219,"column":9},"end":{"line":219,"column":32}},{"start":{"line":220,"column":10},"end":{"line":242,"column":null}}]},"24":{"loc":{"start":{"line":226,"column":18},"end":{"line":227,"column":76}},"type":"binary-expr","locations":[{"start":{"line":226,"column":18},"end":{"line":226,"column":65}},{"start":{"line":227,"column":20},"end":{"line":227,"column":76}}]},"25":{"loc":{"start":{"line":235,"column":35},"end":{"line":235,"column":70}},"type":"binary-expr","locations":[{"start":{"line":235,"column":35},"end":{"line":235,"column":59}},{"start":{"line":235,"column":63},"end":{"line":235,"column":70}}]}},"s":{"0":2,"1":2,"2":2,"3":2,"4":2,"5":2,"6":2,"7":2,"8":2,"9":2,"10":2,"11":2,"12":2,"13":2,"14":40,"15":40,"16":40,"17":40,"18":40,"19":40,"20":40,"21":40,"22":40,"23":40,"24":40,"25":19,"26":1,"27":18,"28":17,"29":1,"30":40,"31":17,"32":1,"33":16,"34":15,"35":1,"36":40,"37":85,"38":40,"39":19,"40":2,"41":17,"42":33,"43":40,"44":19,"45":19,"46":2,"47":19,"48":40,"49":33,"50":2,"51":31,"52":31,"53":17,"54":14,"55":40,"56":40,"57":18,"58":22,"59":1,"60":21,"61":21,"62":21,"63":0,"64":21,"65":0,"66":21,"67":21,"68":21,"69":0,"70":0,"71":0,"72":0,"73":0,"74":0,"75":0,"76":0,"77":0,"78":0,"79":18,"80":18,"81":17,"82":18,"83":17,"84":18,"85":18,"86":18,"87":40,"88":17,"89":40,"90":17,"91":40,"92":1,"93":39,"94":39,"95":263,"96":263,"97":263,"98":0,"99":0,"100":0,"101":2},"f":{"0":40,"1":19,"2":17,"3":85,"4":19,"5":33,"6":19,"7":33,"8":18,"9":22,"10":0,"11":0,"12":18,"13":17,"14":17,"15":263,"16":263,"17":0,"18":0},"b":{"0":[1,18],"1":[17,1],"2":[1,16],"3":[15,1],"4":[85,49],"5":[2,17],"6":[2,17],"7":[19,2],"8":[1,1],"9":[2,31],"10":[17,14],"11":[1,21],"12":[22,21],"13":[21,0],"14":[0,0],"15":[0,0],"16":[17,1],"17":[17,1],"18":[1,39],"19":[38,1],"20":[263,230],"21":[263,39],"22":[38,1],"23":[39,0],"24":[0,0],"25":[0,0]}}
,"/Users/kty/Documents/_dev/react/react-shadcn/src/pages/CenterCreate.tsx": {"path":"/Users/kty/Documents/_dev/react/react-shadcn/src/pages/CenterCreate.tsx","statementMap":{"0":{"start":{"line":1,"column":0},"end":{"line":1,"column":97}},"1":{"start":{"line":2,"column":0},"end":{"line":2,"column":58}},"2":{"start":{"line":4,"column":21},"end":{"line":15,"column":null}},"3":{"start":{"line":5,"column":2},"end":{"line":14,"column":null}},"4":{"start":{"line":19,"column":9},"end":{"line":19,"column":21}},"5":{"start":{"line":18,"column":0},"end":{"line":18,"column":28}}},"fnMap":{"0":{"name":"(anonymous_0)","decl":{"start":{"line":4,"column":21},"end":{"line":4,"column":24}},"loc":{"start":{"line":5,"column":2},"end":{"line":14,"column":null}}}},"branchMap":{},"s":{"0":1,"1":1,"2":1,"3":1,"4":1,"5":1},"f":{"0":1},"b":{}}
,"/Users/kty/Documents/_dev/react/react-shadcn/src/pages/CenterEdit.tsx": {"path":"/Users/kty/Documents/_dev/react/react-shadcn/src/pages/CenterEdit.tsx","statementMap":{"0":{"start":{"line":1,"column":0},"end":{"line":1,"column":42}},"1":{"start":{"line":2,"column":0},"end":{"line":2,"column":54}},"2":{"start":{"line":3,"column":0},"end":{"line":3,"column":97}},"3":{"start":{"line":4,"column":0},"end":{"line":4,"column":58}},"4":{"start":{"line":5,"column":0},"end":{"line":5,"column":46}},"5":{"start":{"line":6,"column":0},"end":{"line":6,"column":46}},"6":{"start":{"line":7,"column":0},"end":{"line":7,"column":null}},"7":{"start":{"line":15,"column":0},"end":{"line":15,"column":46}},"8":{"start":{"line":16,"column":0},"end":{"line":16,"column":48}},"9":{"start":{"line":17,"column":0},"end":{"line":17,"column":52}},"10":{"start":{"line":18,"column":0},"end":{"line":18,"column":60}},"11":{"start":{"line":19,"column":0},"end":{"line":19,"column":46}},"12":{"start":{"line":20,"column":0},"end":{"line":20,"column":null}},"13":{"start":{"line":30,"column":0},"end":{"line":30,"column":74}},"14":{"start":{"line":31,"column":0},"end":{"line":31,"column":47}},"15":{"start":{"line":33,"column":20},"end":{"line":37,"column":2}},"16":{"start":{"line":47,"column":19},"end":{"line":321,"column":1}},"17":{"start":{"line":48,"column":24},"end":{"line":48,"column":58}},"18":{"start":{"line":49,"column":19},"end":{"line":49,"column":32}},"19":{"start":{"line":51,"column":17},"end":{"line":51,"column":90}},"20":{"start":{"line":51,"column":31},"end":{"line":51,"column":76}},"21":{"start":{"line":51,"column":55},"end":{"line":51,"column":75}},"22":{"start":{"line":52,"column":32},"end":{"line":63,"column":4}},"23":{"start":{"line":64,"column":36},"end":{"line":64,"column":51}},"24":{"start":{"line":65,"column":36},"end":{"line":65,"column":48}},"25":{"start":{"line":66,"column":32},"end":{"line":66,"column":44}},"26":{"start":{"line":67,"column":32},"end":{"line":67,"column":48}},"27":{"start":{"line":69,"column":2},"end":{"line":320,"column":4}},"28":{"start":{"line":79,"column":29},"end":{"line":79,"column":41}},"29":{"start":{"line":93,"column":31},"end":{"line":93,"column":61}},"30":{"start":{"line":155,"column":16},"end":{"line":155,"column":38}},"31":{"start":{"line":177,"column":41},"end":{"line":177,"column":50}},"32":{"start":{"line":177,"column":63},"end":{"line":177,"column":113}},"33":{"start":{"line":197,"column":39},"end":{"line":197,"column":67}},"34":{"start":{"line":205,"column":39},"end":{"line":205,"column":65}},"35":{"start":{"line":215,"column":24},"end":{"line":224,"column":27}},"36":{"start":{"line":215,"column":45},"end":{"line":224,"column":26}},"37":{"start":{"line":225,"column":24},"end":{"line":225,"column":52}},"38":{"start":{"line":226,"column":24},"end":{"line":226,"column":41}},"39":{"start":{"line":227,"column":24},"end":{"line":227,"column":39}},"40":{"start":{"line":228,"column":24},"end":{"line":228,"column":43}},"41":{"start":{"line":252,"column":18},"end":{"line":252,"column":null}},"42":{"start":{"line":267,"column":26},"end":{"line":268,"column":null}},"43":{"start":{"line":268,"column":28},"end":{"line":268,"column":93}},"44":{"start":{"line":268,"column":44},"end":{"line":268,"column":92}},"45":{"start":{"line":284,"column":28},"end":{"line":284,"column":84}},"46":{"start":{"line":284,"column":49},"end":{"line":284,"column":82}},"47":{"start":{"line":284,"column":68},"end":{"line":284,"column":81}},"48":{"start":{"line":285,"column":28},"end":{"line":285,"column":55}},"49":{"start":{"line":312,"column":16},"end":{"line":312,"column":59}},"50":{"start":{"line":313,"column":16},"end":{"line":313,"column":47}},"51":{"start":{"line":324,"column":9},"end":{"line":324,"column":19}},"52":{"start":{"line":323,"column":0},"end":{"line":323,"column":26}}},"fnMap":{"0":{"name":"(anonymous_0)","decl":{"start":{"line":47,"column":19},"end":{"line":47,"column":22}},"loc":{"start":{"line":47,"column":24},"end":{"line":321,"column":1}}},"1":{"name":"(anonymous_1)","decl":{"start":{"line":51,"column":25},"end":{"line":51,"column":28}},"loc":{"start":{"line":51,"column":31},"end":{"line":51,"column":76}}},"2":{"name":"(anonymous_2)","decl":{"start":{"line":51,"column":48},"end":{"line":51,"column":49}},"loc":{"start":{"line":51,"column":55},"end":{"line":51,"column":75}}},"3":{"name":"(anonymous_3)","decl":{"start":{"line":79,"column":23},"end":{"line":79,"column":26}},"loc":{"start":{"line":79,"column":29},"end":{"line":79,"column":41}}},"4":{"name":"(anonymous_4)","decl":{"start":{"line":93,"column":25},"end":{"line":93,"column":28}},"loc":{"start":{"line":93,"column":31},"end":{"line":93,"column":61}}},"5":{"name":"(anonymous_5)","decl":{"start":{"line":154,"column":20},"end":{"line":154,"column":21}},"loc":{"start":{"line":155,"column":16},"end":{"line":155,"column":38}}},"6":{"name":"(anonymous_6)","decl":{"start":{"line":177,"column":34},"end":{"line":177,"column":35}},"loc":{"start":{"line":177,"column":41},"end":{"line":177,"column":50}}},"7":{"name":"(anonymous_7)","decl":{"start":{"line":177,"column":56},"end":{"line":177,"column":57}},"loc":{"start":{"line":177,"column":63},"end":{"line":177,"column":113}}},"8":{"name":"(anonymous_8)","decl":{"start":{"line":197,"column":32},"end":{"line":197,"column":33}},"loc":{"start":{"line":197,"column":39},"end":{"line":197,"column":67}}},"9":{"name":"(anonymous_9)","decl":{"start":{"line":205,"column":32},"end":{"line":205,"column":33}},"loc":{"start":{"line":205,"column":39},"end":{"line":205,"column":65}}},"10":{"name":"(anonymous_10)","decl":{"start":{"line":214,"column":31},"end":{"line":214,"column":34}},"loc":{"start":{"line":214,"column":36},"end":{"line":229,"column":23}}},"11":{"name":"(anonymous_11)","decl":{"start":{"line":215,"column":35},"end":{"line":215,"column":36}},"loc":{"start":{"line":215,"column":45},"end":{"line":224,"column":26}}},"12":{"name":"(anonymous_12)","decl":{"start":{"line":251,"column":29},"end":{"line":251,"column":30}},"loc":{"start":{"line":252,"column":18},"end":{"line":252,"column":null}}},"13":{"name":"(anonymous_13)","decl":{"start":{"line":266,"column":41},"end":{"line":266,"column":42}},"loc":{"start":{"line":267,"column":26},"end":{"line":268,"column":null}}},"14":{"name":"(anonymous_14)","decl":{"start":{"line":267,"column":37},"end":{"line":267,"column":38}},"loc":{"start":{"line":268,"column":28},"end":{"line":268,"column":93}}},"15":{"name":"(anonymous_15)","decl":{"start":{"line":268,"column":37},"end":{"line":268,"column":38}},"loc":{"start":{"line":268,"column":44},"end":{"line":268,"column":92}}},"16":{"name":"(anonymous_16)","decl":{"start":{"line":283,"column":36},"end":{"line":283,"column":41}},"loc":{"start":{"line":283,"column":47},"end":{"line":286,"column":27}}},"17":{"name":"(anonymous_17)","decl":{"start":{"line":284,"column":39},"end":{"line":284,"column":40}},"loc":{"start":{"line":284,"column":49},"end":{"line":284,"column":82}}},"18":{"name":"(anonymous_18)","decl":{"start":{"line":284,"column":61},"end":{"line":284,"column":62}},"loc":{"start":{"line":284,"column":68},"end":{"line":284,"column":81}}},"19":{"name":"(anonymous_19)","decl":{"start":{"line":311,"column":24},"end":{"line":311,"column":29}},"loc":{"start":{"line":311,"column":35},"end":{"line":314,"column":15}}}},"branchMap":{"0":{"loc":{"start":{"line":86,"column":53},"end":{"line":86,"column":77}},"type":"binary-expr","locations":[{"start":{"line":86,"column":53},"end":{"line":86,"column":65}},{"start":{"line":86,"column":69},"end":{"line":86,"column":77}}]},"1":{"loc":{"start":{"line":101,"column":47},"end":{"line":101,"column":79}},"type":"binary-expr","locations":[{"start":{"line":101,"column":47},"end":{"line":101,"column":59}},{"start":{"line":101,"column":63},"end":{"line":101,"column":72}},{"start":{"line":101,"column":76},"end":{"line":101,"column":79}}]},"2":{"loc":{"start":{"line":102,"column":13},"end":{"line":103,"column":null}},"type":"binary-expr","locations":[{"start":{"line":102,"column":13},"end":{"line":102,"column":25}},{"start":{"line":103,"column":14},"end":{"line":103,"column":106}}]},"3":{"loc":{"start":{"line":119,"column":39},"end":{"line":119,"column":70}},"type":"binary-expr","locations":[{"start":{"line":119,"column":39},"end":{"line":119,"column":51}},{"start":{"line":119,"column":55},"end":{"line":119,"column":64}},{"start":{"line":119,"column":68},"end":{"line":119,"column":70}}]},"4":{"loc":{"start":{"line":123,"column":37},"end":{"line":123,"column":55}},"type":"binary-expr","locations":[{"start":{"line":123,"column":37},"end":{"line":123,"column":49}},{"start":{"line":123,"column":53},"end":{"line":123,"column":55}}]},"5":{"loc":{"start":{"line":127,"column":37},"end":{"line":127,"column":55}},"type":"binary-expr","locations":[{"start":{"line":127,"column":37},"end":{"line":127,"column":49}},{"start":{"line":127,"column":53},"end":{"line":127,"column":55}}]},"6":{"loc":{"start":{"line":131,"column":37},"end":{"line":131,"column":55}},"type":"binary-expr","locations":[{"start":{"line":131,"column":37},"end":{"line":131,"column":49}},{"start":{"line":131,"column":53},"end":{"line":131,"column":55}}]},"7":{"loc":{"start":{"line":158,"column":19},"end":{"line":158,"column":92}},"type":"binary-expr","locations":[{"start":{"line":158,"column":19},"end":{"line":158,"column":28}},{"start":{"line":158,"column":32},"end":{"line":158,"column":92}}]},"8":{"loc":{"start":{"line":177,"column":19},"end":{"line":177,"column":133}},"type":"binary-expr","locations":[{"start":{"line":177,"column":19},"end":{"line":177,"column":124}},{"start":{"line":177,"column":128},"end":{"line":177,"column":133}}]},"9":{"loc":{"start":{"line":177,"column":63},"end":{"line":177,"column":113}},"type":"cond-expr","locations":[{"start":{"line":177,"column":88},"end":{"line":177,"column":104}},{"start":{"line":177,"column":107},"end":{"line":177,"column":113}}]},"10":{"loc":{"start":{"line":213,"column":32},"end":{"line":213,"column":54}},"type":"binary-expr","locations":[{"start":{"line":213,"column":32},"end":{"line":213,"column":42}},{"start":{"line":213,"column":46},"end":{"line":213,"column":54}}]},"11":{"loc":{"start":{"line":257,"column":25},"end":{"line":258,"column":null}},"type":"binary-expr","locations":[{"start":{"line":257,"column":25},"end":{"line":257,"column":47}},{"start":{"line":258,"column":26},"end":{"line":258,"column":91}}]},"12":{"loc":{"start":{"line":268,"column":44},"end":{"line":268,"column":92}},"type":"cond-expr","locations":[{"start":{"line":268,"column":60},"end":{"line":268,"column":88}},{"start":{"line":268,"column":91},"end":{"line":268,"column":92}}]},"13":{"loc":{"start":{"line":274,"column":23},"end":{"line":287,"column":null}},"type":"binary-expr","locations":[{"start":{"line":274,"column":23},"end":{"line":274,"column":45}},{"start":{"line":275,"column":24},"end":{"line":286,"column":null}}]},"14":{"loc":{"start":{"line":309,"column":19},"end":{"line":309,"column":43}},"type":"binary-expr","locations":[{"start":{"line":309,"column":19},"end":{"line":309,"column":31}},{"start":{"line":309,"column":35},"end":{"line":309,"column":43}}]},"15":{"loc":{"start":{"line":312,"column":25},"end":{"line":312,"column":47}},"type":"binary-expr","locations":[{"start":{"line":312,"column":25},"end":{"line":312,"column":37}},{"start":{"line":312,"column":41},"end":{"line":312,"column":47}}]}},"s":{"0":1,"1":1,"2":1,"3":1,"4":1,"5":1,"6":1,"7":1,"8":1,"9":1,"10":1,"11":1,"12":1,"13":1,"14":1,"15":1,"16":1,"17":28,"18":28,"19":28,"20":11,"21":17,"22":28,"23":28,"24":28,"25":28,"26":28,"27":28,"28":1,"29":1,"30":140,"31":280,"32":28,"33":4,"34":8,"35":1,"36":1,"37":1,"38":1,"39":1,"40":1,"41":280,"42":2,"43":2,"44":20,"45":1,"46":1,"47":10,"48":1,"49":2,"50":2,"51":1,"52":1},"f":{"0":28,"1":11,"2":17,"3":1,"4":1,"5":140,"6":280,"7":28,"8":4,"9":8,"10":1,"11":1,"12":280,"13":2,"14":2,"15":20,"16":1,"17":1,"18":10,"19":2},"b":{"0":[28,3],"1":[28,3,1],"2":[28,25],"3":[28,3,1],"4":[28,3],"5":[28,3],"6":[28,3],"7":[140,112],"8":[28,1],"9":[1,27],"10":[28,12],"11":[280,112],"12":[2,18],"13":[280,112],"14":[28,3],"15":[2,1]}}
,"/Users/kty/Documents/_dev/react/react-shadcn/src/pages/CenterManage.tsx": {"path":"/Users/kty/Documents/_dev/react/react-shadcn/src/pages/CenterManage.tsx","statementMap":{"0":{"start":{"line":1,"column":0},"end":{"line":1,"column":42}},"1":{"start":{"line":2,"column":0},"end":{"line":2,"column":null}},"2":{"start":{"line":9,"column":0},"end":{"line":9,"column":46}},"3":{"start":{"line":10,"column":0},"end":{"line":10,"column":46}},"4":{"start":{"line":11,"column":0},"end":{"line":11,"column":48}},"5":{"start":{"line":12,"column":0},"end":{"line":12,"column":null}},"6":{"start":{"line":20,"column":0},"end":{"line":20,"column":46}},"7":{"start":{"line":21,"column":0},"end":{"line":21,"column":58}},"8":{"start":{"line":22,"column":0},"end":{"line":22,"column":43}},"9":{"start":{"line":23,"column":0},"end":{"line":23,"column":46}},"10":{"start":{"line":33,"column":30},"end":{"line":37,"column":2}},"11":{"start":{"line":39,"column":21},"end":{"line":136,"column":1}},"12":{"start":{"line":40,"column":32},"end":{"line":40,"column":44}},"13":{"start":{"line":41,"column":34},"end":{"line":41,"column":49}},"14":{"start":{"line":42,"column":19},"end":{"line":42,"column":32}},"15":{"start":{"line":44,"column":19},"end":{"line":52,"column":null}},"16":{"start":{"line":46,"column":6},"end":{"line":50,"column":null}},"17":{"start":{"line":48,"column":10},"end":{"line":50,"column":45}},"18":{"start":{"line":55,"column":2},"end":{"line":135,"column":4}},"19":{"start":{"line":70,"column":37},"end":{"line":70,"column":63}},"20":{"start":{"line":78,"column":60},"end":{"line":78,"column":77}},"21":{"start":{"line":104,"column":22},"end":{"line":104,"column":null}},"22":{"start":{"line":116,"column":30},"end":{"line":116,"column":88}},"23":{"start":{"line":139,"column":9},"end":{"line":139,"column":21}},"24":{"start":{"line":138,"column":0},"end":{"line":138,"column":28}}},"fnMap":{"0":{"name":"(anonymous_0)","decl":{"start":{"line":39,"column":21},"end":{"line":39,"column":24}},"loc":{"start":{"line":39,"column":26},"end":{"line":136,"column":1}}},"1":{"name":"(anonymous_1)","decl":{"start":{"line":45,"column":4},"end":{"line":45,"column":7}},"loc":{"start":{"line":46,"column":6},"end":{"line":50,"column":null}}},"2":{"name":"(anonymous_2)","decl":{"start":{"line":47,"column":8},"end":{"line":47,"column":9}},"loc":{"start":{"line":48,"column":10},"end":{"line":50,"column":45}}},"3":{"name":"(anonymous_3)","decl":{"start":{"line":70,"column":30},"end":{"line":70,"column":31}},"loc":{"start":{"line":70,"column":37},"end":{"line":70,"column":63}}},"4":{"name":"(anonymous_4)","decl":{"start":{"line":78,"column":54},"end":{"line":78,"column":57}},"loc":{"start":{"line":78,"column":60},"end":{"line":78,"column":77}}},"5":{"name":"(anonymous_5)","decl":{"start":{"line":103,"column":34},"end":{"line":103,"column":35}},"loc":{"start":{"line":104,"column":22},"end":{"line":104,"column":null}}},"6":{"name":"(anonymous_6)","decl":{"start":{"line":115,"column":37},"end":{"line":115,"column":40}},"loc":{"start":{"line":116,"column":30},"end":{"line":116,"column":88}}}},"branchMap":{"0":{"loc":{"start":{"line":48,"column":10},"end":{"line":50,"column":45}},"type":"binary-expr","locations":[{"start":{"line":48,"column":10},"end":{"line":48,"column":34}},{"start":{"line":49,"column":10},"end":{"line":49,"column":34}},{"start":{"line":50,"column":10},"end":{"line":50,"column":45}}]},"1":{"loc":{"start":{"line":84,"column":15},"end":{"line":129,"column":null}},"type":"cond-expr","locations":[{"start":{"line":85,"column":16},"end":{"line":124,"column":null}},{"start":{"line":127,"column":16},"end":{"line":127,"column":null}}]},"2":{"loc":{"start":{"line":96,"column":21},"end":{"line":101,"column":null}},"type":"binary-expr","locations":[{"start":{"line":96,"column":21},"end":{"line":96,"column":42}},{"start":{"line":97,"column":22},"end":{"line":100,"column":null}}]}},"s":{"0":1,"1":1,"2":1,"3":1,"4":1,"5":1,"6":1,"7":1,"8":1,"9":1,"10":1,"11":1,"12":16,"13":16,"14":16,"15":16,"16":12,"17":36,"18":16,"19":7,"20":4,"21":7,"22":1,"23":1,"24":1},"f":{"0":16,"1":12,"2":36,"3":7,"4":4,"5":7,"6":1},"b":{"0":[36,19,19],"1":[4,12],"2":[4,1]}}
,"/Users/kty/Documents/_dev/react/react-shadcn/src/pages/CenterTabsShell.tsx": {"path":"/Users/kty/Documents/_dev/react/react-shadcn/src/pages/CenterTabsShell.tsx","statementMap":{"0":{"start":{"line":1,"column":0},"end":{"line":1,"column":72}},"1":{"start":{"line":2,"column":0},"end":{"line":2,"column":46}},"2":{"start":{"line":12,"column":13},"end":{"line":15,"column":11}},"3":{"start":{"line":17,"column":31},"end":{"line":20,"column":null}},"4":{"start":{"line":18,"column":2},"end":{"line":19,"column":null}},"5":{"start":{"line":17,"column":13},"end":{"line":17,"column":31}}},"fnMap":{"0":{"name":"(anonymous_0)","decl":{"start":{"line":17,"column":31},"end":{"line":17,"column":32}},"loc":{"start":{"line":18,"column":2},"end":{"line":19,"column":null}}}},"branchMap":{},"s":{"0":1,"1":1,"2":1,"3":1,"4":2,"5":1},"f":{"0":2},"b":{}}
,"/Users/kty/Documents/_dev/react/react-shadcn/src/pages/UserCreate.tsx": {"path":"/Users/kty/Documents/_dev/react/react-shadcn/src/pages/UserCreate.tsx","statementMap":{"0":{"start":{"line":2,"column":0},"end":{"line":2,"column":54}},"1":{"start":{"line":3,"column":0},"end":{"line":3,"column":77}},"2":{"start":{"line":4,"column":0},"end":{"line":4,"column":48}},"3":{"start":{"line":5,"column":0},"end":{"line":5,"column":57}},"4":{"start":{"line":6,"column":0},"end":{"line":6,"column":80}},"5":{"start":{"line":7,"column":0},"end":{"line":7,"column":null}},"6":{"start":{"line":13,"column":0},"end":{"line":13,"column":46}},"7":{"start":{"line":14,"column":0},"end":{"line":14,"column":73}},"8":{"start":{"line":15,"column":0},"end":{"line":15,"column":47}},"9":{"start":{"line":16,"column":0},"end":{"line":16,"column":null}},"10":{"start":{"line":24,"column":0},"end":{"line":24,"column":33}},"11":{"start":{"line":25,"column":0},"end":{"line":25,"column":70}},"12":{"start":{"line":26,"column":0},"end":{"line":26,"column":68}},"13":{"start":{"line":27,"column":0},"end":{"line":27,"column":null}},"14":{"start":{"line":33,"column":0},"end":{"line":33,"column":33}},"15":{"start":{"line":34,"column":0},"end":{"line":34,"column":55}},"16":{"start":{"line":43,"column":23},"end":{"line":43,"column":25}},"17":{"start":{"line":44,"column":21},"end":{"line":44,"column":24}},"18":{"start":{"line":45,"column":24},"end":{"line":45,"column":27}},"19":{"start":{"line":46,"column":22},"end":{"line":46,"column":25}},"20":{"start":{"line":48,"column":19},"end":{"line":52,"column":11}},"21":{"start":{"line":72,"column":26},"end":{"line":400,"column":1}},"22":{"start":{"line":73,"column":32},"end":{"line":73,"column":45}},"23":{"start":{"line":74,"column":15},"end":{"line":74,"column":61}},"24":{"start":{"line":75,"column":26},"end":{"line":76,"column":null}},"25":{"start":{"line":78,"column":21},"end":{"line":80,"column":15}},"26":{"start":{"line":82,"column":46},"end":{"line":83,"column":null}},"27":{"start":{"line":86,"column":52},"end":{"line":87,"column":null}},"28":{"start":{"line":90,"column":52},"end":{"line":91,"column":null}},"29":{"start":{"line":96,"column":42},"end":{"line":97,"column":null}},"30":{"start":{"line":100,"column":48},"end":{"line":101,"column":null}},"31":{"start":{"line":103,"column":44},"end":{"line":103,"column":59}},"32":{"start":{"line":105,"column":25},"end":{"line":120,"column":3}},"33":{"start":{"line":106,"column":4},"end":{"line":119,"column":6}},"34":{"start":{"line":122,"column":25},"end":{"line":178,"column":3}},"35":{"start":{"line":123,"column":29},"end":{"line":123,"column":31}},"36":{"start":{"line":124,"column":4},"end":{"line":126,"column":5}},"37":{"start":{"line":125,"column":6},"end":{"line":125,"column":41}},"38":{"start":{"line":127,"column":4},"end":{"line":129,"column":5}},"39":{"start":{"line":128,"column":6},"end":{"line":128,"column":38}},"40":{"start":{"line":130,"column":4},"end":{"line":132,"column":5}},"41":{"start":{"line":131,"column":6},"end":{"line":131,"column":41}},"42":{"start":{"line":133,"column":4},"end":{"line":135,"column":5}},"43":{"start":{"line":134,"column":6},"end":{"line":134,"column":42}},"44":{"start":{"line":137,"column":4},"end":{"line":142,"column":5}},"45":{"start":{"line":138,"column":6},"end":{"line":140,"column":9}},"46":{"start":{"line":141,"column":6},"end":{"line":141,"column":13}},"47":{"start":{"line":143,"column":39},"end":{"line":149,"column":6}},"48":{"start":{"line":150,"column":4},"end":{"line":150,"column":39}},"49":{"start":{"line":151,"column":4},"end":{"line":151,"column":27}},"50":{"start":{"line":152,"column":4},"end":{"line":177,"column":5}},"51":{"start":{"line":153,"column":6},"end":{"line":153,"column":52}},"52":{"start":{"line":154,"column":6},"end":{"line":156,"column":9}},"53":{"start":{"line":157,"column":6},"end":{"line":170,"column":8}},"54":{"start":{"line":172,"column":6},"end":{"line":174,"column":8}},"55":{"start":{"line":176,"column":6},"end":{"line":176,"column":30}},"56":{"start":{"line":180,"column":26},"end":{"line":183,"column":3}},"57":{"start":{"line":181,"column":4},"end":{"line":181,"column":35}},"58":{"start":{"line":182,"column":4},"end":{"line":182,"column":35}},"59":{"start":{"line":185,"column":2},"end":{"line":399,"column":4}},"60":{"start":{"line":228,"column":43},"end":{"line":228,"column":76}},"61":{"start":{"line":243,"column":43},"end":{"line":243,"column":76}},"62":{"start":{"line":258,"column":43},"end":{"line":258,"column":79}},"63":{"start":{"line":272,"column":57},"end":{"line":272,"column":75}},"64":{"start":{"line":309,"column":18},"end":{"line":309,"column":40}},"65":{"start":{"line":310,"column":18},"end":{"line":310,"column":43}},"66":{"start":{"line":311,"column":18},"end":{"line":311,"column":43}},"67":{"start":{"line":312,"column":18},"end":{"line":312,"column":38}},"68":{"start":{"line":341,"column":22},"end":{"line":342,"column":null}},"69":{"start":{"line":373,"column":46},"end":{"line":373,"column":66}},"70":{"start":{"line":385,"column":18},"end":{"line":385,"column":45}},"71":{"start":{"line":72,"column":13},"end":{"line":72,"column":26}}},"fnMap":{"0":{"name":"(anonymous_1)","decl":{"start":{"line":72,"column":26},"end":{"line":72,"column":29}},"loc":{"start":{"line":72,"column":31},"end":{"line":400,"column":1}}},"1":{"name":"(anonymous_2)","decl":{"start":{"line":105,"column":25},"end":{"line":105,"column":28}},"loc":{"start":{"line":105,"column":30},"end":{"line":120,"column":3}}},"2":{"name":"(anonymous_3)","decl":{"start":{"line":122,"column":25},"end":{"line":122,"column":30}},"loc":{"start":{"line":122,"column":52},"end":{"line":178,"column":3}}},"3":{"name":"(anonymous_4)","decl":{"start":{"line":180,"column":26},"end":{"line":180,"column":29}},"loc":{"start":{"line":180,"column":31},"end":{"line":183,"column":3}}},"4":{"name":"(anonymous_5)","decl":{"start":{"line":228,"column":36},"end":{"line":228,"column":37}},"loc":{"start":{"line":228,"column":43},"end":{"line":228,"column":76}}},"5":{"name":"(anonymous_6)","decl":{"start":{"line":243,"column":36},"end":{"line":243,"column":37}},"loc":{"start":{"line":243,"column":43},"end":{"line":243,"column":76}}},"6":{"name":"(anonymous_7)","decl":{"start":{"line":258,"column":36},"end":{"line":258,"column":37}},"loc":{"start":{"line":258,"column":43},"end":{"line":258,"column":79}}},"7":{"name":"(anonymous_8)","decl":{"start":{"line":272,"column":39},"end":{"line":272,"column":40}},"loc":{"start":{"line":272,"column":57},"end":{"line":272,"column":75}}},"8":{"name":"(anonymous_9)","decl":{"start":{"line":308,"column":25},"end":{"line":308,"column":28}},"loc":{"start":{"line":308,"column":30},"end":{"line":313,"column":17}}},"9":{"name":"(anonymous_10)","decl":{"start":{"line":340,"column":36},"end":{"line":340,"column":37}},"loc":{"start":{"line":341,"column":22},"end":{"line":342,"column":null}}},"10":{"name":"(anonymous_11)","decl":{"start":{"line":373,"column":40},"end":{"line":373,"column":43}},"loc":{"start":{"line":373,"column":46},"end":{"line":373,"column":66}}},"11":{"name":"(anonymous_12)","decl":{"start":{"line":384,"column":26},"end":{"line":384,"column":27}},"loc":{"start":{"line":384,"column":32},"end":{"line":386,"column":17}}}},"branchMap":{"0":{"loc":{"start":{"line":83,"column":4},"end":{"line":83,"column":36}},"type":"binary-expr","locations":[{"start":{"line":83,"column":4},"end":{"line":83,"column":30}},{"start":{"line":83,"column":34},"end":{"line":83,"column":36}}]},"1":{"loc":{"start":{"line":87,"column":4},"end":{"line":87,"column":39}},"type":"binary-expr","locations":[{"start":{"line":87,"column":4},"end":{"line":87,"column":33}},{"start":{"line":87,"column":37},"end":{"line":87,"column":39}}]},"2":{"loc":{"start":{"line":91,"column":4},"end":{"line":91,"column":36}},"type":"binary-expr","locations":[{"start":{"line":91,"column":4},"end":{"line":91,"column":30}},{"start":{"line":91,"column":34},"end":{"line":91,"column":36}}]},"3":{"loc":{"start":{"line":97,"column":4},"end":{"line":97,"column":45}},"type":"binary-expr","locations":[{"start":{"line":97,"column":4},"end":{"line":97,"column":27}},{"start":{"line":97,"column":31},"end":{"line":97,"column":45}}]},"4":{"loc":{"start":{"line":124,"column":4},"end":{"line":126,"column":5}},"type":"if","locations":[{"start":{"line":124,"column":4},"end":{"line":126,"column":5}},{"start":{},"end":{}}]},"5":{"loc":{"start":{"line":127,"column":4},"end":{"line":129,"column":5}},"type":"if","locations":[{"start":{"line":127,"column":4},"end":{"line":129,"column":5}},{"start":{},"end":{}}]},"6":{"loc":{"start":{"line":130,"column":4},"end":{"line":132,"column":5}},"type":"if","locations":[{"start":{"line":130,"column":4},"end":{"line":132,"column":5}},{"start":{},"end":{}}]},"7":{"loc":{"start":{"line":133,"column":4},"end":{"line":135,"column":5}},"type":"if","locations":[{"start":{"line":133,"column":4},"end":{"line":135,"column":5}},{"start":{},"end":{}}]},"8":{"loc":{"start":{"line":137,"column":4},"end":{"line":142,"column":5}},"type":"if","locations":[{"start":{"line":137,"column":4},"end":{"line":142,"column":5}},{"start":{},"end":{}}]},"9":{"loc":{"start":{"line":173,"column":8},"end":{"line":173,"column":60}},"type":"cond-expr","locations":[{"start":{"line":173,"column":36},"end":{"line":173,"column":41}},{"start":{"line":173,"column":44},"end":{"line":173,"column":60}}]},"10":{"loc":{"start":{"line":201,"column":13},"end":{"line":209,"column":27}},"type":"cond-expr","locations":[{"start":{"line":202,"column":16},"end":{"line":208,"column":20}},{"start":{"line":209,"column":16},"end":{"line":209,"column":27}}]},"11":{"loc":{"start":{"line":214,"column":9},"end":{"line":214,"column":44}},"type":"binary-expr","locations":[{"start":{"line":214,"column":9},"end":{"line":214,"column":22}},{"start":{"line":214,"column":26},"end":{"line":214,"column":44}}]},"12":{"loc":{"start":{"line":323,"column":11},"end":{"line":394,"column":null}},"type":"cond-expr","locations":[{"start":{"line":324,"column":12},"end":{"line":387,"column":null}},{"start":{"line":389,"column":14},"end":{"line":394,"column":null}}]},"13":{"loc":{"start":{"line":323,"column":11},"end":{"line":323,"column":63}},"type":"binary-expr","locations":[{"start":{"line":323,"column":11},"end":{"line":323,"column":21}},{"start":{"line":323,"column":25},"end":{"line":323,"column":29}},{"start":{"line":323,"column":33},"end":{"line":323,"column":63}}]},"14":{"loc":{"start":{"line":323,"column":34},"end":{"line":323,"column":58}},"type":"binary-expr","locations":[{"start":{"line":323,"column":34},"end":{"line":323,"column":53}},{"start":{"line":323,"column":57},"end":{"line":323,"column":58}}]},"15":{"loc":{"start":{"line":360,"column":28},"end":{"line":360,"column":79}},"type":"cond-expr","locations":[{"start":{"line":360,"column":51},"end":{"line":360,"column":74}},{"start":{"line":360,"column":77},"end":{"line":360,"column":79}}]},"16":{"loc":{"start":{"line":363,"column":27},"end":{"line":374,"column":null}},"type":"cond-expr","locations":[{"start":{"line":364,"column":28},"end":{"line":364,"column":34}},{"start":{"line":366,"column":28},"end":{"line":373,"column":null}}]},"17":{"loc":{"start":{"line":389,"column":14},"end":{"line":394,"column":null}},"type":"cond-expr","locations":[{"start":{"line":390,"column":12},"end":{"line":390,"column":null}},{"start":{"line":394,"column":12},"end":{"line":394,"column":17}}]}},"s":{"0":1,"1":1,"2":1,"3":1,"4":1,"5":1,"6":1,"7":1,"8":1,"9":1,"10":1,"11":1,"12":1,"13":1,"14":1,"15":1,"16":1,"17":1,"18":1,"19":1,"20":1,"21":1,"22":39,"23":39,"24":39,"25":39,"26":39,"27":39,"28":39,"29":39,"30":39,"31":39,"32":39,"33":2,"34":39,"35":5,"36":5,"37":2,"38":5,"39":1,"40":5,"41":1,"42":5,"43":1,"44":5,"45":2,"46":2,"47":3,"48":3,"49":3,"50":3,"51":3,"52":1,"53":1,"54":2,"55":3,"56":39,"57":1,"58":1,"59":39,"60":6,"61":6,"62":6,"63":1,"64":1,"65":1,"66":1,"67":1,"68":11,"69":5,"70":1,"71":1},"f":{"0":39,"1":2,"2":5,"3":1,"4":6,"5":6,"6":6,"7":1,"8":1,"9":11,"10":5,"11":1},"b":{"0":[39,28],"1":[39,39],"2":[39,39],"3":[39,39],"4":[2,3],"5":[1,4],"6":[1,4],"7":[1,4],"8":[2,3],"9":[0,2],"10":[1,38],"11":[39,1],"12":[11,28],"13":[39,14,13],"14":[13,1],"15":[1,10],"16":[1,10],"17":[3,25]}}
,"/Users/kty/Documents/_dev/react/react-shadcn/src/pages/UserManage.tsx": {"path":"/Users/kty/Documents/_dev/react/react-shadcn/src/pages/UserManage.tsx","statementMap":{"0":{"start":{"line":2,"column":0},"end":{"line":2,"column":54}},"1":{"start":{"line":3,"column":0},"end":{"line":3,"column":87}},"2":{"start":{"line":4,"column":0},"end":{"line":4,"column":77}},"3":{"start":{"line":5,"column":0},"end":{"line":5,"column":48}},"4":{"start":{"line":6,"column":0},"end":{"line":6,"column":57}},"5":{"start":{"line":7,"column":0},"end":{"line":7,"column":80}},"6":{"start":{"line":8,"column":0},"end":{"line":8,"column":null}},"7":{"start":{"line":14,"column":0},"end":{"line":14,"column":null}},"8":{"start":{"line":22,"column":0},"end":{"line":22,"column":46}},"9":{"start":{"line":23,"column":0},"end":{"line":23,"column":69}},"10":{"start":{"line":25,"column":0},"end":{"line":25,"column":47}},"11":{"start":{"line":26,"column":0},"end":{"line":26,"column":42}},"12":{"start":{"line":27,"column":0},"end":{"line":27,"column":52}},"13":{"start":{"line":28,"column":0},"end":{"line":28,"column":42}},"14":{"start":{"line":29,"column":0},"end":{"line":29,"column":65}},"15":{"start":{"line":36,"column":19},"end":{"line":273,"column":1}},"16":{"start":{"line":38,"column":19},"end":{"line":38,"column":32}},"17":{"start":{"line":39,"column":19},"end":{"line":39,"column":32}},"18":{"start":{"line":40,"column":32},"end":{"line":40,"column":45}},"19":{"start":{"line":41,"column":15},"end":{"line":41,"column":59}},"20":{"start":{"line":42,"column":26},"end":{"line":43,"column":null}},"21":{"start":{"line":45,"column":21},"end":{"line":47,"column":19}},"22":{"start":{"line":49,"column":46},"end":{"line":50,"column":null}},"23":{"start":{"line":52,"column":42},"end":{"line":53,"column":null}},"24":{"start":{"line":55,"column":52},"end":{"line":56,"column":null}},"25":{"start":{"line":58,"column":48},"end":{"line":59,"column":null}},"26":{"start":{"line":61,"column":50},"end":{"line":63,"column":41}},"27":{"start":{"line":65,"column":28},"end":{"line":65,"column":56}},"28":{"start":{"line":67,"column":2},"end":{"line":79,"column":60}},"29":{"start":{"line":68,"column":18},"end":{"line":68,"column":66}},"30":{"start":{"line":69,"column":4},"end":{"line":69,"column":38}},"31":{"start":{"line":69,"column":31},"end":{"line":69,"column":38}},"32":{"start":{"line":71,"column":4},"end":{"line":71,"column":55}},"33":{"start":{"line":72,"column":4},"end":{"line":75,"column":7}},"34":{"start":{"line":76,"column":4},"end":{"line":78,"column":5}},"35":{"start":{"line":77,"column":6},"end":{"line":77,"column":45}},"36":{"start":{"line":81,"column":2},"end":{"line":83,"column":13}},"37":{"start":{"line":82,"column":4},"end":{"line":82,"column":52}},"38":{"start":{"line":85,"column":25},"end":{"line":99,"column":3}},"39":{"start":{"line":86,"column":4},"end":{"line":98,"column":6}},"40":{"start":{"line":101,"column":2},"end":{"line":272,"column":4}},"41":{"start":{"line":114,"column":16},"end":{"line":114,"column":35}},"42":{"start":{"line":115,"column":16},"end":{"line":115,"column":33}},"43":{"start":{"line":128,"column":43},"end":{"line":128,"column":76}},"44":{"start":{"line":141,"column":43},"end":{"line":141,"column":74}},"45":{"start":{"line":156,"column":43},"end":{"line":156,"column":79}},"46":{"start":{"line":171,"column":26},"end":{"line":171,"column":49}},"47":{"start":{"line":172,"column":26},"end":{"line":172,"column":78}},"48":{"start":{"line":172,"column":58},"end":{"line":172,"column":65}},"49":{"start":{"line":186,"column":20},"end":{"line":186,"column":42}},"50":{"start":{"line":187,"column":20},"end":{"line":187,"column":40}},"51":{"start":{"line":188,"column":20},"end":{"line":188,"column":45}},"52":{"start":{"line":189,"column":20},"end":{"line":189,"column":44}},"53":{"start":{"line":190,"column":20},"end":{"line":190,"column":43}},"54":{"start":{"line":222,"column":22},"end":{"line":223,"column":null}},"55":{"start":{"line":258,"column":18},"end":{"line":258,"column":43}},"56":{"start":{"line":276,"column":9},"end":{"line":276,"column":19}},"57":{"start":{"line":275,"column":0},"end":{"line":275,"column":26}}},"fnMap":{"0":{"name":"(anonymous_0)","decl":{"start":{"line":36,"column":19},"end":{"line":36,"column":22}},"loc":{"start":{"line":36,"column":24},"end":{"line":273,"column":1}}},"1":{"name":"(anonymous_1)","decl":{"start":{"line":67,"column":12},"end":{"line":67,"column":15}},"loc":{"start":{"line":67,"column":17},"end":{"line":79,"column":3}}},"2":{"name":"(anonymous_2)","decl":{"start":{"line":81,"column":12},"end":{"line":81,"column":15}},"loc":{"start":{"line":81,"column":17},"end":{"line":83,"column":3}}},"3":{"name":"(anonymous_3)","decl":{"start":{"line":85,"column":25},"end":{"line":85,"column":28}},"loc":{"start":{"line":85,"column":30},"end":{"line":99,"column":3}}},"4":{"name":"(anonymous_4)","decl":{"start":{"line":113,"column":24},"end":{"line":113,"column":25}},"loc":{"start":{"line":113,"column":30},"end":{"line":116,"column":15}}},"5":{"name":"(anonymous_5)","decl":{"start":{"line":128,"column":36},"end":{"line":128,"column":37}},"loc":{"start":{"line":128,"column":43},"end":{"line":128,"column":76}}},"6":{"name":"(anonymous_6)","decl":{"start":{"line":141,"column":36},"end":{"line":141,"column":37}},"loc":{"start":{"line":141,"column":43},"end":{"line":141,"column":74}}},"7":{"name":"(anonymous_7)","decl":{"start":{"line":156,"column":36},"end":{"line":156,"column":37}},"loc":{"start":{"line":156,"column":43},"end":{"line":156,"column":79}}},"8":{"name":"(anonymous_8)","decl":{"start":{"line":170,"column":34},"end":{"line":170,"column":35}},"loc":{"start":{"line":170,"column":40},"end":{"line":173,"column":25}}},"9":{"name":"(anonymous_9)","decl":{"start":{"line":172,"column":51},"end":{"line":172,"column":52}},"loc":{"start":{"line":172,"column":58},"end":{"line":172,"column":65}}},"10":{"name":"(anonymous_10)","decl":{"start":{"line":185,"column":27},"end":{"line":185,"column":30}},"loc":{"start":{"line":185,"column":32},"end":{"line":191,"column":19}}},"11":{"name":"(anonymous_11)","decl":{"start":{"line":221,"column":36},"end":{"line":221,"column":37}},"loc":{"start":{"line":222,"column":22},"end":{"line":223,"column":null}}},"12":{"name":"(anonymous_12)","decl":{"start":{"line":257,"column":26},"end":{"line":257,"column":27}},"loc":{"start":{"line":257,"column":32},"end":{"line":259,"column":17}}}},"branchMap":{"0":{"loc":{"start":{"line":50,"column":4},"end":{"line":50,"column":36}},"type":"binary-expr","locations":[{"start":{"line":50,"column":4},"end":{"line":50,"column":30}},{"start":{"line":50,"column":34},"end":{"line":50,"column":36}}]},"1":{"loc":{"start":{"line":53,"column":4},"end":{"line":53,"column":39}},"type":"binary-expr","locations":[{"start":{"line":53,"column":4},"end":{"line":53,"column":33}},{"start":{"line":53,"column":37},"end":{"line":53,"column":39}}]},"2":{"loc":{"start":{"line":56,"column":4},"end":{"line":56,"column":37}},"type":"binary-expr","locations":[{"start":{"line":56,"column":4},"end":{"line":56,"column":31}},{"start":{"line":56,"column":35},"end":{"line":56,"column":37}}]},"3":{"loc":{"start":{"line":59,"column":4},"end":{"line":59,"column":41}},"type":"binary-expr","locations":[{"start":{"line":59,"column":4},"end":{"line":59,"column":35}},{"start":{"line":59,"column":39},"end":{"line":59,"column":41}}]},"4":{"loc":{"start":{"line":63,"column":4},"end":{"line":63,"column":40}},"type":"binary-expr","locations":[{"start":{"line":63,"column":4},"end":{"line":63,"column":34}},{"start":{"line":63,"column":38},"end":{"line":63,"column":40}}]},"5":{"loc":{"start":{"line":69,"column":4},"end":{"line":69,"column":38}},"type":"if","locations":[{"start":{"line":69,"column":4},"end":{"line":69,"column":38}},{"start":{},"end":{}}]},"6":{"loc":{"start":{"line":76,"column":4},"end":{"line":78,"column":5}},"type":"if","locations":[{"start":{"line":76,"column":4},"end":{"line":78,"column":5}},{"start":{},"end":{}}]},"7":{"loc":{"start":{"line":201,"column":11},"end":{"line":267,"column":null}},"type":"cond-expr","locations":[{"start":{"line":202,"column":12},"end":{"line":260,"column":null}},{"start":{"line":262,"column":14},"end":{"line":267,"column":null}}]},"8":{"loc":{"start":{"line":201,"column":11},"end":{"line":201,"column":63}},"type":"binary-expr","locations":[{"start":{"line":201,"column":11},"end":{"line":201,"column":21}},{"start":{"line":201,"column":25},"end":{"line":201,"column":29}},{"start":{"line":201,"column":33},"end":{"line":201,"column":63}}]},"9":{"loc":{"start":{"line":201,"column":34},"end":{"line":201,"column":58}},"type":"binary-expr","locations":[{"start":{"line":201,"column":34},"end":{"line":201,"column":53}},{"start":{"line":201,"column":57},"end":{"line":201,"column":58}}]},"10":{"loc":{"start":{"line":236,"column":27},"end":{"line":236,"column":61}},"type":"cond-expr","locations":[{"start":{"line":236,"column":46},"end":{"line":236,"column":56}},{"start":{"line":236,"column":59},"end":{"line":236,"column":61}}]},"11":{"loc":{"start":{"line":262,"column":14},"end":{"line":267,"column":null}},"type":"cond-expr","locations":[{"start":{"line":263,"column":12},"end":{"line":263,"column":null}},{"start":{"line":267,"column":12},"end":{"line":267,"column":17}}]}},"s":{"0":1,"1":1,"2":1,"3":1,"4":1,"5":1,"6":1,"7":1,"8":1,"9":1,"10":1,"11":1,"12":1,"13":1,"14":1,"15":1,"16":39,"17":39,"18":39,"19":39,"20":39,"21":39,"22":39,"23":39,"24":39,"25":39,"26":39,"27":39,"28":39,"29":10,"30":10,"31":1,"32":9,"33":9,"34":9,"35":5,"36":39,"37":10,"38":39,"39":2,"40":39,"41":2,"42":2,"43":13,"44":10,"45":4,"46":1,"47":1,"48":1,"49":1,"50":1,"51":1,"52":1,"53":1,"54":3,"55":1,"56":1,"57":1},"f":{"0":39,"1":10,"2":10,"3":2,"4":2,"5":13,"6":10,"7":4,"8":1,"9":1,"10":1,"11":3,"12":1},"b":{"0":[39,39],"1":[39,39],"2":[39,39],"3":[39,39],"4":[39,39],"5":[1,9],"6":[5,4],"7":[3,36],"8":[39,5,4],"9":[4,1],"10":[1,2],"11":[2,34]}}
,"/Users/kty/Documents/_dev/react/react-shadcn/src/pages/UserTabsShell.tsx": {"path":"/Users/kty/Documents/_dev/react/react-shadcn/src/pages/UserTabsShell.tsx","statementMap":{"0":{"start":{"line":1,"column":0},"end":{"line":1,"column":72}},"1":{"start":{"line":2,"column":0},"end":{"line":2,"column":46}},"2":{"start":{"line":13,"column":13},"end":{"line":16,"column":11}},"3":{"start":{"line":18,"column":29},"end":{"line":26,"column":null}},"4":{"start":{"line":19,"column":2},"end":{"line":25,"column":null}},"5":{"start":{"line":23,"column":38},"end":{"line":23,"column":62}},"6":{"start":{"line":18,"column":13},"end":{"line":18,"column":29}}},"fnMap":{"0":{"name":"(anonymous_0)","decl":{"start":{"line":18,"column":29},"end":{"line":18,"column":30}},"loc":{"start":{"line":19,"column":2},"end":{"line":25,"column":null}}},"1":{"name":"(anonymous_1)","decl":{"start":{"line":23,"column":31},"end":{"line":23,"column":32}},"loc":{"start":{"line":23,"column":38},"end":{"line":23,"column":62}}}},"branchMap":{"0":{"loc":{"start":{"line":23,"column":17},"end":{"line":23,"column":74}},"type":"cond-expr","locations":[{"start":{"line":23,"column":31},"end":{"line":23,"column":62}},{"start":{"line":23,"column":65},"end":{"line":23,"column":74}}]}},"s":{"0":4,"1":4,"2":4,"3":4,"4":188,"5":1,"6":4},"f":{"0":188,"1":1},"b":{"0":[1,187]}}
,"/Users/kty/Documents/_dev/react/react-shadcn/src/redux/slices/uiSlice.ts": {"path":"/Users/kty/Documents/_dev/react/react-shadcn/src/redux/slices/uiSlice.ts","statementMap":{"0":{"start":{"line":1,"column":0},"end":{"line":1,"column":null}},"1":{"start":{"line":8,"column":18},"end":{"line":8,"column":22}},"2":{"start":{"line":16,"column":30},"end":{"line":20,"column":2}},"3":{"start":{"line":22,"column":13},"end":{"line":47,"column":3}},"4":{"start":{"line":27,"column":6},"end":{"line":27,"column":61}},"5":{"start":{"line":30,"column":6},"end":{"line":30,"column":49}},"6":{"start":{"line":36,"column":28},"end":{"line":36,"column":42}},"7":{"start":{"line":37,"column":6},"end":{"line":37,"column":44}},"8":{"start":{"line":43,"column":28},"end":{"line":43,"column":42}},"9":{"start":{"line":44,"column":6},"end":{"line":44,"column":40}},"10":{"start":{"line":49,"column":13},"end":{"line":49,"column":41}},"11":{"start":{"line":50,"column":23},"end":{"line":50,"column":56}},"12":{"start":{"line":50,"column":48},"end":{"line":50,"column":56}},"13":{"start":{"line":52,"column":34},"end":{"line":54,"column":null}},"14":{"start":{"line":54,"column":13},"end":{"line":54,"column":38}},"15":{"start":{"line":56,"column":30},"end":{"line":58,"column":null}},"16":{"start":{"line":58,"column":13},"end":{"line":58,"column":34}},"17":{"start":{"line":60,"column":13},"end":{"line":64,"column":2}},"18":{"start":{"line":61,"column":48},"end":{"line":61,"column":76}},"19":{"start":{"line":66,"column":13},"end":{"line":66,"column":46}}},"fnMap":{"0":{"name":"(anonymous_0)","decl":{"start":{"line":26,"column":20},"end":{"line":26,"column":21}},"loc":{"start":{"line":26,"column":30},"end":{"line":28,"column":5}}},"1":{"name":"(anonymous_1)","decl":{"start":{"line":29,"column":26},"end":{"line":29,"column":27}},"loc":{"start":{"line":29,"column":68},"end":{"line":31,"column":5}}},"2":{"name":"(anonymous_2)","decl":{"start":{"line":32,"column":27},"end":{"line":32,"column":null}},"loc":{"start":{"line":35,"column":8},"end":{"line":38,"column":5}}},"3":{"name":"(anonymous_3)","decl":{"start":{"line":39,"column":23},"end":{"line":39,"column":null}},"loc":{"start":{"line":42,"column":8},"end":{"line":45,"column":5}}},"4":{"name":"(anonymous_4)","decl":{"start":{"line":50,"column":23},"end":{"line":50,"column":24}},"loc":{"start":{"line":50,"column":48},"end":{"line":50,"column":56}}},"5":{"name":"(anonymous_5)","decl":{"start":{"line":54,"column":2},"end":{"line":54,"column":3}},"loc":{"start":{"line":54,"column":13},"end":{"line":54,"column":38}}},"6":{"name":"(anonymous_6)","decl":{"start":{"line":58,"column":2},"end":{"line":58,"column":3}},"loc":{"start":{"line":58,"column":13},"end":{"line":58,"column":34}}},"7":{"name":"(anonymous_7)","decl":{"start":{"line":61,"column":23},"end":{"line":61,"column":24}},"loc":{"start":{"line":61,"column":48},"end":{"line":61,"column":76}}}},"branchMap":{},"s":{"0":4,"1":4,"2":4,"3":4,"4":4,"5":1,"6":11,"7":11,"8":17,"9":17,"10":4,"11":4,"12":73,"13":4,"14":20,"15":4,"16":27,"17":4,"18":75,"19":4},"f":{"0":4,"1":1,"2":11,"3":17,"4":73,"5":20,"6":27,"7":75},"b":{}}
,"/Users/kty/Documents/_dev/react/react-shadcn/src/redux/slices/userSlice.ts": {"path":"/Users/kty/Documents/_dev/react/react-shadcn/src/redux/slices/userSlice.ts","statementMap":{"0":{"start":{"line":3,"column":0},"end":{"line":3,"column":null}},"1":{"start":{"line":10,"column":0},"end":{"line":10,"column":null}},"2":{"start":{"line":24,"column":0},"end":{"line":24,"column":40}},"3":{"start":{"line":25,"column":0},"end":{"line":25,"column":null}},"4":{"start":{"line":43,"column":18},"end":{"line":43,"column":24}},"5":{"start":{"line":46,"column":16},"end":{"line":46,"column":46}},"6":{"start":{"line":47,"column":15},"end":{"line":47,"column":43}},"7":{"start":{"line":48,"column":18},"end":{"line":48,"column":49}},"8":{"start":{"line":51,"column":13},"end":{"line":57,"column":2}},"9":{"start":{"line":54,"column":21},"end":{"line":54,"column":62}},"10":{"start":{"line":55,"column":4},"end":{"line":55,"column":33}},"11":{"start":{"line":60,"column":13},"end":{"line":77,"column":2}},"12":{"start":{"line":63,"column":21},"end":{"line":73,"column":null}},"13":{"start":{"line":75,"column":4},"end":{"line":75,"column":33}},"14":{"start":{"line":80,"column":13},"end":{"line":86,"column":2}},"15":{"start":{"line":83,"column":21},"end":{"line":83,"column":62}},"16":{"start":{"line":84,"column":4},"end":{"line":84,"column":33}},"17":{"start":{"line":88,"column":13},"end":{"line":105,"column":2}},"18":{"start":{"line":94,"column":4},"end":{"line":103,"column":5}},"19":{"start":{"line":95,"column":23},"end":{"line":98,"column":null}},"20":{"start":{"line":100,"column":6},"end":{"line":100,"column":27}},"21":{"start":{"line":102,"column":6},"end":{"line":102,"column":47}},"22":{"start":{"line":107,"column":13},"end":{"line":124,"column":2}},"23":{"start":{"line":110,"column":21},"end":{"line":120,"column":null}},"24":{"start":{"line":122,"column":4},"end":{"line":122,"column":33}},"25":{"start":{"line":126,"column":13},"end":{"line":136,"column":2}},"26":{"start":{"line":129,"column":4},"end":{"line":134,"column":5}},"27":{"start":{"line":130,"column":23},"end":{"line":130,"column":72}},"28":{"start":{"line":131,"column":6},"end":{"line":131,"column":27}},"29":{"start":{"line":133,"column":6},"end":{"line":133,"column":47}},"30":{"start":{"line":139,"column":13},"end":{"line":149,"column":2}},"31":{"start":{"line":142,"column":4},"end":{"line":147,"column":5}},"32":{"start":{"line":143,"column":23},"end":{"line":143,"column":73}},"33":{"start":{"line":144,"column":6},"end":{"line":144,"column":27}},"34":{"start":{"line":146,"column":6},"end":{"line":146,"column":47}},"35":{"start":{"line":152,"column":13},"end":{"line":158,"column":2}},"36":{"start":{"line":155,"column":21},"end":{"line":155,"column":69}},"37":{"start":{"line":156,"column":4},"end":{"line":156,"column":33}},"38":{"start":{"line":161,"column":13},"end":{"line":167,"column":2}},"39":{"start":{"line":164,"column":21},"end":{"line":164,"column":79}},"40":{"start":{"line":165,"column":4},"end":{"line":165,"column":33}},"41":{"start":{"line":207,"column":13},"end":{"line":231,"column":2}},"42":{"start":{"line":234,"column":18},"end":{"line":438,"column":2}},"43":{"start":{"line":239,"column":6},"end":{"line":239,"column":27}},"44":{"start":{"line":240,"column":6},"end":{"line":240,"column":41}},"45":{"start":{"line":243,"column":6},"end":{"line":243,"column":45}},"46":{"start":{"line":247,"column":4},"end":{"line":275,"column":9}},"47":{"start":{"line":249,"column":8},"end":{"line":249,"column":44}},"48":{"start":{"line":250,"column":8},"end":{"line":250,"column":31}},"49":{"start":{"line":251,"column":8},"end":{"line":251,"column":40}},"50":{"start":{"line":254,"column":8},"end":{"line":269,"column":9}},"51":{"start":{"line":255,"column":10},"end":{"line":255,"column":47}},"52":{"start":{"line":256,"column":10},"end":{"line":256,"column":31}},"53":{"start":{"line":259,"column":10},"end":{"line":263,"column":12}},"54":{"start":{"line":265,"column":10},"end":{"line":268,"column":12}},"55":{"start":{"line":270,"column":8},"end":{"line":270,"column":32}},"56":{"start":{"line":273,"column":8},"end":{"line":273,"column":32}},"57":{"start":{"line":274,"column":8},"end":{"line":274,"column":53}},"58":{"start":{"line":277,"column":4},"end":{"line":304,"column":9}},"59":{"start":{"line":280,"column":8},"end":{"line":280,"column":31}},"60":{"start":{"line":281,"column":8},"end":{"line":281,"column":40}},"61":{"start":{"line":282,"column":8},"end":{"line":287,"column":10}},"62":{"start":{"line":290,"column":8},"end":{"line":298,"column":9}},"63":{"start":{"line":291,"column":10},"end":{"line":291,"column":43}},"64":{"start":{"line":292,"column":10},"end":{"line":292,"column":56}},"65":{"start":{"line":294,"column":10},"end":{"line":297,"column":12}},"66":{"start":{"line":299,"column":8},"end":{"line":299,"column":32}},"67":{"start":{"line":302,"column":8},"end":{"line":302,"column":32}},"68":{"start":{"line":303,"column":8},"end":{"line":303,"column":53}},"69":{"start":{"line":305,"column":4},"end":{"line":324,"column":9}},"70":{"start":{"line":307,"column":8},"end":{"line":307,"column":31}},"71":{"start":{"line":308,"column":8},"end":{"line":308,"column":40}},"72":{"start":{"line":311,"column":8},"end":{"line":318,"column":9}},"73":{"start":{"line":312,"column":10},"end":{"line":312,"column":40}},"74":{"start":{"line":314,"column":10},"end":{"line":317,"column":12}},"75":{"start":{"line":319,"column":8},"end":{"line":319,"column":32}},"76":{"start":{"line":322,"column":8},"end":{"line":322,"column":32}},"77":{"start":{"line":323,"column":8},"end":{"line":323,"column":53}},"78":{"start":{"line":325,"column":4},"end":{"line":340,"column":9}},"79":{"start":{"line":342,"column":4},"end":{"line":358,"column":9}},"80":{"start":{"line":359,"column":4},"end":{"line":380,"column":9}},"81":{"start":{"line":361,"column":8},"end":{"line":361,"column":31}},"82":{"start":{"line":362,"column":8},"end":{"line":362,"column":40}},"83":{"start":{"line":363,"column":8},"end":{"line":363,"column":55}},"84":{"start":{"line":366,"column":8},"end":{"line":374,"column":9}},"85":{"start":{"line":367,"column":10},"end":{"line":367,"column":45}},"86":{"start":{"line":368,"column":10},"end":{"line":368,"column":52}},"87":{"start":{"line":370,"column":10},"end":{"line":373,"column":12}},"88":{"start":{"line":375,"column":8},"end":{"line":375,"column":32}},"89":{"start":{"line":378,"column":8},"end":{"line":378,"column":32}},"90":{"start":{"line":379,"column":8},"end":{"line":379,"column":53}},"91":{"start":{"line":381,"column":4},"end":{"line":397,"column":9}},"92":{"start":{"line":399,"column":4},"end":{"line":416,"column":9}},"93":{"start":{"line":402,"column":8},"end":{"line":402,"column":31}},"94":{"start":{"line":403,"column":8},"end":{"line":403,"column":40}},"95":{"start":{"line":406,"column":8},"end":{"line":410,"column":9}},"96":{"start":{"line":407,"column":10},"end":{"line":407,"column":50}},"97":{"start":{"line":409,"column":10},"end":{"line":409,"column":55}},"98":{"start":{"line":411,"column":8},"end":{"line":411,"column":32}},"99":{"start":{"line":414,"column":8},"end":{"line":414,"column":32}},"100":{"start":{"line":415,"column":8},"end":{"line":415,"column":53}},"101":{"start":{"line":418,"column":4},"end":{"line":436,"column":9}},"102":{"start":{"line":421,"column":8},"end":{"line":421,"column":31}},"103":{"start":{"line":422,"column":8},"end":{"line":422,"column":40}},"104":{"start":{"line":425,"column":8},"end":{"line":430,"column":9}},"105":{"start":{"line":426,"column":10},"end":{"line":426,"column":43}},"106":{"start":{"line":427,"column":10},"end":{"line":427,"column":41}},"107":{"start":{"line":429,"column":10},"end":{"line":429,"column":61}},"108":{"start":{"line":431,"column":8},"end":{"line":431,"column":32}},"109":{"start":{"line":434,"column":8},"end":{"line":434,"column":32}},"110":{"start":{"line":435,"column":8},"end":{"line":435,"column":53}},"111":{"start":{"line":441,"column":13},"end":{"line":441,"column":45}},"112":{"start":{"line":444,"column":25},"end":{"line":444,"column":60}},"113":{"start":{"line":444,"column":50},"end":{"line":444,"column":60}},"114":{"start":{"line":446,"column":13},"end":{"line":497,"column":2}},"115":{"start":{"line":448,"column":4},"end":{"line":450,"column":6}},"116":{"start":{"line":449,"column":6},"end":{"line":449,"column":33}},"117":{"start":{"line":453,"column":4},"end":{"line":455,"column":6}},"118":{"start":{"line":454,"column":6},"end":{"line":454,"column":31}},"119":{"start":{"line":458,"column":4},"end":{"line":460,"column":6}},"120":{"start":{"line":459,"column":6},"end":{"line":459,"column":29}},"121":{"start":{"line":463,"column":4},"end":{"line":465,"column":6}},"122":{"start":{"line":464,"column":6},"end":{"line":464,"column":27}},"123":{"start":{"line":468,"column":4},"end":{"line":470,"column":6}},"124":{"start":{"line":469,"column":6},"end":{"line":469,"column":40}},"125":{"start":{"line":474,"column":4},"end":{"line":476,"column":6}},"126":{"start":{"line":475,"column":6},"end":{"line":475,"column":29}},"127":{"start":{"line":478,"column":4},"end":{"line":480,"column":6}},"128":{"start":{"line":479,"column":6},"end":{"line":479,"column":31}},"129":{"start":{"line":483,"column":4},"end":{"line":485,"column":6}},"130":{"start":{"line":484,"column":6},"end":{"line":484,"column":31}},"131":{"start":{"line":488,"column":4},"end":{"line":490,"column":6}},"132":{"start":{"line":489,"column":6},"end":{"line":489,"column":42}},"133":{"start":{"line":494,"column":4},"end":{"line":496,"column":6}},"134":{"start":{"line":495,"column":6},"end":{"line":495,"column":36}},"135":{"start":{"line":498,"column":13},"end":{"line":513,"column":2}},"136":{"start":{"line":500,"column":4},"end":{"line":502,"column":6}},"137":{"start":{"line":501,"column":6},"end":{"line":501,"column":36}},"138":{"start":{"line":505,"column":4},"end":{"line":507,"column":6}},"139":{"start":{"line":506,"column":6},"end":{"line":506,"column":29}},"140":{"start":{"line":510,"column":4},"end":{"line":512,"column":6}},"141":{"start":{"line":511,"column":6},"end":{"line":511,"column":31}},"142":{"start":{"line":515,"column":13},"end":{"line":515,"column":50}}},"fnMap":{"0":{"name":"(anonymous_1)","decl":{"start":{"line":53,"column":2},"end":{"line":53,"column":7}},"loc":{"start":{"line":53,"column":27},"end":{"line":56,"column":3}}},"1":{"name":"(anonymous_2)","decl":{"start":{"line":62,"column":2},"end":{"line":62,"column":7}},"loc":{"start":{"line":62,"column":39},"end":{"line":76,"column":3}}},"2":{"name":"(anonymous_3)","decl":{"start":{"line":82,"column":2},"end":{"line":82,"column":7}},"loc":{"start":{"line":82,"column":27},"end":{"line":85,"column":3}}},"3":{"name":"(anonymous_4)","decl":{"start":{"line":90,"column":2},"end":{"line":90,"column":7}},"loc":{"start":{"line":93,"column":6},"end":{"line":104,"column":3}}},"4":{"name":"(anonymous_5)","decl":{"start":{"line":109,"column":2},"end":{"line":109,"column":7}},"loc":{"start":{"line":109,"column":38},"end":{"line":123,"column":3}}},"5":{"name":"(anonymous_6)","decl":{"start":{"line":128,"column":2},"end":{"line":128,"column":7}},"loc":{"start":{"line":128,"column":59},"end":{"line":135,"column":3}}},"6":{"name":"(anonymous_7)","decl":{"start":{"line":141,"column":2},"end":{"line":141,"column":7}},"loc":{"start":{"line":141,"column":48},"end":{"line":148,"column":3}}},"7":{"name":"(anonymous_8)","decl":{"start":{"line":154,"column":2},"end":{"line":154,"column":7}},"loc":{"start":{"line":154,"column":27},"end":{"line":157,"column":3}}},"8":{"name":"(anonymous_9)","decl":{"start":{"line":163,"column":2},"end":{"line":163,"column":7}},"loc":{"start":{"line":163,"column":30},"end":{"line":166,"column":3}}},"9":{"name":"(anonymous_10)","decl":{"start":{"line":238,"column":15},"end":{"line":238,"column":16}},"loc":{"start":{"line":238,"column":56},"end":{"line":241,"column":5}}},"10":{"name":"(anonymous_11)","decl":{"start":{"line":242,"column":20},"end":{"line":242,"column":21}},"loc":{"start":{"line":242,"column":30},"end":{"line":244,"column":5}}},"11":{"name":"(anonymous_12)","decl":{"start":{"line":246,"column":17},"end":{"line":246,"column":18}},"loc":{"start":{"line":246,"column":29},"end":{"line":437,"column":3}}},"12":{"name":"(anonymous_13)","decl":{"start":{"line":248,"column":41},"end":{"line":248,"column":42}},"loc":{"start":{"line":248,"column":59},"end":{"line":252,"column":7}}},"13":{"name":"(anonymous_14)","decl":{"start":{"line":253,"column":43},"end":{"line":253,"column":44}},"loc":{"start":{"line":253,"column":61},"end":{"line":271,"column":7}}},"14":{"name":"(anonymous_15)","decl":{"start":{"line":272,"column":42},"end":{"line":272,"column":43}},"loc":{"start":{"line":272,"column":52},"end":{"line":275,"column":7}}},"15":{"name":"(anonymous_16)","decl":{"start":{"line":279,"column":36},"end":{"line":279,"column":37}},"loc":{"start":{"line":279,"column":54},"end":{"line":288,"column":7}}},"16":{"name":"(anonymous_17)","decl":{"start":{"line":289,"column":38},"end":{"line":289,"column":39}},"loc":{"start":{"line":289,"column":56},"end":{"line":300,"column":7}}},"17":{"name":"(anonymous_18)","decl":{"start":{"line":301,"column":37},"end":{"line":301,"column":38}},"loc":{"start":{"line":301,"column":47},"end":{"line":304,"column":7}}},"18":{"name":"(anonymous_19)","decl":{"start":{"line":306,"column":36},"end":{"line":306,"column":37}},"loc":{"start":{"line":306,"column":46},"end":{"line":309,"column":7}}},"19":{"name":"(anonymous_20)","decl":{"start":{"line":310,"column":38},"end":{"line":310,"column":39}},"loc":{"start":{"line":310,"column":56},"end":{"line":320,"column":7}}},"20":{"name":"(anonymous_21)","decl":{"start":{"line":321,"column":37},"end":{"line":321,"column":38}},"loc":{"start":{"line":321,"column":47},"end":{"line":324,"column":7}}},"21":{"name":"(anonymous_22)","decl":{"start":{"line":326,"column":39},"end":{"line":326,"column":42}},"loc":{"start":{"line":326,"column":44},"end":{"line":328,"column":7}}},"22":{"name":"(anonymous_23)","decl":{"start":{"line":329,"column":41},"end":{"line":329,"column":44}},"loc":{"start":{"line":329,"column":46},"end":{"line":335,"column":7}}},"23":{"name":"(anonymous_24)","decl":{"start":{"line":336,"column":40},"end":{"line":336,"column":43}},"loc":{"start":{"line":336,"column":45},"end":{"line":340,"column":7}}},"24":{"name":"(anonymous_25)","decl":{"start":{"line":344,"column":35},"end":{"line":344,"column":38}},"loc":{"start":{"line":344,"column":40},"end":{"line":346,"column":7}}},"25":{"name":"(anonymous_26)","decl":{"start":{"line":347,"column":37},"end":{"line":347,"column":40}},"loc":{"start":{"line":347,"column":42},"end":{"line":353,"column":7}}},"26":{"name":"(anonymous_27)","decl":{"start":{"line":354,"column":36},"end":{"line":354,"column":39}},"loc":{"start":{"line":354,"column":41},"end":{"line":358,"column":7}}},"27":{"name":"(anonymous_28)","decl":{"start":{"line":360,"column":38},"end":{"line":360,"column":39}},"loc":{"start":{"line":360,"column":56},"end":{"line":364,"column":7}}},"28":{"name":"(anonymous_29)","decl":{"start":{"line":365,"column":40},"end":{"line":365,"column":41}},"loc":{"start":{"line":365,"column":58},"end":{"line":376,"column":7}}},"29":{"name":"(anonymous_30)","decl":{"start":{"line":377,"column":39},"end":{"line":377,"column":40}},"loc":{"start":{"line":377,"column":49},"end":{"line":380,"column":7}}},"30":{"name":"(anonymous_31)","decl":{"start":{"line":383,"column":37},"end":{"line":383,"column":40}},"loc":{"start":{"line":383,"column":42},"end":{"line":385,"column":7}}},"31":{"name":"(anonymous_32)","decl":{"start":{"line":386,"column":39},"end":{"line":386,"column":42}},"loc":{"start":{"line":386,"column":44},"end":{"line":392,"column":7}}},"32":{"name":"(anonymous_33)","decl":{"start":{"line":393,"column":38},"end":{"line":393,"column":41}},"loc":{"start":{"line":393,"column":43},"end":{"line":397,"column":7}}},"33":{"name":"(anonymous_34)","decl":{"start":{"line":401,"column":40},"end":{"line":401,"column":41}},"loc":{"start":{"line":401,"column":50},"end":{"line":404,"column":7}}},"34":{"name":"(anonymous_35)","decl":{"start":{"line":405,"column":42},"end":{"line":405,"column":43}},"loc":{"start":{"line":405,"column":60},"end":{"line":412,"column":7}}},"35":{"name":"(anonymous_36)","decl":{"start":{"line":413,"column":41},"end":{"line":413,"column":42}},"loc":{"start":{"line":413,"column":51},"end":{"line":416,"column":7}}},"36":{"name":"(anonymous_37)","decl":{"start":{"line":420,"column":42},"end":{"line":420,"column":43}},"loc":{"start":{"line":420,"column":52},"end":{"line":423,"column":7}}},"37":{"name":"(anonymous_38)","decl":{"start":{"line":424,"column":44},"end":{"line":424,"column":45}},"loc":{"start":{"line":424,"column":62},"end":{"line":432,"column":7}}},"38":{"name":"(anonymous_39)","decl":{"start":{"line":433,"column":43},"end":{"line":433,"column":44}},"loc":{"start":{"line":433,"column":53},"end":{"line":436,"column":7}}},"39":{"name":"(anonymous_40)","decl":{"start":{"line":444,"column":25},"end":{"line":444,"column":26}},"loc":{"start":{"line":444,"column":50},"end":{"line":444,"column":60}}},"40":{"name":"(anonymous_41)","decl":{"start":{"line":447,"column":21},"end":{"line":447,"column":24}},"loc":{"start":{"line":448,"column":4},"end":{"line":450,"column":6}}},"41":{"name":"(anonymous_42)","decl":{"start":{"line":448,"column":37},"end":{"line":448,"column":38}},"loc":{"start":{"line":448,"column":47},"end":{"line":450,"column":5}}},"42":{"name":"(anonymous_43)","decl":{"start":{"line":452,"column":23},"end":{"line":452,"column":26}},"loc":{"start":{"line":453,"column":4},"end":{"line":455,"column":6}}},"43":{"name":"(anonymous_44)","decl":{"start":{"line":453,"column":37},"end":{"line":453,"column":38}},"loc":{"start":{"line":453,"column":47},"end":{"line":455,"column":5}}},"44":{"name":"(anonymous_45)","decl":{"start":{"line":457,"column":21},"end":{"line":457,"column":24}},"loc":{"start":{"line":458,"column":4},"end":{"line":460,"column":6}}},"45":{"name":"(anonymous_46)","decl":{"start":{"line":458,"column":37},"end":{"line":458,"column":38}},"loc":{"start":{"line":458,"column":47},"end":{"line":460,"column":5}}},"46":{"name":"(anonymous_47)","decl":{"start":{"line":462,"column":19},"end":{"line":462,"column":22}},"loc":{"start":{"line":463,"column":4},"end":{"line":465,"column":6}}},"47":{"name":"(anonymous_48)","decl":{"start":{"line":463,"column":37},"end":{"line":463,"column":38}},"loc":{"start":{"line":463,"column":47},"end":{"line":465,"column":5}}},"48":{"name":"(anonymous_49)","decl":{"start":{"line":467,"column":31},"end":{"line":467,"column":34}},"loc":{"start":{"line":468,"column":4},"end":{"line":470,"column":6}}},"49":{"name":"(anonymous_50)","decl":{"start":{"line":468,"column":37},"end":{"line":468,"column":38}},"loc":{"start":{"line":468,"column":47},"end":{"line":470,"column":5}}},"50":{"name":"(anonymous_51)","decl":{"start":{"line":473,"column":20},"end":{"line":473,"column":23}},"loc":{"start":{"line":474,"column":4},"end":{"line":476,"column":6}}},"51":{"name":"(anonymous_52)","decl":{"start":{"line":474,"column":37},"end":{"line":474,"column":38}},"loc":{"start":{"line":474,"column":47},"end":{"line":476,"column":5}}},"52":{"name":"(anonymous_53)","decl":{"start":{"line":477,"column":22},"end":{"line":477,"column":25}},"loc":{"start":{"line":478,"column":4},"end":{"line":480,"column":6}}},"53":{"name":"(anonymous_54)","decl":{"start":{"line":478,"column":37},"end":{"line":478,"column":38}},"loc":{"start":{"line":478,"column":47},"end":{"line":480,"column":5}}},"54":{"name":"(anonymous_55)","decl":{"start":{"line":482,"column":22},"end":{"line":482,"column":25}},"loc":{"start":{"line":483,"column":4},"end":{"line":485,"column":6}}},"55":{"name":"(anonymous_56)","decl":{"start":{"line":483,"column":37},"end":{"line":483,"column":38}},"loc":{"start":{"line":483,"column":47},"end":{"line":485,"column":5}}},"56":{"name":"(anonymous_57)","decl":{"start":{"line":487,"column":33},"end":{"line":487,"column":36}},"loc":{"start":{"line":488,"column":4},"end":{"line":490,"column":6}}},"57":{"name":"(anonymous_58)","decl":{"start":{"line":488,"column":37},"end":{"line":488,"column":38}},"loc":{"start":{"line":488,"column":47},"end":{"line":490,"column":5}}},"58":{"name":"(anonymous_59)","decl":{"start":{"line":493,"column":28},"end":{"line":493,"column":31}},"loc":{"start":{"line":494,"column":4},"end":{"line":496,"column":6}}},"59":{"name":"(anonymous_60)","decl":{"start":{"line":494,"column":37},"end":{"line":494,"column":38}},"loc":{"start":{"line":494,"column":47},"end":{"line":496,"column":5}}},"60":{"name":"(anonymous_61)","decl":{"start":{"line":499,"column":21},"end":{"line":499,"column":24}},"loc":{"start":{"line":500,"column":4},"end":{"line":502,"column":6}}},"61":{"name":"(anonymous_62)","decl":{"start":{"line":500,"column":37},"end":{"line":500,"column":38}},"loc":{"start":{"line":500,"column":47},"end":{"line":502,"column":5}}},"62":{"name":"(anonymous_63)","decl":{"start":{"line":504,"column":17},"end":{"line":504,"column":20}},"loc":{"start":{"line":505,"column":4},"end":{"line":507,"column":6}}},"63":{"name":"(anonymous_64)","decl":{"start":{"line":505,"column":37},"end":{"line":505,"column":38}},"loc":{"start":{"line":505,"column":47},"end":{"line":507,"column":5}}},"64":{"name":"(anonymous_65)","decl":{"start":{"line":509,"column":19},"end":{"line":509,"column":22}},"loc":{"start":{"line":510,"column":4},"end":{"line":512,"column":6}}},"65":{"name":"(anonymous_66)","decl":{"start":{"line":510,"column":37},"end":{"line":510,"column":38}},"loc":{"start":{"line":510,"column":47},"end":{"line":512,"column":5}}}},"branchMap":{"0":{"loc":{"start":{"line":254,"column":8},"end":{"line":269,"column":9}},"type":"if","locations":[{"start":{"line":254,"column":8},"end":{"line":269,"column":9}},{"start":{"line":264,"column":15},"end":{"line":269,"column":9}}]},"1":{"loc":{"start":{"line":261,"column":14},"end":{"line":261,"column":60}},"type":"binary-expr","locations":[{"start":{"line":261,"column":14},"end":{"line":261,"column":42}},{"start":{"line":261,"column":46},"end":{"line":261,"column":60}}]},"2":{"loc":{"start":{"line":284,"column":25},"end":{"line":286,"column":23}},"type":"cond-expr","locations":[{"start":{"line":285,"column":14},"end":{"line":285,"column":48}},{"start":{"line":286,"column":14},"end":{"line":286,"column":23}}]},"3":{"loc":{"start":{"line":290,"column":8},"end":{"line":298,"column":9}},"type":"if","locations":[{"start":{"line":290,"column":8},"end":{"line":298,"column":9}},{"start":{"line":293,"column":15},"end":{"line":298,"column":9}}]},"4":{"loc":{"start":{"line":311,"column":8},"end":{"line":318,"column":9}},"type":"if","locations":[{"start":{"line":311,"column":8},"end":{"line":318,"column":9}},{"start":{"line":313,"column":15},"end":{"line":318,"column":9}}]},"5":{"loc":{"start":{"line":366,"column":8},"end":{"line":374,"column":9}},"type":"if","locations":[{"start":{"line":366,"column":8},"end":{"line":374,"column":9}},{"start":{"line":369,"column":15},"end":{"line":374,"column":9}}]},"6":{"loc":{"start":{"line":406,"column":8},"end":{"line":410,"column":9}},"type":"if","locations":[{"start":{"line":406,"column":8},"end":{"line":410,"column":9}},{"start":{"line":408,"column":15},"end":{"line":410,"column":9}}]},"7":{"loc":{"start":{"line":425,"column":8},"end":{"line":430,"column":9}},"type":"if","locations":[{"start":{"line":425,"column":8},"end":{"line":430,"column":9}},{"start":{"line":428,"column":15},"end":{"line":430,"column":9}}]}},"s":{"0":7,"1":7,"2":7,"3":7,"4":7,"5":7,"6":7,"7":7,"8":7,"9":1,"10":1,"11":7,"12":1,"13":1,"14":7,"15":1,"16":1,"17":7,"18":2,"19":2,"20":1,"21":1,"22":7,"23":1,"24":1,"25":7,"26":2,"27":2,"28":1,"29":1,"30":7,"31":2,"32":2,"33":1,"34":1,"35":7,"36":1,"37":1,"38":7,"39":1,"40":1,"41":7,"42":7,"43":1,"44":1,"45":1,"46":6,"47":1,"48":1,"49":1,"50":3,"51":2,"52":2,"53":2,"54":1,"55":3,"56":1,"57":1,"58":6,"59":2,"60":2,"61":2,"62":2,"63":1,"64":1,"65":1,"66":2,"67":1,"68":1,"69":6,"70":1,"71":1,"72":2,"73":1,"74":1,"75":2,"76":1,"77":1,"78":6,"79":6,"80":6,"81":1,"82":1,"83":1,"84":2,"85":1,"86":1,"87":1,"88":2,"89":2,"90":2,"91":6,"92":6,"93":1,"94":1,"95":2,"96":1,"97":1,"98":2,"99":1,"100":1,"101":6,"102":1,"103":1,"104":2,"105":1,"106":1,"107":1,"108":2,"109":1,"110":1,"111":7,"112":7,"113":973,"114":7,"115":16,"116":16,"117":1,"118":1,"119":111,"120":111,"121":1,"122":1,"123":40,"124":40,"125":40,"126":40,"127":111,"128":111,"129":40,"130":40,"131":40,"132":40,"133":79,"134":79,"135":7,"136":1,"137":1,"138":1,"139":1,"140":1,"141":1,"142":7},"f":{"0":1,"1":1,"2":1,"3":2,"4":1,"5":2,"6":2,"7":1,"8":1,"9":1,"10":1,"11":6,"12":1,"13":3,"14":1,"15":2,"16":2,"17":1,"18":1,"19":2,"20":1,"21":1,"22":2,"23":1,"24":1,"25":2,"26":1,"27":1,"28":2,"29":2,"30":1,"31":2,"32":1,"33":1,"34":2,"35":1,"36":1,"37":2,"38":1,"39":973,"40":16,"41":16,"42":1,"43":1,"44":111,"45":111,"46":1,"47":1,"48":40,"49":40,"50":40,"51":40,"52":111,"53":111,"54":40,"55":40,"56":40,"57":40,"58":79,"59":79,"60":1,"61":1,"62":1,"63":1,"64":1,"65":1},"b":{"0":[2,1],"1":[2,1],"2":[1,1],"3":[1,1],"4":[1,1],"5":[1,1],"6":[1,1],"7":[1,1]}}
}
