{"/Users/kty/Documents/_dev/react/react-shadcn/src/components/pages/UserCreate.tsx": {"path":"/Users/kty/Documents/_dev/react/react-shadcn/src/components/pages/UserCreate.tsx","statementMap":{"0":{"start":{"line":2,"column":0},"end":{"line":2,"column":65}},"1":{"start":{"line":3,"column":0},"end":{"line":3,"column":76}},"2":{"start":{"line":4,"column":0},"end":{"line":4,"column":48}},"3":{"start":{"line":5,"column":0},"end":{"line":5,"column":57}},"4":{"start":{"line":6,"column":0},"end":{"line":6,"column":80}},"5":{"start":{"line":7,"column":0},"end":{"line":7,"column":null}},"6":{"start":{"line":13,"column":0},"end":{"line":13,"column":46}},"7":{"start":{"line":14,"column":0},"end":{"line":14,"column":73}},"8":{"start":{"line":15,"column":0},"end":{"line":15,"column":47}},"9":{"start":{"line":16,"column":0},"end":{"line":16,"column":null}},"10":{"start":{"line":24,"column":0},"end":{"line":24,"column":33}},"11":{"start":{"line":25,"column":0},"end":{"line":25,"column":null}},"12":{"start":{"line":31,"column":0},"end":{"line":31,"column":33}},"13":{"start":{"line":32,"column":0},"end":{"line":32,"column":55}},"14":{"start":{"line":33,"column":0},"end":{"line":33,"column":49}},"15":{"start":{"line":42,"column":23},"end":{"line":42,"column":25}},"16":{"start":{"line":43,"column":21},"end":{"line":43,"column":24}},"17":{"start":{"line":44,"column":24},"end":{"line":44,"column":27}},"18":{"start":{"line":45,"column":22},"end":{"line":45,"column":25}},"19":{"start":{"line":47,"column":19},"end":{"line":51,"column":11}},"20":{"start":{"line":71,"column":26},"end":{"line":394,"column":1}},"21":{"start":{"line":72,"column":32},"end":{"line":72,"column":45}},"22":{"start":{"line":73,"column":15},"end":{"line":73,"column":61}},"23":{"start":{"line":74,"column":26},"end":{"line":75,"column":null}},"24":{"start":{"line":77,"column":21},"end":{"line":79,"column":15}},"25":{"start":{"line":81,"column":46},"end":{"line":82,"column":null}},"26":{"start":{"line":85,"column":52},"end":{"line":86,"column":null}},"27":{"start":{"line":89,"column":52},"end":{"line":90,"column":null}},"28":{"start":{"line":95,"column":42},"end":{"line":96,"column":null}},"29":{"start":{"line":99,"column":48},"end":{"line":100,"column":null}},"30":{"start":{"line":103,"column":25},"end":{"line":118,"column":3}},"31":{"start":{"line":104,"column":4},"end":{"line":117,"column":6}},"32":{"start":{"line":120,"column":25},"end":{"line":173,"column":3}},"33":{"start":{"line":121,"column":29},"end":{"line":121,"column":31}},"34":{"start":{"line":122,"column":4},"end":{"line":124,"column":5}},"35":{"start":{"line":123,"column":6},"end":{"line":123,"column":41}},"36":{"start":{"line":125,"column":4},"end":{"line":127,"column":5}},"37":{"start":{"line":126,"column":6},"end":{"line":126,"column":38}},"38":{"start":{"line":128,"column":4},"end":{"line":130,"column":5}},"39":{"start":{"line":129,"column":6},"end":{"line":129,"column":41}},"40":{"start":{"line":131,"column":4},"end":{"line":133,"column":5}},"41":{"start":{"line":132,"column":6},"end":{"line":132,"column":42}},"42":{"start":{"line":135,"column":4},"end":{"line":140,"column":5}},"43":{"start":{"line":136,"column":6},"end":{"line":138,"column":9}},"44":{"start":{"line":139,"column":6},"end":{"line":139,"column":13}},"45":{"start":{"line":141,"column":39},"end":{"line":147,"column":6}},"46":{"start":{"line":148,"column":4},"end":{"line":148,"column":39}},"47":{"start":{"line":149,"column":19},"end":{"line":149,"column":55}},"48":{"start":{"line":150,"column":4},"end":{"line":168,"column":5}},"49":{"start":{"line":151,"column":6},"end":{"line":153,"column":9}},"50":{"start":{"line":154,"column":6},"end":{"line":167,"column":8}},"51":{"start":{"line":169,"column":4},"end":{"line":172,"column":6}},"52":{"start":{"line":175,"column":26},"end":{"line":178,"column":3}},"53":{"start":{"line":176,"column":4},"end":{"line":176,"column":35}},"54":{"start":{"line":177,"column":4},"end":{"line":177,"column":35}},"55":{"start":{"line":180,"column":2},"end":{"line":393,"column":4}},"56":{"start":{"line":222,"column":43},"end":{"line":222,"column":76}},"57":{"start":{"line":237,"column":43},"end":{"line":237,"column":76}},"58":{"start":{"line":252,"column":43},"end":{"line":252,"column":79}},"59":{"start":{"line":266,"column":57},"end":{"line":266,"column":75}},"60":{"start":{"line":303,"column":18},"end":{"line":303,"column":40}},"61":{"start":{"line":304,"column":18},"end":{"line":304,"column":43}},"62":{"start":{"line":305,"column":18},"end":{"line":305,"column":43}},"63":{"start":{"line":306,"column":18},"end":{"line":306,"column":38}},"64":{"start":{"line":335,"column":22},"end":{"line":336,"column":null}},"65":{"start":{"line":367,"column":45},"end":{"line":367,"column":65}},"66":{"start":{"line":379,"column":18},"end":{"line":379,"column":45}},"67":{"start":{"line":71,"column":13},"end":{"line":71,"column":26}}},"fnMap":{"0":{"name":"(anonymous_1)","decl":{"start":{"line":71,"column":26},"end":{"line":71,"column":29}},"loc":{"start":{"line":71,"column":31},"end":{"line":394,"column":1}}},"1":{"name":"(anonymous_2)","decl":{"start":{"line":103,"column":25},"end":{"line":103,"column":28}},"loc":{"start":{"line":103,"column":30},"end":{"line":118,"column":3}}},"2":{"name":"(anonymous_3)","decl":{"start":{"line":120,"column":25},"end":{"line":120,"column":30}},"loc":{"start":{"line":120,"column":52},"end":{"line":173,"column":3}}},"3":{"name":"(anonymous_4)","decl":{"start":{"line":175,"column":26},"end":{"line":175,"column":29}},"loc":{"start":{"line":175,"column":31},"end":{"line":178,"column":3}}},"4":{"name":"(anonymous_5)","decl":{"start":{"line":222,"column":36},"end":{"line":222,"column":37}},"loc":{"start":{"line":222,"column":43},"end":{"line":222,"column":76}}},"5":{"name":"(anonymous_6)","decl":{"start":{"line":237,"column":36},"end":{"line":237,"column":37}},"loc":{"start":{"line":237,"column":43},"end":{"line":237,"column":76}}},"6":{"name":"(anonymous_7)","decl":{"start":{"line":252,"column":36},"end":{"line":252,"column":37}},"loc":{"start":{"line":252,"column":43},"end":{"line":252,"column":79}}},"7":{"name":"(anonymous_8)","decl":{"start":{"line":266,"column":39},"end":{"line":266,"column":40}},"loc":{"start":{"line":266,"column":57},"end":{"line":266,"column":75}}},"8":{"name":"(anonymous_9)","decl":{"start":{"line":302,"column":25},"end":{"line":302,"column":28}},"loc":{"start":{"line":302,"column":30},"end":{"line":307,"column":17}}},"9":{"name":"(anonymous_10)","decl":{"start":{"line":334,"column":36},"end":{"line":334,"column":37}},"loc":{"start":{"line":335,"column":22},"end":{"line":336,"column":null}}},"10":{"name":"(anonymous_11)","decl":{"start":{"line":367,"column":39},"end":{"line":367,"column":42}},"loc":{"start":{"line":367,"column":45},"end":{"line":367,"column":65}}},"11":{"name":"(anonymous_12)","decl":{"start":{"line":378,"column":26},"end":{"line":378,"column":27}},"loc":{"start":{"line":378,"column":32},"end":{"line":380,"column":17}}}},"branchMap":{"0":{"loc":{"start":{"line":82,"column":4},"end":{"line":82,"column":36}},"type":"binary-expr","locations":[{"start":{"line":82,"column":4},"end":{"line":82,"column":30}},{"start":{"line":82,"column":34},"end":{"line":82,"column":36}}]},"1":{"loc":{"start":{"line":86,"column":4},"end":{"line":86,"column":39}},"type":"binary-expr","locations":[{"start":{"line":86,"column":4},"end":{"line":86,"column":33}},{"start":{"line":86,"column":37},"end":{"line":86,"column":39}}]},"2":{"loc":{"start":{"line":90,"column":4},"end":{"line":90,"column":36}},"type":"binary-expr","locations":[{"start":{"line":90,"column":4},"end":{"line":90,"column":30}},{"start":{"line":90,"column":34},"end":{"line":90,"column":36}}]},"3":{"loc":{"start":{"line":96,"column":4},"end":{"line":96,"column":45}},"type":"binary-expr","locations":[{"start":{"line":96,"column":4},"end":{"line":96,"column":27}},{"start":{"line":96,"column":31},"end":{"line":96,"column":45}}]},"4":{"loc":{"start":{"line":122,"column":4},"end":{"line":124,"column":5}},"type":"if","locations":[{"start":{"line":122,"column":4},"end":{"line":124,"column":5}},{"start":{},"end":{}}]},"5":{"loc":{"start":{"line":125,"column":4},"end":{"line":127,"column":5}},"type":"if","locations":[{"start":{"line":125,"column":4},"end":{"line":127,"column":5}},{"start":{},"end":{}}]},"6":{"loc":{"start":{"line":128,"column":4},"end":{"line":130,"column":5}},"type":"if","locations":[{"start":{"line":128,"column":4},"end":{"line":130,"column":5}},{"start":{},"end":{}}]},"7":{"loc":{"start":{"line":131,"column":4},"end":{"line":133,"column":5}},"type":"if","locations":[{"start":{"line":131,"column":4},"end":{"line":133,"column":5}},{"start":{},"end":{}}]},"8":{"loc":{"start":{"line":135,"column":4},"end":{"line":140,"column":5}},"type":"if","locations":[{"start":{"line":135,"column":4},"end":{"line":140,"column":5}},{"start":{},"end":{}}]},"9":{"loc":{"start":{"line":150,"column":4},"end":{"line":168,"column":5}},"type":"if","locations":[{"start":{"line":150,"column":4},"end":{"line":168,"column":5}},{"start":{},"end":{}}]},"10":{"loc":{"start":{"line":196,"column":13},"end":{"line":204,"column":27}},"type":"cond-expr","locations":[{"start":{"line":197,"column":16},"end":{"line":203,"column":20}},{"start":{"line":204,"column":16},"end":{"line":204,"column":27}}]},"11":{"loc":{"start":{"line":317,"column":11},"end":{"line":388,"column":null}},"type":"cond-expr","locations":[{"start":{"line":318,"column":12},"end":{"line":381,"column":null}},{"start":{"line":383,"column":14},"end":{"line":388,"column":null}}]},"12":{"loc":{"start":{"line":317,"column":11},"end":{"line":317,"column":63}},"type":"binary-expr","locations":[{"start":{"line":317,"column":11},"end":{"line":317,"column":21}},{"start":{"line":317,"column":25},"end":{"line":317,"column":29}},{"start":{"line":317,"column":33},"end":{"line":317,"column":63}}]},"13":{"loc":{"start":{"line":317,"column":34},"end":{"line":317,"column":58}},"type":"binary-expr","locations":[{"start":{"line":317,"column":34},"end":{"line":317,"column":53}},{"start":{"line":317,"column":57},"end":{"line":317,"column":58}}]},"14":{"loc":{"start":{"line":354,"column":28},"end":{"line":354,"column":79}},"type":"cond-expr","locations":[{"start":{"line":354,"column":51},"end":{"line":354,"column":74}},{"start":{"line":354,"column":77},"end":{"line":354,"column":79}}]},"15":{"loc":{"start":{"line":357,"column":27},"end":{"line":368,"column":null}},"type":"cond-expr","locations":[{"start":{"line":358,"column":28},"end":{"line":358,"column":34}},{"start":{"line":360,"column":28},"end":{"line":367,"column":null}}]},"16":{"loc":{"start":{"line":383,"column":14},"end":{"line":388,"column":null}},"type":"cond-expr","locations":[{"start":{"line":384,"column":12},"end":{"line":384,"column":null}},{"start":{"line":388,"column":12},"end":{"line":388,"column":17}}]}},"s":{"0":1,"1":1,"2":1,"3":1,"4":1,"5":1,"6":1,"7":1,"8":1,"9":1,"10":1,"11":1,"12":1,"13":1,"14":1,"15":1,"16":1,"17":1,"18":1,"19":1,"20":1,"21":25,"22":25,"23":25,"24":25,"25":25,"26":25,"27":25,"28":25,"29":25,"30":25,"31":1,"32":25,"33":2,"34":2,"35":1,"36":2,"37":0,"38":2,"39":0,"40":2,"41":0,"42":2,"43":1,"44":1,"45":1,"46":1,"47":1,"48":1,"49":1,"50":1,"51":1,"52":25,"53":0,"54":0,"55":25,"56":6,"57":6,"58":6,"59":0,"60":1,"61":1,"62":1,"63":1,"64":3,"65":2,"66":0,"67":1},"f":{"0":25,"1":1,"2":2,"3":0,"4":6,"5":6,"6":6,"7":0,"8":1,"9":3,"10":2,"11":0},"b":{"0":[25,14],"1":[25,25],"2":[25,25],"3":[25,25],"4":[1,1],"5":[0,2],"6":[0,2],"7":[0,2],"8":[1,1],"9":[1,0],"10":[0,25],"11":[3,22],"12":[25,4,4],"13":[4,0],"14":[1,2],"15":[1,2],"16":[1,21]}}
,"/Users/kty/Documents/_dev/react/react-shadcn/src/components/pages/UserManage.tsx": {"path":"/Users/kty/Documents/_dev/react/react-shadcn/src/components/pages/UserManage.tsx","statementMap":{"0":{"start":{"line":2,"column":0},"end":{"line":2,"column":65}},"1":{"start":{"line":3,"column":0},"end":{"line":3,"column":86}},"2":{"start":{"line":4,"column":0},"end":{"line":4,"column":76}},"3":{"start":{"line":5,"column":0},"end":{"line":5,"column":48}},"4":{"start":{"line":6,"column":0},"end":{"line":6,"column":57}},"5":{"start":{"line":7,"column":0},"end":{"line":7,"column":80}},"6":{"start":{"line":8,"column":0},"end":{"line":8,"column":null}},"7":{"start":{"line":14,"column":0},"end":{"line":14,"column":null}},"8":{"start":{"line":22,"column":0},"end":{"line":22,"column":45}},"9":{"start":{"line":23,"column":0},"end":{"line":23,"column":69}},"10":{"start":{"line":24,"column":0},"end":{"line":24,"column":47}},"11":{"start":{"line":25,"column":0},"end":{"line":25,"column":33}},"12":{"start":{"line":26,"column":0},"end":{"line":26,"column":42}},"13":{"start":{"line":27,"column":0},"end":{"line":27,"column":39}},"14":{"start":{"line":30,"column":19},"end":{"line":234,"column":1}},"15":{"start":{"line":32,"column":19},"end":{"line":32,"column":35}},"16":{"start":{"line":33,"column":15},"end":{"line":33,"column":59}},"17":{"start":{"line":34,"column":26},"end":{"line":34,"column":77}},"18":{"start":{"line":35,"column":21},"end":{"line":37,"column":19}},"19":{"start":{"line":39,"column":46},"end":{"line":40,"column":null}},"20":{"start":{"line":42,"column":42},"end":{"line":43,"column":null}},"21":{"start":{"line":45,"column":52},"end":{"line":46,"column":null}},"22":{"start":{"line":48,"column":48},"end":{"line":49,"column":null}},"23":{"start":{"line":51,"column":50},"end":{"line":53,"column":41}},"24":{"start":{"line":55,"column":25},"end":{"line":69,"column":3}},"25":{"start":{"line":56,"column":4},"end":{"line":68,"column":6}},"26":{"start":{"line":71,"column":2},"end":{"line":233,"column":4}},"27":{"start":{"line":93,"column":43},"end":{"line":93,"column":76}},"28":{"start":{"line":106,"column":43},"end":{"line":106,"column":74}},"29":{"start":{"line":121,"column":43},"end":{"line":121,"column":79}},"30":{"start":{"line":136,"column":26},"end":{"line":136,"column":49}},"31":{"start":{"line":137,"column":26},"end":{"line":137,"column":78}},"32":{"start":{"line":137,"column":58},"end":{"line":137,"column":65}},"33":{"start":{"line":151,"column":18},"end":{"line":151,"column":40}},"34":{"start":{"line":152,"column":18},"end":{"line":152,"column":38}},"35":{"start":{"line":153,"column":18},"end":{"line":153,"column":43}},"36":{"start":{"line":154,"column":18},"end":{"line":154,"column":42}},"37":{"start":{"line":155,"column":18},"end":{"line":155,"column":41}},"38":{"start":{"line":183,"column":22},"end":{"line":184,"column":null}},"39":{"start":{"line":219,"column":18},"end":{"line":219,"column":43}},"40":{"start":{"line":237,"column":9},"end":{"line":237,"column":19}},"41":{"start":{"line":236,"column":0},"end":{"line":236,"column":26}}},"fnMap":{"0":{"name":"(anonymous_0)","decl":{"start":{"line":30,"column":19},"end":{"line":30,"column":22}},"loc":{"start":{"line":30,"column":24},"end":{"line":234,"column":1}}},"1":{"name":"(anonymous_1)","decl":{"start":{"line":55,"column":25},"end":{"line":55,"column":28}},"loc":{"start":{"line":55,"column":30},"end":{"line":69,"column":3}}},"2":{"name":"(anonymous_2)","decl":{"start":{"line":93,"column":36},"end":{"line":93,"column":37}},"loc":{"start":{"line":93,"column":43},"end":{"line":93,"column":76}}},"3":{"name":"(anonymous_3)","decl":{"start":{"line":106,"column":36},"end":{"line":106,"column":37}},"loc":{"start":{"line":106,"column":43},"end":{"line":106,"column":74}}},"4":{"name":"(anonymous_4)","decl":{"start":{"line":121,"column":36},"end":{"line":121,"column":37}},"loc":{"start":{"line":121,"column":43},"end":{"line":121,"column":79}}},"5":{"name":"(anonymous_5)","decl":{"start":{"line":135,"column":34},"end":{"line":135,"column":35}},"loc":{"start":{"line":135,"column":40},"end":{"line":138,"column":25}}},"6":{"name":"(anonymous_6)","decl":{"start":{"line":137,"column":51},"end":{"line":137,"column":52}},"loc":{"start":{"line":137,"column":58},"end":{"line":137,"column":65}}},"7":{"name":"(anonymous_7)","decl":{"start":{"line":150,"column":25},"end":{"line":150,"column":28}},"loc":{"start":{"line":150,"column":30},"end":{"line":156,"column":17}}},"8":{"name":"(anonymous_8)","decl":{"start":{"line":182,"column":36},"end":{"line":182,"column":37}},"loc":{"start":{"line":183,"column":22},"end":{"line":184,"column":null}}},"9":{"name":"(anonymous_9)","decl":{"start":{"line":218,"column":26},"end":{"line":218,"column":27}},"loc":{"start":{"line":218,"column":32},"end":{"line":220,"column":17}}}},"branchMap":{"0":{"loc":{"start":{"line":40,"column":4},"end":{"line":40,"column":36}},"type":"binary-expr","locations":[{"start":{"line":40,"column":4},"end":{"line":40,"column":30}},{"start":{"line":40,"column":34},"end":{"line":40,"column":36}}]},"1":{"loc":{"start":{"line":43,"column":4},"end":{"line":43,"column":39}},"type":"binary-expr","locations":[{"start":{"line":43,"column":4},"end":{"line":43,"column":33}},{"start":{"line":43,"column":37},"end":{"line":43,"column":39}}]},"2":{"loc":{"start":{"line":46,"column":4},"end":{"line":46,"column":37}},"type":"binary-expr","locations":[{"start":{"line":46,"column":4},"end":{"line":46,"column":31}},{"start":{"line":46,"column":35},"end":{"line":46,"column":37}}]},"3":{"loc":{"start":{"line":49,"column":4},"end":{"line":49,"column":41}},"type":"binary-expr","locations":[{"start":{"line":49,"column":4},"end":{"line":49,"column":35}},{"start":{"line":49,"column":39},"end":{"line":49,"column":41}}]},"4":{"loc":{"start":{"line":53,"column":4},"end":{"line":53,"column":40}},"type":"binary-expr","locations":[{"start":{"line":53,"column":4},"end":{"line":53,"column":34}},{"start":{"line":53,"column":38},"end":{"line":53,"column":40}}]},"5":{"loc":{"start":{"line":165,"column":11},"end":{"line":228,"column":null}},"type":"cond-expr","locations":[{"start":{"line":166,"column":12},"end":{"line":221,"column":null}},{"start":{"line":223,"column":14},"end":{"line":228,"column":null}}]},"6":{"loc":{"start":{"line":165,"column":11},"end":{"line":165,"column":63}},"type":"binary-expr","locations":[{"start":{"line":165,"column":11},"end":{"line":165,"column":21}},{"start":{"line":165,"column":25},"end":{"line":165,"column":29}},{"start":{"line":165,"column":33},"end":{"line":165,"column":63}}]},"7":{"loc":{"start":{"line":165,"column":34},"end":{"line":165,"column":58}},"type":"binary-expr","locations":[{"start":{"line":165,"column":34},"end":{"line":165,"column":53}},{"start":{"line":165,"column":57},"end":{"line":165,"column":58}}]},"8":{"loc":{"start":{"line":197,"column":27},"end":{"line":197,"column":61}},"type":"cond-expr","locations":[{"start":{"line":197,"column":46},"end":{"line":197,"column":56}},{"start":{"line":197,"column":59},"end":{"line":197,"column":61}}]},"9":{"loc":{"start":{"line":223,"column":14},"end":{"line":228,"column":null}},"type":"cond-expr","locations":[{"start":{"line":224,"column":12},"end":{"line":224,"column":null}},{"start":{"line":228,"column":12},"end":{"line":228,"column":17}}]}},"s":{"0":1,"1":1,"2":1,"3":1,"4":1,"5":1,"6":1,"7":1,"8":1,"9":1,"10":1,"11":1,"12":1,"13":1,"14":1,"15":19,"16":19,"17":19,"18":19,"19":19,"20":19,"21":19,"22":19,"23":19,"24":19,"25":1,"26":19,"27":5,"28":4,"29":5,"30":0,"31":0,"32":0,"33":1,"34":1,"35":1,"36":1,"37":1,"38":1,"39":0,"40":1,"41":1},"f":{"0":19,"1":1,"2":5,"3":4,"4":5,"5":0,"6":0,"7":1,"8":1,"9":0},"b":{"0":[19,19],"1":[19,19],"2":[19,19],"3":[19,19],"4":[19,19],"5":[1,18],"6":[19,7,1],"7":[1,0],"8":[1,0],"9":[6,12]}}
,"/Users/kty/Documents/_dev/react/react-shadcn/src/components/pages/UserTabsShell.tsx": {"path":"/Users/kty/Documents/_dev/react/react-shadcn/src/components/pages/UserTabsShell.tsx","statementMap":{"0":{"start":{"line":1,"column":0},"end":{"line":1,"column":47}},"1":{"start":{"line":2,"column":0},"end":{"line":2,"column":67}},"2":{"start":{"line":3,"column":0},"end":{"line":3,"column":45}},"3":{"start":{"line":5,"column":0},"end":{"line":5,"column":43}},"4":{"start":{"line":15,"column":29},"end":{"line":44,"column":1}},"5":{"start":{"line":16,"column":19},"end":{"line":16,"column":32}},"6":{"start":{"line":17,"column":23},"end":{"line":23,"column":3}},"7":{"start":{"line":18,"column":17},"end":{"line":18,"column":32}},"8":{"start":{"line":19,"column":4},"end":{"line":21,"column":5}},"9":{"start":{"line":20,"column":6},"end":{"line":20,"column":24}},"10":{"start":{"line":22,"column":4},"end":{"line":22,"column":71}},"11":{"start":{"line":25,"column":2},"end":{"line":43,"column":4}},"12":{"start":{"line":15,"column":13},"end":{"line":15,"column":29}}},"fnMap":{"0":{"name":"(anonymous_1)","decl":{"start":{"line":15,"column":29},"end":{"line":15,"column":30}},"loc":{"start":{"line":15,"column":74},"end":{"line":44,"column":1}}},"1":{"name":"(anonymous_2)","decl":{"start":{"line":17,"column":23},"end":{"line":17,"column":24}},"loc":{"start":{"line":17,"column":41},"end":{"line":23,"column":3}}}},"branchMap":{"0":{"loc":{"start":{"line":19,"column":4},"end":{"line":21,"column":5}},"type":"if","locations":[{"start":{"line":19,"column":4},"end":{"line":21,"column":5}},{"start":{},"end":{}}]},"1":{"loc":{"start":{"line":22,"column":13},"end":{"line":22,"column":69}},"type":"cond-expr","locations":[{"start":{"line":22,"column":30},"end":{"line":22,"column":48}},{"start":{"line":22,"column":51},"end":{"line":22,"column":69}}]}},"s":{"0":3,"1":3,"2":3,"3":3,"4":3,"5":46,"6":46,"7":2,"8":2,"9":1,"10":2,"11":46,"12":3},"f":{"0":46,"1":2},"b":{"0":[1,1],"1":[1,1]}}
,"/Users/kty/Documents/_dev/react/react-shadcn/src/redux/slices/userSlice.ts": {"path":"/Users/kty/Documents/_dev/react/react-shadcn/src/redux/slices/userSlice.ts","statementMap":{"0":{"start":{"line":3,"column":0},"end":{"line":3,"column":null}},"1":{"start":{"line":10,"column":0},"end":{"line":10,"column":null}},"2":{"start":{"line":23,"column":0},"end":{"line":23,"column":44}},"3":{"start":{"line":24,"column":0},"end":{"line":24,"column":null}},"4":{"start":{"line":39,"column":18},"end":{"line":39,"column":24}},"5":{"start":{"line":42,"column":16},"end":{"line":42,"column":46}},"6":{"start":{"line":43,"column":15},"end":{"line":43,"column":43}},"7":{"start":{"line":46,"column":13},"end":{"line":52,"column":2}},"8":{"start":{"line":49,"column":21},"end":{"line":49,"column":62}},"9":{"start":{"line":50,"column":4},"end":{"line":50,"column":33}},"10":{"start":{"line":55,"column":13},"end":{"line":61,"column":2}},"11":{"start":{"line":58,"column":21},"end":{"line":58,"column":47}},"12":{"start":{"line":59,"column":4},"end":{"line":59,"column":33}},"13":{"start":{"line":64,"column":34},"end":{"line":76,"column":2}},"14":{"start":{"line":65,"column":13},"end":{"line":65,"column":18}},"15":{"start":{"line":66,"column":21},"end":{"line":66,"column":33}},"16":{"start":{"line":67,"column":2},"end":{"line":75,"column":4}},"17":{"start":{"line":78,"column":13},"end":{"line":132,"column":2}},"18":{"start":{"line":88,"column":8},"end":{"line":88,"column":13}},"19":{"start":{"line":90,"column":15},"end":{"line":90,"column":26}},"20":{"start":{"line":91,"column":4},"end":{"line":94,"column":5}},"21":{"start":{"line":92,"column":16},"end":{"line":92,"column":39}},"22":{"start":{"line":93,"column":6},"end":{"line":93,"column":71}},"23":{"start":{"line":93,"column":32},"end":{"line":93,"column":69}},"24":{"start":{"line":95,"column":4},"end":{"line":98,"column":5}},"25":{"start":{"line":96,"column":16},"end":{"line":96,"column":42}},"26":{"start":{"line":97,"column":6},"end":{"line":97,"column":74}},"27":{"start":{"line":97,"column":32},"end":{"line":97,"column":72}},"28":{"start":{"line":99,"column":4},"end":{"line":102,"column":5}},"29":{"start":{"line":100,"column":16},"end":{"line":100,"column":39}},"30":{"start":{"line":101,"column":6},"end":{"line":101,"column":71}},"31":{"start":{"line":101,"column":32},"end":{"line":101,"column":69}},"32":{"start":{"line":103,"column":4},"end":{"line":107,"column":5}},"33":{"start":{"line":104,"column":6},"end":{"line":106,"column":8}},"34":{"start":{"line":105,"column":8},"end":{"line":105,"column":62}},"35":{"start":{"line":109,"column":18},"end":{"line":109,"column":29}},"36":{"start":{"line":110,"column":18},"end":{"line":110,"column":39}},"37":{"start":{"line":111,"column":18},"end":{"line":111,"column":53}},"38":{"start":{"line":112,"column":22},"end":{"line":112,"column":62}},"39":{"start":{"line":113,"column":35},"end":{"line":128,"column":6}},"40":{"start":{"line":130,"column":4},"end":{"line":130,"column":33}},"41":{"start":{"line":135,"column":13},"end":{"line":141,"column":2}},"42":{"start":{"line":139,"column":4},"end":{"line":139,"column":37}},"43":{"start":{"line":146,"column":13},"end":{"line":152,"column":2}},"44":{"start":{"line":149,"column":21},"end":{"line":149,"column":73}},"45":{"start":{"line":150,"column":4},"end":{"line":150,"column":33}},"46":{"start":{"line":155,"column":13},"end":{"line":161,"column":2}},"47":{"start":{"line":158,"column":21},"end":{"line":158,"column":65}},"48":{"start":{"line":159,"column":4},"end":{"line":159,"column":44}},"49":{"start":{"line":164,"column":13},"end":{"line":170,"column":2}},"50":{"start":{"line":167,"column":21},"end":{"line":167,"column":69}},"51":{"start":{"line":168,"column":4},"end":{"line":168,"column":33}},"52":{"start":{"line":173,"column":13},"end":{"line":179,"column":2}},"53":{"start":{"line":176,"column":21},"end":{"line":176,"column":79}},"54":{"start":{"line":177,"column":4},"end":{"line":177,"column":33}},"55":{"start":{"line":215,"column":32},"end":{"line":239,"column":2}},"56":{"start":{"line":242,"column":18},"end":{"line":430,"column":2}},"57":{"start":{"line":247,"column":6},"end":{"line":247,"column":27}},"58":{"start":{"line":248,"column":6},"end":{"line":248,"column":36}},"59":{"start":{"line":251,"column":6},"end":{"line":251,"column":45}},"60":{"start":{"line":255,"column":4},"end":{"line":354,"column":9}},"61":{"start":{"line":258,"column":8},"end":{"line":258,"column":39}},"62":{"start":{"line":259,"column":8},"end":{"line":259,"column":31}},"63":{"start":{"line":260,"column":8},"end":{"line":260,"column":40}},"64":{"start":{"line":263,"column":8},"end":{"line":278,"column":9}},"65":{"start":{"line":264,"column":10},"end":{"line":264,"column":42}},"66":{"start":{"line":265,"column":10},"end":{"line":265,"column":31}},"67":{"start":{"line":268,"column":10},"end":{"line":272,"column":12}},"68":{"start":{"line":274,"column":10},"end":{"line":277,"column":12}},"69":{"start":{"line":279,"column":8},"end":{"line":279,"column":32}},"70":{"start":{"line":282,"column":8},"end":{"line":282,"column":32}},"71":{"start":{"line":283,"column":8},"end":{"line":283,"column":53}},"72":{"start":{"line":288,"column":8},"end":{"line":288,"column":31}},"73":{"start":{"line":289,"column":8},"end":{"line":289,"column":40}},"74":{"start":{"line":290,"column":29},"end":{"line":292,"column":21}},"75":{"start":{"line":293,"column":8},"end":{"line":296,"column":10}},"76":{"start":{"line":299,"column":8},"end":{"line":306,"column":9}},"77":{"start":{"line":300,"column":10},"end":{"line":300,"column":43}},"78":{"start":{"line":302,"column":10},"end":{"line":305,"column":12}},"79":{"start":{"line":307,"column":8},"end":{"line":307,"column":32}},"80":{"start":{"line":310,"column":8},"end":{"line":310,"column":32}},"81":{"start":{"line":311,"column":8},"end":{"line":311,"column":53}},"82":{"start":{"line":315,"column":8},"end":{"line":315,"column":31}},"83":{"start":{"line":316,"column":8},"end":{"line":316,"column":40}},"84":{"start":{"line":317,"column":29},"end":{"line":319,"column":21}},"85":{"start":{"line":320,"column":8},"end":{"line":323,"column":10}},"86":{"start":{"line":324,"column":8},"end":{"line":324,"column":37}},"87":{"start":{"line":327,"column":8},"end":{"line":327,"column":32}},"88":{"start":{"line":328,"column":8},"end":{"line":328,"column":39}},"89":{"start":{"line":329,"column":8},"end":{"line":329,"column":36}},"90":{"start":{"line":332,"column":8},"end":{"line":332,"column":32}},"91":{"start":{"line":333,"column":8},"end":{"line":333,"column":53}},"92":{"start":{"line":334,"column":8},"end":{"line":334,"column":36}},"93":{"start":{"line":339,"column":8},"end":{"line":339,"column":31}},"94":{"start":{"line":340,"column":8},"end":{"line":340,"column":40}},"95":{"start":{"line":343,"column":8},"end":{"line":343,"column":32}},"96":{"start":{"line":344,"column":22},"end":{"line":344,"column":43}},"97":{"start":{"line":345,"column":8},"end":{"line":349,"column":9}},"98":{"start":{"line":346,"column":10},"end":{"line":348,"column":12}},"99":{"start":{"line":347,"column":12},"end":{"line":347,"column":62}},"100":{"start":{"line":352,"column":8},"end":{"line":352,"column":32}},"101":{"start":{"line":353,"column":8},"end":{"line":353,"column":53}},"102":{"start":{"line":356,"column":4},"end":{"line":389,"column":9}},"103":{"start":{"line":359,"column":8},"end":{"line":359,"column":31}},"104":{"start":{"line":360,"column":8},"end":{"line":360,"column":40}},"105":{"start":{"line":363,"column":8},"end":{"line":367,"column":9}},"106":{"start":{"line":364,"column":10},"end":{"line":364,"column":42}},"107":{"start":{"line":366,"column":10},"end":{"line":366,"column":60}},"108":{"start":{"line":368,"column":8},"end":{"line":368,"column":32}},"109":{"start":{"line":371,"column":8},"end":{"line":371,"column":32}},"110":{"start":{"line":372,"column":8},"end":{"line":372,"column":53}},"111":{"start":{"line":377,"column":8},"end":{"line":377,"column":31}},"112":{"start":{"line":378,"column":8},"end":{"line":378,"column":40}},"113":{"start":{"line":381,"column":8},"end":{"line":381,"column":32}},"114":{"start":{"line":382,"column":8},"end":{"line":384,"column":9}},"115":{"start":{"line":383,"column":10},"end":{"line":383,"column":62}},"116":{"start":{"line":387,"column":8},"end":{"line":387,"column":32}},"117":{"start":{"line":388,"column":8},"end":{"line":388,"column":53}},"118":{"start":{"line":391,"column":4},"end":{"line":408,"column":9}},"119":{"start":{"line":394,"column":8},"end":{"line":394,"column":31}},"120":{"start":{"line":395,"column":8},"end":{"line":395,"column":40}},"121":{"start":{"line":398,"column":8},"end":{"line":402,"column":9}},"122":{"start":{"line":399,"column":10},"end":{"line":399,"column":50}},"123":{"start":{"line":401,"column":10},"end":{"line":401,"column":55}},"124":{"start":{"line":403,"column":8},"end":{"line":403,"column":32}},"125":{"start":{"line":406,"column":8},"end":{"line":406,"column":32}},"126":{"start":{"line":407,"column":8},"end":{"line":407,"column":53}},"127":{"start":{"line":410,"column":4},"end":{"line":428,"column":9}},"128":{"start":{"line":413,"column":8},"end":{"line":413,"column":31}},"129":{"start":{"line":414,"column":8},"end":{"line":414,"column":40}},"130":{"start":{"line":417,"column":8},"end":{"line":422,"column":9}},"131":{"start":{"line":418,"column":10},"end":{"line":418,"column":43}},"132":{"start":{"line":419,"column":10},"end":{"line":419,"column":41}},"133":{"start":{"line":421,"column":10},"end":{"line":421,"column":61}},"134":{"start":{"line":423,"column":8},"end":{"line":423,"column":32}},"135":{"start":{"line":426,"column":8},"end":{"line":426,"column":32}},"136":{"start":{"line":427,"column":8},"end":{"line":427,"column":53}},"137":{"start":{"line":433,"column":13},"end":{"line":433,"column":45}},"138":{"start":{"line":436,"column":25},"end":{"line":436,"column":60}},"139":{"start":{"line":436,"column":50},"end":{"line":436,"column":60}},"140":{"start":{"line":437,"column":36},"end":{"line":448,"column":2}},"141":{"start":{"line":450,"column":13},"end":{"line":511,"column":2}},"142":{"start":{"line":452,"column":4},"end":{"line":454,"column":6}},"143":{"start":{"line":453,"column":6},"end":{"line":453,"column":28}},"144":{"start":{"line":457,"column":4},"end":{"line":459,"column":6}},"145":{"start":{"line":458,"column":6},"end":{"line":458,"column":26}},"146":{"start":{"line":462,"column":4},"end":{"line":464,"column":6}},"147":{"start":{"line":463,"column":6},"end":{"line":463,"column":29}},"148":{"start":{"line":467,"column":4},"end":{"line":469,"column":6}},"149":{"start":{"line":468,"column":6},"end":{"line":468,"column":27}},"150":{"start":{"line":472,"column":4},"end":{"line":474,"column":6}},"151":{"start":{"line":473,"column":6},"end":{"line":473,"column":40}},"152":{"start":{"line":477,"column":4},"end":{"line":479,"column":6}},"153":{"start":{"line":478,"column":6},"end":{"line":478,"column":29}},"154":{"start":{"line":483,"column":4},"end":{"line":490,"column":6}},"155":{"start":{"line":484,"column":6},"end":{"line":489,"column":8}},"156":{"start":{"line":493,"column":4},"end":{"line":495,"column":6}},"157":{"start":{"line":494,"column":6},"end":{"line":494,"column":44}},"158":{"start":{"line":499,"column":4},"end":{"line":501,"column":6}},"159":{"start":{"line":500,"column":6},"end":{"line":500,"column":28}},"160":{"start":{"line":505,"column":4},"end":{"line":510,"column":6}},"161":{"start":{"line":506,"column":6},"end":{"line":509,"column":8}},"162":{"start":{"line":513,"column":13},"end":{"line":528,"column":2}},"163":{"start":{"line":515,"column":4},"end":{"line":517,"column":6}},"164":{"start":{"line":516,"column":6},"end":{"line":516,"column":36}},"165":{"start":{"line":520,"column":4},"end":{"line":522,"column":6}},"166":{"start":{"line":521,"column":6},"end":{"line":521,"column":29}},"167":{"start":{"line":525,"column":4},"end":{"line":527,"column":6}},"168":{"start":{"line":526,"column":6},"end":{"line":526,"column":31}},"169":{"start":{"line":532,"column":13},"end":{"line":532,"column":50}}},"fnMap":{"0":{"name":"(anonymous_1)","decl":{"start":{"line":48,"column":2},"end":{"line":48,"column":7}},"loc":{"start":{"line":48,"column":27},"end":{"line":51,"column":3}}},"1":{"name":"(anonymous_2)","decl":{"start":{"line":57,"column":2},"end":{"line":57,"column":7}},"loc":{"start":{"line":57,"column":36},"end":{"line":60,"column":3}}},"2":{"name":"(anonymous_3)","decl":{"start":{"line":64,"column":65},"end":{"line":64,"column":66}},"loc":{"start":{"line":64,"column":74},"end":{"line":76,"column":1}}},"3":{"name":"(anonymous_4)","decl":{"start":{"line":80,"column":2},"end":{"line":80,"column":7}},"loc":{"start":{"line":80,"column":36},"end":{"line":131,"column":3}}},"4":{"name":"(anonymous_5)","decl":{"start":{"line":93,"column":25},"end":{"line":93,"column":26}},"loc":{"start":{"line":93,"column":32},"end":{"line":93,"column":69}}},"5":{"name":"(anonymous_6)","decl":{"start":{"line":97,"column":25},"end":{"line":97,"column":26}},"loc":{"start":{"line":97,"column":32},"end":{"line":97,"column":72}}},"6":{"name":"(anonymous_7)","decl":{"start":{"line":101,"column":25},"end":{"line":101,"column":26}},"loc":{"start":{"line":101,"column":32},"end":{"line":101,"column":69}}},"7":{"name":"(anonymous_8)","decl":{"start":{"line":104,"column":25},"end":{"line":104,"column":26}},"loc":{"start":{"line":105,"column":8},"end":{"line":105,"column":62}}},"8":{"name":"(anonymous_9)","decl":{"start":{"line":137,"column":2},"end":{"line":137,"column":7}},"loc":{"start":{"line":137,"column":38},"end":{"line":140,"column":3}}},"9":{"name":"(anonymous_10)","decl":{"start":{"line":148,"column":2},"end":{"line":148,"column":7}},"loc":{"start":{"line":148,"column":47},"end":{"line":151,"column":3}}},"10":{"name":"(anonymous_11)","decl":{"start":{"line":157,"column":2},"end":{"line":157,"column":7}},"loc":{"start":{"line":157,"column":27},"end":{"line":160,"column":3}}},"11":{"name":"(anonymous_12)","decl":{"start":{"line":166,"column":2},"end":{"line":166,"column":7}},"loc":{"start":{"line":166,"column":27},"end":{"line":169,"column":3}}},"12":{"name":"(anonymous_13)","decl":{"start":{"line":175,"column":2},"end":{"line":175,"column":7}},"loc":{"start":{"line":175,"column":30},"end":{"line":178,"column":3}}},"13":{"name":"(anonymous_14)","decl":{"start":{"line":246,"column":15},"end":{"line":246,"column":16}},"loc":{"start":{"line":246,"column":56},"end":{"line":249,"column":5}}},"14":{"name":"(anonymous_15)","decl":{"start":{"line":250,"column":20},"end":{"line":250,"column":21}},"loc":{"start":{"line":250,"column":30},"end":{"line":252,"column":5}}},"15":{"name":"(anonymous_16)","decl":{"start":{"line":254,"column":17},"end":{"line":254,"column":18}},"loc":{"start":{"line":254,"column":29},"end":{"line":429,"column":3}}},"16":{"name":"(anonymous_17)","decl":{"start":{"line":257,"column":36},"end":{"line":257,"column":37}},"loc":{"start":{"line":257,"column":54},"end":{"line":261,"column":7}}},"17":{"name":"(anonymous_18)","decl":{"start":{"line":262,"column":38},"end":{"line":262,"column":39}},"loc":{"start":{"line":262,"column":56},"end":{"line":280,"column":7}}},"18":{"name":"(anonymous_19)","decl":{"start":{"line":281,"column":37},"end":{"line":281,"column":38}},"loc":{"start":{"line":281,"column":47},"end":{"line":284,"column":7}}},"19":{"name":"(anonymous_20)","decl":{"start":{"line":287,"column":36},"end":{"line":287,"column":37}},"loc":{"start":{"line":287,"column":54},"end":{"line":297,"column":7}}},"20":{"name":"(anonymous_21)","decl":{"start":{"line":298,"column":38},"end":{"line":298,"column":39}},"loc":{"start":{"line":298,"column":56},"end":{"line":308,"column":7}}},"21":{"name":"(anonymous_22)","decl":{"start":{"line":309,"column":37},"end":{"line":309,"column":38}},"loc":{"start":{"line":309,"column":47},"end":{"line":312,"column":7}}},"22":{"name":"(anonymous_23)","decl":{"start":{"line":314,"column":38},"end":{"line":314,"column":39}},"loc":{"start":{"line":314,"column":56},"end":{"line":325,"column":7}}},"23":{"name":"(anonymous_24)","decl":{"start":{"line":326,"column":40},"end":{"line":326,"column":41}},"loc":{"start":{"line":326,"column":58},"end":{"line":330,"column":7}}},"24":{"name":"(anonymous_25)","decl":{"start":{"line":331,"column":39},"end":{"line":331,"column":40}},"loc":{"start":{"line":331,"column":49},"end":{"line":335,"column":7}}},"25":{"name":"(anonymous_26)","decl":{"start":{"line":338,"column":37},"end":{"line":338,"column":38}},"loc":{"start":{"line":338,"column":47},"end":{"line":341,"column":7}}},"26":{"name":"(anonymous_27)","decl":{"start":{"line":342,"column":39},"end":{"line":342,"column":40}},"loc":{"start":{"line":342,"column":57},"end":{"line":350,"column":7}}},"27":{"name":"(anonymous_28)","decl":{"start":{"line":346,"column":56},"end":{"line":346,"column":57}},"loc":{"start":{"line":347,"column":12},"end":{"line":347,"column":62}}},"28":{"name":"(anonymous_29)","decl":{"start":{"line":351,"column":38},"end":{"line":351,"column":39}},"loc":{"start":{"line":351,"column":48},"end":{"line":354,"column":7}}},"29":{"name":"(anonymous_30)","decl":{"start":{"line":358,"column":39},"end":{"line":358,"column":40}},"loc":{"start":{"line":358,"column":49},"end":{"line":361,"column":7}}},"30":{"name":"(anonymous_31)","decl":{"start":{"line":362,"column":41},"end":{"line":362,"column":42}},"loc":{"start":{"line":362,"column":59},"end":{"line":369,"column":7}}},"31":{"name":"(anonymous_32)","decl":{"start":{"line":370,"column":40},"end":{"line":370,"column":41}},"loc":{"start":{"line":370,"column":50},"end":{"line":373,"column":7}}},"32":{"name":"(anonymous_33)","decl":{"start":{"line":376,"column":35},"end":{"line":376,"column":36}},"loc":{"start":{"line":376,"column":45},"end":{"line":379,"column":7}}},"33":{"name":"(anonymous_34)","decl":{"start":{"line":380,"column":37},"end":{"line":380,"column":38}},"loc":{"start":{"line":380,"column":55},"end":{"line":385,"column":7}}},"34":{"name":"(anonymous_35)","decl":{"start":{"line":386,"column":36},"end":{"line":386,"column":37}},"loc":{"start":{"line":386,"column":46},"end":{"line":389,"column":7}}},"35":{"name":"(anonymous_36)","decl":{"start":{"line":393,"column":40},"end":{"line":393,"column":41}},"loc":{"start":{"line":393,"column":50},"end":{"line":396,"column":7}}},"36":{"name":"(anonymous_37)","decl":{"start":{"line":397,"column":42},"end":{"line":397,"column":43}},"loc":{"start":{"line":397,"column":60},"end":{"line":404,"column":7}}},"37":{"name":"(anonymous_38)","decl":{"start":{"line":405,"column":41},"end":{"line":405,"column":42}},"loc":{"start":{"line":405,"column":51},"end":{"line":408,"column":7}}},"38":{"name":"(anonymous_39)","decl":{"start":{"line":412,"column":42},"end":{"line":412,"column":43}},"loc":{"start":{"line":412,"column":52},"end":{"line":415,"column":7}}},"39":{"name":"(anonymous_40)","decl":{"start":{"line":416,"column":44},"end":{"line":416,"column":45}},"loc":{"start":{"line":416,"column":62},"end":{"line":424,"column":7}}},"40":{"name":"(anonymous_41)","decl":{"start":{"line":425,"column":43},"end":{"line":425,"column":44}},"loc":{"start":{"line":425,"column":53},"end":{"line":428,"column":7}}},"41":{"name":"(anonymous_42)","decl":{"start":{"line":436,"column":25},"end":{"line":436,"column":26}},"loc":{"start":{"line":436,"column":50},"end":{"line":436,"column":60}}},"42":{"name":"(anonymous_43)","decl":{"start":{"line":451,"column":21},"end":{"line":451,"column":24}},"loc":{"start":{"line":452,"column":4},"end":{"line":454,"column":6}}},"43":{"name":"(anonymous_44)","decl":{"start":{"line":452,"column":37},"end":{"line":452,"column":38}},"loc":{"start":{"line":452,"column":47},"end":{"line":454,"column":5}}},"44":{"name":"(anonymous_45)","decl":{"start":{"line":456,"column":18},"end":{"line":456,"column":21}},"loc":{"start":{"line":457,"column":4},"end":{"line":459,"column":6}}},"45":{"name":"(anonymous_46)","decl":{"start":{"line":457,"column":37},"end":{"line":457,"column":38}},"loc":{"start":{"line":457,"column":47},"end":{"line":459,"column":5}}},"46":{"name":"(anonymous_47)","decl":{"start":{"line":461,"column":21},"end":{"line":461,"column":24}},"loc":{"start":{"line":462,"column":4},"end":{"line":464,"column":6}}},"47":{"name":"(anonymous_48)","decl":{"start":{"line":462,"column":37},"end":{"line":462,"column":38}},"loc":{"start":{"line":462,"column":47},"end":{"line":464,"column":5}}},"48":{"name":"(anonymous_49)","decl":{"start":{"line":466,"column":19},"end":{"line":466,"column":22}},"loc":{"start":{"line":467,"column":4},"end":{"line":469,"column":6}}},"49":{"name":"(anonymous_50)","decl":{"start":{"line":467,"column":37},"end":{"line":467,"column":38}},"loc":{"start":{"line":467,"column":47},"end":{"line":469,"column":5}}},"50":{"name":"(anonymous_51)","decl":{"start":{"line":471,"column":27},"end":{"line":471,"column":30}},"loc":{"start":{"line":472,"column":4},"end":{"line":474,"column":6}}},"51":{"name":"(anonymous_52)","decl":{"start":{"line":472,"column":37},"end":{"line":472,"column":38}},"loc":{"start":{"line":472,"column":47},"end":{"line":474,"column":5}}},"52":{"name":"(anonymous_53)","decl":{"start":{"line":476,"column":20},"end":{"line":476,"column":23}},"loc":{"start":{"line":477,"column":4},"end":{"line":479,"column":6}}},"53":{"name":"(anonymous_54)","decl":{"start":{"line":477,"column":37},"end":{"line":477,"column":38}},"loc":{"start":{"line":477,"column":47},"end":{"line":479,"column":5}}},"54":{"name":"(anonymous_55)","decl":{"start":{"line":482,"column":22},"end":{"line":482,"column":25}},"loc":{"start":{"line":483,"column":4},"end":{"line":490,"column":6}}},"55":{"name":"(anonymous_56)","decl":{"start":{"line":483,"column":37},"end":{"line":483,"column":38}},"loc":{"start":{"line":483,"column":47},"end":{"line":490,"column":5}}},"56":{"name":"(anonymous_57)","decl":{"start":{"line":492,"column":33},"end":{"line":492,"column":36}},"loc":{"start":{"line":493,"column":4},"end":{"line":495,"column":6}}},"57":{"name":"(anonymous_58)","decl":{"start":{"line":493,"column":37},"end":{"line":493,"column":38}},"loc":{"start":{"line":493,"column":47},"end":{"line":495,"column":5}}},"58":{"name":"(anonymous_59)","decl":{"start":{"line":498,"column":22},"end":{"line":498,"column":25}},"loc":{"start":{"line":499,"column":4},"end":{"line":501,"column":6}}},"59":{"name":"(anonymous_60)","decl":{"start":{"line":499,"column":37},"end":{"line":499,"column":38}},"loc":{"start":{"line":499,"column":47},"end":{"line":501,"column":5}}},"60":{"name":"(anonymous_61)","decl":{"start":{"line":504,"column":28},"end":{"line":504,"column":31}},"loc":{"start":{"line":505,"column":4},"end":{"line":510,"column":6}}},"61":{"name":"(anonymous_62)","decl":{"start":{"line":505,"column":37},"end":{"line":505,"column":38}},"loc":{"start":{"line":505,"column":47},"end":{"line":510,"column":5}}},"62":{"name":"(anonymous_63)","decl":{"start":{"line":514,"column":21},"end":{"line":514,"column":24}},"loc":{"start":{"line":515,"column":4},"end":{"line":517,"column":6}}},"63":{"name":"(anonymous_64)","decl":{"start":{"line":515,"column":37},"end":{"line":515,"column":38}},"loc":{"start":{"line":515,"column":47},"end":{"line":517,"column":5}}},"64":{"name":"(anonymous_65)","decl":{"start":{"line":519,"column":17},"end":{"line":519,"column":20}},"loc":{"start":{"line":520,"column":4},"end":{"line":522,"column":6}}},"65":{"name":"(anonymous_66)","decl":{"start":{"line":520,"column":37},"end":{"line":520,"column":38}},"loc":{"start":{"line":520,"column":47},"end":{"line":522,"column":5}}},"66":{"name":"(anonymous_67)","decl":{"start":{"line":524,"column":19},"end":{"line":524,"column":22}},"loc":{"start":{"line":525,"column":4},"end":{"line":527,"column":6}}},"67":{"name":"(anonymous_68)","decl":{"start":{"line":525,"column":37},"end":{"line":525,"column":38}},"loc":{"start":{"line":525,"column":47},"end":{"line":527,"column":5}}}},"branchMap":{"0":{"loc":{"start":{"line":71,"column":23},"end":{"line":71,"column":51}},"type":"cond-expr","locations":[{"start":{"line":71,"column":38},"end":{"line":71,"column":43}},{"start":{"line":71,"column":46},"end":{"line":71,"column":51}}]},"1":{"loc":{"start":{"line":73,"column":13},"end":{"line":73,"column":35}},"type":"cond-expr","locations":[{"start":{"line":73,"column":26},"end":{"line":73,"column":29}},{"start":{"line":73,"column":32},"end":{"line":73,"column":35}}]},"2":{"loc":{"start":{"line":74,"column":13},"end":{"line":74,"column":35}},"type":"cond-expr","locations":[{"start":{"line":74,"column":26},"end":{"line":74,"column":29}},{"start":{"line":74,"column":32},"end":{"line":74,"column":35}}]},"3":{"loc":{"start":{"line":85,"column":6},"end":{"line":85,"column":17}},"type":"default-arg","locations":[{"start":{"line":85,"column":15},"end":{"line":85,"column":17}}]},"4":{"loc":{"start":{"line":86,"column":6},"end":{"line":86,"column":14}},"type":"default-arg","locations":[{"start":{"line":86,"column":13},"end":{"line":86,"column":14}}]},"5":{"loc":{"start":{"line":87,"column":6},"end":{"line":87,"column":19}},"type":"default-arg","locations":[{"start":{"line":87,"column":17},"end":{"line":87,"column":19}}]},"6":{"loc":{"start":{"line":91,"column":4},"end":{"line":94,"column":5}},"type":"if","locations":[{"start":{"line":91,"column":4},"end":{"line":94,"column":5}},{"start":{},"end":{}}]},"7":{"loc":{"start":{"line":95,"column":4},"end":{"line":98,"column":5}},"type":"if","locations":[{"start":{"line":95,"column":4},"end":{"line":98,"column":5}},{"start":{},"end":{}}]},"8":{"loc":{"start":{"line":99,"column":4},"end":{"line":102,"column":5}},"type":"if","locations":[{"start":{"line":99,"column":4},"end":{"line":102,"column":5}},{"start":{},"end":{}}]},"9":{"loc":{"start":{"line":103,"column":4},"end":{"line":107,"column":5}},"type":"if","locations":[{"start":{"line":103,"column":4},"end":{"line":107,"column":5}},{"start":{},"end":{}}]},"10":{"loc":{"start":{"line":105,"column":8},"end":{"line":105,"column":62}},"type":"cond-expr","locations":[{"start":{"line":105,"column":25},"end":{"line":105,"column":42}},{"start":{"line":105,"column":45},"end":{"line":105,"column":62}}]},"11":{"loc":{"start":{"line":117,"column":12},"end":{"line":117,"column":39}},"type":"cond-expr","locations":[{"start":{"line":117,"column":26},"end":{"line":117,"column":27}},{"start":{"line":117,"column":30},"end":{"line":117,"column":39}}]},"12":{"loc":{"start":{"line":122,"column":8},"end":{"line":122,"column":79}},"type":"cond-expr","locations":[{"start":{"line":122,"column":19},"end":{"line":122,"column":72}},{"start":{"line":122,"column":75},"end":{"line":122,"column":79}}]},"13":{"loc":{"start":{"line":124,"column":8},"end":{"line":126,"column":16}},"type":"cond-expr","locations":[{"start":{"line":125,"column":12},"end":{"line":125,"column":65}},{"start":{"line":126,"column":12},"end":{"line":126,"column":16}}]},"14":{"loc":{"start":{"line":263,"column":8},"end":{"line":278,"column":9}},"type":"if","locations":[{"start":{"line":263,"column":8},"end":{"line":278,"column":9}},{"start":{"line":273,"column":15},"end":{"line":278,"column":9}}]},"15":{"loc":{"start":{"line":270,"column":14},"end":{"line":270,"column":60}},"type":"binary-expr","locations":[{"start":{"line":270,"column":14},"end":{"line":270,"column":42}},{"start":{"line":270,"column":46},"end":{"line":270,"column":60}}]},"16":{"loc":{"start":{"line":290,"column":29},"end":{"line":292,"column":21}},"type":"cond-expr","locations":[{"start":{"line":291,"column":12},"end":{"line":291,"column":46}},{"start":{"line":292,"column":12},"end":{"line":292,"column":21}}]},"17":{"loc":{"start":{"line":299,"column":8},"end":{"line":306,"column":9}},"type":"if","locations":[{"start":{"line":299,"column":8},"end":{"line":306,"column":9}},{"start":{"line":301,"column":15},"end":{"line":306,"column":9}}]},"18":{"loc":{"start":{"line":317,"column":29},"end":{"line":319,"column":21}},"type":"cond-expr","locations":[{"start":{"line":318,"column":12},"end":{"line":318,"column":46}},{"start":{"line":319,"column":12},"end":{"line":319,"column":21}}]},"19":{"loc":{"start":{"line":345,"column":8},"end":{"line":349,"column":9}},"type":"if","locations":[{"start":{"line":345,"column":8},"end":{"line":349,"column":9}},{"start":{},"end":{}}]},"20":{"loc":{"start":{"line":347,"column":12},"end":{"line":347,"column":62}},"type":"cond-expr","locations":[{"start":{"line":347,"column":36},"end":{"line":347,"column":58}},{"start":{"line":347,"column":61},"end":{"line":347,"column":62}}]},"21":{"loc":{"start":{"line":363,"column":8},"end":{"line":367,"column":9}},"type":"if","locations":[{"start":{"line":363,"column":8},"end":{"line":367,"column":9}},{"start":{"line":365,"column":15},"end":{"line":367,"column":9}}]},"22":{"loc":{"start":{"line":382,"column":8},"end":{"line":384,"column":9}},"type":"if","locations":[{"start":{"line":382,"column":8},"end":{"line":384,"column":9}},{"start":{},"end":{}}]},"23":{"loc":{"start":{"line":398,"column":8},"end":{"line":402,"column":9}},"type":"if","locations":[{"start":{"line":398,"column":8},"end":{"line":402,"column":9}},{"start":{"line":400,"column":15},"end":{"line":402,"column":9}}]},"24":{"loc":{"start":{"line":417,"column":8},"end":{"line":422,"column":9}},"type":"if","locations":[{"start":{"line":417,"column":8},"end":{"line":422,"column":9}},{"start":{"line":420,"column":15},"end":{"line":422,"column":9}}]},"25":{"loc":{"start":{"line":485,"column":8},"end":{"line":488,"column":null}},"type":"binary-expr","locations":[{"start":{"line":485,"column":8},"end":{"line":485,"column":21}},{"start":{"line":485,"column":25},"end":{"line":488,"column":null}}]},"26":{"loc":{"start":{"line":494,"column":13},"end":{"line":494,"column":43}},"type":"binary-expr","locations":[{"start":{"line":494,"column":13},"end":{"line":494,"column":37}},{"start":{"line":494,"column":41},"end":{"line":494,"column":43}}]}},"s":{"0":3,"1":3,"2":3,"3":3,"4":3,"5":3,"6":3,"7":3,"8":1,"9":1,"10":3,"11":1,"12":1,"13":3,"14":72,"15":72,"16":72,"17":3,"18":1,"19":1,"20":1,"21":1,"22":1,"23":24,"24":1,"25":1,"26":1,"27":24,"28":1,"29":1,"30":1,"31":24,"32":1,"33":1,"34":24,"35":1,"36":1,"37":1,"38":1,"39":1,"40":1,"41":3,"42":0,"43":3,"44":1,"45":1,"46":3,"47":1,"48":1,"49":3,"50":1,"51":1,"52":3,"53":1,"54":1,"55":3,"56":3,"57":1,"58":1,"59":1,"60":3,"61":1,"62":1,"63":1,"64":2,"65":1,"66":1,"67":1,"68":1,"69":2,"70":1,"71":1,"72":2,"73":2,"74":2,"75":2,"76":1,"77":1,"78":0,"79":1,"80":1,"81":1,"82":1,"83":1,"84":1,"85":1,"86":1,"87":1,"88":1,"89":1,"90":1,"91":1,"92":1,"93":1,"94":1,"95":1,"96":1,"97":1,"98":1,"99":1,"100":1,"101":1,"102":3,"103":1,"104":1,"105":2,"106":1,"107":1,"108":2,"109":0,"110":0,"111":1,"112":1,"113":1,"114":1,"115":1,"116":0,"117":0,"118":3,"119":1,"120":1,"121":2,"122":1,"123":1,"124":2,"125":0,"126":0,"127":3,"128":1,"129":1,"130":2,"131":1,"132":1,"133":1,"134":2,"135":1,"136":1,"137":3,"138":3,"139":290,"140":3,"141":3,"142":1,"143":1,"144":1,"145":1,"146":1,"147":1,"148":1,"149":1,"150":20,"151":20,"152":20,"153":20,"154":26,"155":26,"156":26,"157":26,"158":1,"159":1,"160":45,"161":45,"162":3,"163":1,"164":1,"165":1,"166":1,"167":1,"168":1,"169":3},"f":{"0":1,"1":1,"2":72,"3":1,"4":24,"5":24,"6":24,"7":24,"8":0,"9":1,"10":1,"11":1,"12":1,"13":1,"14":1,"15":3,"16":1,"17":2,"18":1,"19":2,"20":1,"21":1,"22":1,"23":1,"24":1,"25":1,"26":1,"27":1,"28":1,"29":1,"30":2,"31":0,"32":1,"33":1,"34":0,"35":1,"36":2,"37":0,"38":1,"39":2,"40":1,"41":290,"42":1,"43":1,"44":1,"45":1,"46":1,"47":1,"48":1,"49":1,"50":20,"51":20,"52":20,"53":20,"54":26,"55":26,"56":26,"57":26,"58":1,"59":1,"60":45,"61":45,"62":1,"63":1,"64":1,"65":1,"66":1,"67":1},"b":{"0":[36,36],"1":[18,54],"2":[18,54],"3":[0],"4":[0],"5":[0],"6":[1,0],"7":[1,0],"8":[1,0],"9":[1,0],"10":[24,0],"11":[0,1],"12":[0,1],"13":[1,0],"14":[1,1],"15":[1,0],"16":[1,1],"17":[1,0],"18":[0,1],"19":[1,0],"20":[1,0],"21":[1,1],"22":[1,0],"23":[1,1],"24":[1,1],"25":[26,22],"26":[26,10]}}
}
