TN:
SF:src/components/frame/Header.tsx
FN:20,(anonymous_0)
FN:35,(anonymous_1)
FNF:2
FNH:2
FNDA:6,(anonymous_0)
FNDA:18,(anonymous_1)
DA:1,1
DA:2,1
DA:3,1
DA:4,1
DA:5,1
DA:6,1
DA:12,1
DA:13,1
DA:14,1
DA:15,1
DA:20,1
DA:21,6
DA:22,6
DA:23,6
DA:26,6
DA:35,18
DA:37,6
DA:38,1
DA:40,5
LF:19
LH:19
BRDA:26,0,0,6
BRDA:26,0,1,1
BRDA:37,1,0,1
BRDA:37,1,1,5
BRDA:58,2,0,1
BRDA:58,2,1,4
BRF:6
BRH:6
end_of_record
TN:
SF:src/components/frame/Layout.tsx
FN:26,(anonymous_1)
FN:49,(anonymous_2)
FNF:2
FNH:2
FNDA:5,(anonymous_1)
FNDA:1,(anonymous_2)
DA:3,1
DA:4,1
DA:5,1
DA:6,1
DA:13,1
DA:14,1
DA:16,1
DA:17,1
DA:18,1
DA:26,1
DA:27,5
DA:28,5
DA:29,5
DA:40,5
DA:49,1
LF:15
LH:15
BRDA:43,0,0,5
BRDA:43,0,1,4
BRDA:45,1,0,4
BRDA:45,1,1,3
BRDA:57,2,0,4
BRDA:57,2,1,3
BRDA:58,3,0,1
BRDA:58,3,1,2
BRDA:63,4,0,4
BRDA:63,4,1,3
BRDA:64,5,0,4
BRDA:64,5,1,3
BRF:12
BRH:12
end_of_record
TN:
SF:src/components/frame/SideMenu.tsx
FN:84,(anonymous_0)
FN:89,(anonymous_1)
FN:95,(anonymous_2)
FN:98,(anonymous_3)
FN:132,(anonymous_4)
FN:150,(anonymous_5)
FNF:6
FNH:6
FNDA:12,(anonymous_0)
FNDA:12,(anonymous_1)
FNDA:12,(anonymous_2)
FNDA:94,(anonymous_3)
FNDA:96,(anonymous_4)
FNDA:96,(anonymous_5)
DA:1,1
DA:2,1
DA:3,1
DA:15,1
DA:16,1
DA:17,1
DA:18,1
DA:37,1
DA:84,1
DA:85,12
DA:86,12
DA:89,1
DA:90,12
DA:91,12
DA:92,12
DA:95,12
DA:96,12
DA:97,12
DA:98,94
DA:100,12
DA:101,11
DA:102,5
DA:111,12
DA:141,96
DA:143,96
DA:145,96
DA:151,96
LF:27
LH:27
BRDA:86,0,0,11
BRDA:86,0,1,1
BRDA:98,1,0,94
BRDA:98,1,1,22
BRDA:100,2,0,11
BRDA:100,2,1,1
BRDA:101,3,0,6
BRDA:101,3,1,5
BRDA:115,4,0,2
BRDA:115,4,1,10
BRDA:121,5,0,2
BRDA:121,5,1,10
BRDA:126,6,0,2
BRDA:126,6,1,10
BRDA:129,7,0,2
BRDA:129,7,1,10
BRDA:143,8,0,96
BRDA:143,8,1,24
BRDA:143,8,2,24
BRDA:143,8,3,88
BRDA:153,9,0,11
BRDA:153,9,1,85
BRDA:159,10,0,96
BRDA:159,10,1,96
BRDA:165,11,0,96
BRDA:165,11,1,16
BRDA:169,12,0,16
BRDA:169,12,1,80
BRF:28
BRH:28
end_of_record
TN:
SF:src/components/frame/TabsBar.tsx
FN:35,(anonymous_0)
FN:43,(anonymous_1)
FN:49,(anonymous_2)
FN:55,(anonymous_3)
FN:57,(anonymous_4)
FN:65,(anonymous_5)
FN:66,(anonymous_6)
FN:77,(anonymous_7)
FN:83,(anonymous_8)
FN:88,(anonymous_9)
FN:92,(anonymous_10)
FN:106,(anonymous_11)
FN:150,(anonymous_12)
FNF:13
FNH:13
FNDA:15,(anonymous_0)
FNDA:8,(anonymous_1)
FNDA:8,(anonymous_2)
FNDA:20,(anonymous_3)
FNDA:13,(anonymous_4)
FNDA:8,(anonymous_5)
FNDA:10,(anonymous_6)
FNDA:14,(anonymous_7)
FNDA:2,(anonymous_8)
FNDA:8,(anonymous_9)
FNDA:9,(anonymous_10)
FNDA:88,(anonymous_11)
FNDA:12,(anonymous_12)
DA:1,1
DA:2,1
DA:3,1
DA:4,1
DA:5,1
DA:6,1
DA:7,1
DA:9,1
DA:10,1
DA:11,1
DA:17,1
DA:18,1
DA:20,1
DA:25,1
DA:35,1
DA:36,15
DA:37,15
DA:38,15
DA:40,15
DA:41,15
DA:43,15
DA:44,8
DA:45,7
DA:46,1
DA:49,15
DA:50,8
DA:51,7
DA:52,1
DA:54,15
DA:55,20
DA:57,15
DA:58,13
DA:59,11
DA:60,5
DA:63,15
DA:65,15
DA:66,8
DA:67,10
DA:68,9
DA:69,9
DA:71,9
DA:72,2
DA:74,2
DA:75,2
DA:76,2
DA:77,2
DA:78,14
DA:79,14
DA:80,2
DA:83,2
DA:85,8
DA:86,8
DA:87,8
DA:88,8
DA:91,15
DA:92,9
DA:96,15
DA:98,14
DA:100,14
DA:107,88
DA:108,88
DA:109,88
DA:152,12
DA:153,12
LF:64
LH:64
BRDA:44,0,0,1
BRDA:44,0,1,7
BRDA:45,1,0,6
BRDA:45,1,1,1
BRDA:50,2,0,1
BRDA:50,2,1,7
BRDA:51,3,0,6
BRDA:51,3,1,1
BRDA:55,4,0,20
BRDA:55,4,1,9
BRDA:58,5,0,2
BRDA:58,5,1,11
BRDA:59,6,0,6
BRDA:59,6,1,5
BRDA:67,7,0,1
BRDA:67,7,1,9
BRDA:71,8,0,7
BRDA:71,8,1,2
BRDA:79,9,0,2
BRDA:79,9,1,12
BRDA:83,10,0,1
BRDA:83,10,1,1
BRDA:86,11,0,7
BRDA:86,11,1,1
BRDA:96,12,0,1
BRDA:96,12,1,14
BRDA:98,13,0,13
BRDA:98,13,1,1
BRDA:107,14,0,88
BRDA:107,14,1,74
BRDA:115,15,0,88
BRDA:115,15,1,12
BRDA:122,16,0,88
BRDA:122,16,1,14
BRDA:141,17,0,14
BRDA:141,17,1,2
BRDA:152,18,0,12
BRDA:152,18,1,10
BRF:38
BRH:38
end_of_record
TN:
SF:src/components/pages/UserCreate.tsx
FN:71,(anonymous_1)
FN:103,(anonymous_2)
FN:120,(anonymous_3)
FN:175,(anonymous_4)
FN:222,(anonymous_5)
FN:237,(anonymous_6)
FN:252,(anonymous_7)
FN:266,(anonymous_8)
FN:302,(anonymous_9)
FN:334,(anonymous_10)
FN:367,(anonymous_11)
FN:378,(anonymous_12)
FNF:12
FNH:12
FNDA:34,(anonymous_1)
FNDA:2,(anonymous_2)
FNDA:4,(anonymous_3)
FNDA:1,(anonymous_4)
FNDA:6,(anonymous_5)
FNDA:6,(anonymous_6)
FNDA:6,(anonymous_7)
FNDA:1,(anonymous_8)
FNDA:1,(anonymous_9)
FNDA:6,(anonymous_10)
FNDA:4,(anonymous_11)
FNDA:1,(anonymous_12)
DA:2,1
DA:3,1
DA:4,1
DA:5,1
DA:6,1
DA:7,1
DA:13,1
DA:14,1
DA:15,1
DA:16,1
DA:24,1
DA:25,1
DA:31,1
DA:32,1
DA:33,1
DA:42,1
DA:43,1
DA:44,1
DA:45,1
DA:47,1
DA:71,1
DA:72,34
DA:73,34
DA:74,34
DA:77,34
DA:81,34
DA:85,34
DA:89,34
DA:95,34
DA:99,34
DA:103,34
DA:104,2
DA:120,34
DA:121,4
DA:122,4
DA:123,2
DA:125,4
DA:126,1
DA:128,4
DA:129,1
DA:131,4
DA:132,1
DA:135,4
DA:136,2
DA:139,2
DA:141,2
DA:148,2
DA:149,2
DA:150,2
DA:151,1
DA:154,1
DA:169,2
DA:175,34
DA:176,1
DA:177,1
DA:180,34
DA:222,6
DA:237,6
DA:252,6
DA:266,1
DA:303,1
DA:304,1
DA:305,1
DA:306,1
DA:335,6
DA:367,4
DA:379,1
LF:67
LH:67
BRDA:82,0,0,34
BRDA:82,0,1,23
BRDA:86,1,0,34
BRDA:86,1,1,34
BRDA:90,2,0,34
BRDA:90,2,1,34
BRDA:96,3,0,34
BRDA:96,3,1,34
BRDA:122,4,0,2
BRDA:122,4,1,2
BRDA:125,5,0,1
BRDA:125,5,1,3
BRDA:128,6,0,1
BRDA:128,6,1,3
BRDA:131,7,0,1
BRDA:131,7,1,3
BRDA:135,8,0,2
BRDA:135,8,1,2
BRDA:150,9,0,1
BRDA:150,9,1,1
BRDA:196,10,0,1
BRDA:196,10,1,33
BRDA:317,11,0,6
BRDA:317,11,1,28
BRDA:317,12,0,34
BRDA:317,12,1,9
BRDA:317,12,2,8
BRDA:317,13,0,8
BRDA:317,13,1,1
BRDA:354,14,0,1
BRDA:354,14,1,5
BRDA:357,15,0,1
BRDA:357,15,1,5
BRDA:383,16,0,3
BRDA:383,16,1,25
BRF:35
BRH:35
end_of_record
TN:
SF:src/components/pages/UserManage.tsx
FN:30,(anonymous_0)
FN:55,(anonymous_1)
FN:93,(anonymous_2)
FN:106,(anonymous_3)
FN:121,(anonymous_4)
FN:135,(anonymous_5)
FN:137,(anonymous_6)
FN:150,(anonymous_7)
FN:182,(anonymous_8)
FN:218,(anonymous_9)
FNF:10
FNH:10
FNDA:38,(anonymous_0)
FNDA:2,(anonymous_1)
FNDA:13,(anonymous_2)
FNDA:10,(anonymous_3)
FNDA:4,(anonymous_4)
FNDA:1,(anonymous_5)
FNDA:1,(anonymous_6)
FNDA:1,(anonymous_7)
FNDA:3,(anonymous_8)
FNDA:1,(anonymous_9)
DA:2,1
DA:3,1
DA:4,1
DA:5,1
DA:6,1
DA:7,1
DA:8,1
DA:14,1
DA:22,1
DA:23,1
DA:24,1
DA:25,1
DA:26,1
DA:27,1
DA:30,1
DA:32,38
DA:33,38
DA:34,38
DA:35,38
DA:39,38
DA:42,38
DA:45,38
DA:48,38
DA:51,38
DA:55,38
DA:56,2
DA:71,38
DA:93,13
DA:106,10
DA:121,4
DA:136,1
DA:137,1
DA:151,1
DA:152,1
DA:153,1
DA:154,1
DA:155,1
DA:183,3
DA:219,1
DA:236,1
DA:237,1
LF:41
LH:41
BRDA:40,0,0,38
BRDA:40,0,1,38
BRDA:43,1,0,38
BRDA:43,1,1,38
BRDA:46,2,0,38
BRDA:46,2,1,38
BRDA:49,3,0,38
BRDA:49,3,1,38
BRDA:53,4,0,38
BRDA:53,4,1,38
BRDA:165,5,0,3
BRDA:165,5,1,35
BRDA:165,6,0,38
BRDA:165,6,1,5
BRDA:165,6,2,4
BRDA:165,7,0,4
BRDA:165,7,1,1
BRDA:197,8,0,1
BRDA:197,8,1,2
BRDA:223,9,0,2
BRDA:223,9,1,33
BRF:21
BRH:21
end_of_record
TN:
SF:src/components/pages/UserTabsShell.tsx
FN:15,(anonymous_0)
FN:17,(anonymous_1)
FNF:2
FNH:2
FNDA:74,(anonymous_0)
FNDA:2,(anonymous_1)
DA:1,3
DA:2,3
DA:3,3
DA:5,3
DA:15,3
DA:16,74
DA:17,74
DA:18,2
DA:19,2
DA:20,1
DA:22,2
DA:25,74
LF:12
LH:12
BRDA:19,0,0,1
BRDA:19,0,1,1
BRDA:22,1,0,1
BRDA:22,1,1,1
BRF:4
BRH:4
end_of_record
TN:
SF:src/redux/slices/uiSlice.ts
FN:24,(anonymous_0)
FN:27,(anonymous_1)
FN:30,(anonymous_2)
FN:41,(anonymous_3)
FN:45,(anonymous_4)
FN:48,(anonymous_5)
FNF:6
FNH:6
FNDA:4,(anonymous_0)
FNDA:1,(anonymous_1)
FNDA:11,(anonymous_2)
FNDA:29,(anonymous_3)
FNDA:18,(anonymous_4)
FNDA:10,(anonymous_5)
DA:1,4
DA:8,4
DA:15,4
DA:20,4
DA:25,4
DA:28,1
DA:34,11
DA:35,11
DA:40,4
DA:41,29
DA:43,4
DA:45,18
DA:47,4
DA:48,10
DA:52,4
LF:15
LH:15
BRF:0
BRH:0
end_of_record
TN:
SF:src/redux/slices/userSlice.ts
FN:52,(anonymous_1)
FN:61,(anonymous_2)
FN:81,(anonymous_3)
FN:89,(anonymous_4)
FN:101,(anonymous_5)
FN:120,(anonymous_6)
FN:129,(anonymous_7)
FN:138,(anonymous_8)
FN:147,(anonymous_9)
FN:222,(anonymous_10)
FN:226,(anonymous_11)
FN:230,(anonymous_12)
FN:232,(anonymous_13)
FN:237,(anonymous_14)
FN:256,(anonymous_15)
FN:263,(anonymous_16)
FN:273,(anonymous_17)
FN:285,(anonymous_18)
FN:290,(anonymous_19)
FN:294,(anonymous_20)
FN:305,(anonymous_21)
FN:310,(anonymous_22)
FN:314,(anonymous_23)
FN:325,(anonymous_24)
FN:332,(anonymous_25)
FN:336,(anonymous_26)
FN:347,(anonymous_27)
FN:352,(anonymous_28)
FN:357,(anonymous_29)
FN:369,(anonymous_30)
FN:375,(anonymous_31)
FN:379,(anonymous_32)
FN:390,(anonymous_33)
FN:397,(anonymous_34)
FN:401,(anonymous_35)
FN:409,(anonymous_36)
FN:416,(anonymous_37)
FN:420,(anonymous_38)
FN:429,(anonymous_39)
FN:440,(anonymous_40)
FN:443,(anonymous_41)
FN:444,(anonymous_42)
FN:448,(anonymous_43)
FN:449,(anonymous_44)
FN:453,(anonymous_45)
FN:454,(anonymous_46)
FN:458,(anonymous_47)
FN:459,(anonymous_48)
FN:463,(anonymous_49)
FN:464,(anonymous_50)
FN:468,(anonymous_51)
FN:469,(anonymous_52)
FN:472,(anonymous_53)
FN:473,(anonymous_54)
FN:477,(anonymous_55)
FN:478,(anonymous_56)
FN:482,(anonymous_57)
FN:483,(anonymous_58)
FN:488,(anonymous_59)
FN:489,(anonymous_60)
FN:494,(anonymous_61)
FN:495,(anonymous_62)
FN:499,(anonymous_63)
FN:500,(anonymous_64)
FN:504,(anonymous_65)
FN:505,(anonymous_66)
FNF:66
FNH:66
FNDA:1,(anonymous_1)
FNDA:1,(anonymous_2)
FNDA:1,(anonymous_3)
FNDA:1,(anonymous_4)
FNDA:1,(anonymous_5)
FNDA:1,(anonymous_6)
FNDA:1,(anonymous_7)
FNDA:1,(anonymous_8)
FNDA:1,(anonymous_9)
FNDA:1,(anonymous_10)
FNDA:1,(anonymous_11)
FNDA:6,(anonymous_12)
FNDA:1,(anonymous_13)
FNDA:3,(anonymous_14)
FNDA:1,(anonymous_15)
FNDA:2,(anonymous_16)
FNDA:2,(anonymous_17)
FNDA:1,(anonymous_18)
FNDA:1,(anonymous_19)
FNDA:2,(anonymous_20)
FNDA:1,(anonymous_21)
FNDA:1,(anonymous_22)
FNDA:2,(anonymous_23)
FNDA:1,(anonymous_24)
FNDA:1,(anonymous_25)
FNDA:2,(anonymous_26)
FNDA:1,(anonymous_27)
FNDA:1,(anonymous_28)
FNDA:2,(anonymous_29)
FNDA:2,(anonymous_30)
FNDA:1,(anonymous_31)
FNDA:2,(anonymous_32)
FNDA:1,(anonymous_33)
FNDA:1,(anonymous_34)
FNDA:2,(anonymous_35)
FNDA:1,(anonymous_36)
FNDA:1,(anonymous_37)
FNDA:2,(anonymous_38)
FNDA:1,(anonymous_39)
FNDA:1029,(anonymous_40)
FNDA:7,(anonymous_41)
FNDA:7,(anonymous_42)
FNDA:1,(anonymous_43)
FNDA:1,(anonymous_44)
FNDA:138,(anonymous_45)
FNDA:138,(anonymous_46)
FNDA:6,(anonymous_47)
FNDA:6,(anonymous_48)
FNDA:39,(anonymous_49)
FNDA:39,(anonymous_50)
FNDA:39,(anonymous_51)
FNDA:39,(anonymous_52)
FNDA:138,(anonymous_53)
FNDA:138,(anonymous_54)
FNDA:35,(anonymous_55)
FNDA:35,(anonymous_56)
FNDA:35,(anonymous_57)
FNDA:35,(anonymous_58)
FNDA:73,(anonymous_59)
FNDA:73,(anonymous_60)
FNDA:1,(anonymous_61)
FNDA:1,(anonymous_62)
FNDA:1,(anonymous_63)
FNDA:1,(anonymous_64)
FNDA:1,(anonymous_65)
FNDA:1,(anonymous_66)
DA:3,6
DA:10,6
DA:24,6
DA:25,6
DA:42,6
DA:45,6
DA:46,6
DA:47,6
DA:50,6
DA:53,1
DA:54,1
DA:59,6
DA:62,1
DA:74,1
DA:79,6
DA:82,1
DA:83,1
DA:87,6
DA:90,1
DA:95,1
DA:99,6
DA:102,1
DA:114,1
DA:118,6
DA:121,1
DA:122,1
DA:127,6
DA:130,1
DA:131,1
DA:136,6
DA:139,1
DA:140,1
DA:145,6
DA:148,1
DA:149,1
DA:191,6
DA:218,6
DA:223,1
DA:224,1
DA:227,1
DA:231,6
DA:233,1
DA:234,1
DA:235,1
DA:238,3
DA:239,2
DA:240,2
DA:243,2
DA:249,1
DA:254,3
DA:257,1
DA:258,1
DA:261,6
DA:264,2
DA:265,2
DA:266,2
DA:274,2
DA:275,1
DA:276,1
DA:278,1
DA:283,2
DA:286,1
DA:287,1
DA:289,6
DA:291,1
DA:292,1
DA:295,2
DA:296,1
DA:298,1
DA:303,2
DA:306,1
DA:307,1
DA:309,6
DA:311,1
DA:312,1
DA:315,2
DA:316,1
DA:318,1
DA:323,2
DA:326,1
DA:327,1
DA:330,6
DA:333,1
DA:334,1
DA:337,2
DA:338,1
DA:340,1
DA:345,2
DA:348,1
DA:349,1
DA:351,6
DA:353,1
DA:354,1
DA:355,1
DA:358,2
DA:359,1
DA:360,1
DA:362,1
DA:367,2
DA:370,2
DA:371,2
DA:373,6
DA:376,1
DA:377,1
DA:380,2
DA:381,1
DA:383,1
DA:388,2
DA:391,1
DA:392,1
DA:395,6
DA:398,1
DA:399,1
DA:402,2
DA:403,1
DA:405,1
DA:407,2
DA:410,1
DA:411,1
DA:414,6
DA:417,1
DA:418,1
DA:421,2
DA:422,1
DA:423,1
DA:425,1
DA:427,2
DA:430,1
DA:431,1
DA:437,6
DA:440,1029
DA:442,6
DA:444,7
DA:445,7
DA:449,1
DA:450,1
DA:454,138
DA:455,138
DA:459,6
DA:460,6
DA:464,39
DA:465,39
DA:469,39
DA:470,39
DA:473,138
DA:474,138
DA:478,35
DA:479,35
DA:483,35
DA:484,35
DA:489,73
DA:490,73
DA:493,6
DA:495,1
DA:496,1
DA:500,1
DA:501,1
DA:505,1
DA:506,1
DA:510,6
LF:160
LH:160
BRDA:238,0,0,2
BRDA:238,0,1,1
BRDA:245,1,0,2
BRDA:245,1,1,1
BRDA:268,2,0,1
BRDA:268,2,1,1
BRDA:274,3,0,1
BRDA:274,3,1,1
BRDA:295,4,0,1
BRDA:295,4,1,1
BRDA:315,5,0,1
BRDA:315,5,1,1
BRDA:337,6,0,1
BRDA:337,6,1,1
BRDA:358,7,0,1
BRDA:358,7,1,1
BRDA:380,8,0,1
BRDA:380,8,1,1
BRDA:402,9,0,1
BRDA:402,9,1,1
BRDA:421,10,0,1
BRDA:421,10,1,1
BRF:22
BRH:22
end_of_record
