TN:
SF:src/components/layout/Header.tsx
FN:26,(anonymous_0)
FN:42,(anonymous_1)
FNF:2
FNH:2
FNDA:15,(anonymous_0)
FNDA:37,(anonymous_1)
DA:1,2
DA:2,2
DA:3,2
DA:4,2
DA:5,2
DA:6,2
DA:12,2
DA:13,2
DA:14,2
DA:15,2
DA:16,2
DA:26,2
DA:27,15
DA:28,15
DA:29,15
DA:32,15
DA:42,37
DA:44,15
DA:48,15
LF:19
LH:19
BRDA:32,0,0,15
BRDA:32,0,1,1
BRDA:44,1,0,7
BRDA:44,1,1,8
BRDA:45,2,0,7
BRDA:45,2,1,1
BRDA:45,3,0,7
BRDA:45,3,1,1
BRDA:61,4,0,1
BRDA:61,4,1,14
BRDA:78,5,0,1
BRDA:78,5,1,14
BRF:12
BRH:12
end_of_record
TN:
SF:src/components/layout/Layout.tsx
FN:32,(anonymous_0)
FN:62,(anonymous_1)
FNF:2
FNH:2
FNDA:7,(anonymous_0)
FNDA:1,(anonymous_1)
DA:2,1
DA:3,1
DA:4,1
DA:5,1
DA:14,1
DA:16,1
DA:17,1
DA:32,1
DA:41,7
DA:42,7
DA:55,7
DA:62,1
LF:12
LH:12
BRDA:58,0,0,7
BRDA:58,0,1,6
BRDA:70,1,0,1
BRDA:70,1,1,6
BRDA:72,2,0,1
BRDA:72,2,1,5
BRDA:77,3,0,7
BRDA:77,3,1,6
BRDA:78,4,0,7
BRDA:78,4,1,6
BRDA:79,5,0,7
BRDA:79,5,1,1
BRF:12
BRH:12
end_of_record
TN:
SF:src/components/layout/SideMenu.tsx
FN:88,(anonymous_0)
FN:94,(anonymous_1)
FN:96,(anonymous_2)
FN:182,(anonymous_3)
FN:200,(anonymous_4)
FNF:5
FNH:5
FNDA:23,(anonymous_0)
FNDA:22,(anonymous_1)
FNDA:174,(anonymous_2)
FNDA:184,(anonymous_3)
FNDA:184,(anonymous_4)
DA:1,2
DA:2,2
DA:3,2
DA:15,2
DA:16,2
DA:17,2
DA:18,2
DA:38,2
DA:88,2
DA:89,23
DA:90,23
DA:91,23
DA:94,23
DA:95,22
DA:97,174
DA:100,22
DA:101,21
DA:102,21
DA:103,10
DA:112,23
DA:191,184
DA:193,184
DA:195,184
DA:201,184
LF:24
LH:24
BRDA:97,0,0,174
BRDA:97,0,1,64
BRDA:97,0,2,64
BRDA:100,1,0,21
BRDA:100,1,1,1
BRDA:102,2,0,11
BRDA:102,2,1,10
BRDA:117,3,0,3
BRDA:117,3,1,20
BRDA:124,4,0,23
BRDA:124,4,1,20
BRDA:146,5,0,23
BRDA:146,5,1,3
BRDA:193,6,0,184
BRDA:193,6,1,69
BRDA:193,6,2,69
BRDA:193,6,3,170
BRDA:203,7,0,22
BRDA:203,7,1,162
BRDA:209,8,0,184
BRDA:209,8,1,184
BRDA:213,9,0,184
BRDA:213,9,1,24
BRDA:217,10,0,24
BRDA:217,10,1,160
BRF:25
BRH:25
end_of_record
TN:
SF:src/components/layout/TabsBar.tsx
FN:34,(anonymous_0)
FN:50,(anonymous_1)
FN:56,(anonymous_2)
FN:63,(anonymous_3)
FN:66,(anonymous_4)
FN:68,(anonymous_5)
FN:74,(anonymous_6)
FN:82,(anonymous_7)
FN:93,(anonymous_8)
FN:94,(anonymous_9)
FN:100,(anonymous_10)
FN:101,(anonymous_11)
FN:129,(anonymous_12)
FN:133,(anonymous_13)
FN:137,(anonymous_14)
FN:162,(anonymous_15)
FN:182,(anonymous_16)
FN:226,(anonymous_17)
FN:234,(anonymous_18)
FNF:19
FNH:19
FNDA:40,(anonymous_0)
FNDA:19,(anonymous_1)
FNDA:17,(anonymous_2)
FNDA:85,(anonymous_3)
FNDA:19,(anonymous_4)
FNDA:33,(anonymous_5)
FNDA:19,(anonymous_6)
FNDA:33,(anonymous_7)
FNDA:18,(anonymous_8)
FNDA:22,(anonymous_9)
FNDA:142,(anonymous_10)
FNDA:142,(anonymous_11)
FNDA:18,(anonymous_12)
FNDA:19,(anonymous_13)
FNDA:19,(anonymous_14)
FNDA:263,(anonymous_15)
FNDA:251,(anonymous_16)
FNDA:8,(anonymous_17)
FNDA:12,(anonymous_18)
DA:1,2
DA:2,2
DA:3,2
DA:4,2
DA:5,2
DA:6,2
DA:7,2
DA:9,2
DA:10,2
DA:16,2
DA:17,2
DA:19,2
DA:24,2
DA:34,2
DA:35,40
DA:36,40
DA:37,40
DA:38,40
DA:39,40
DA:41,40
DA:42,40
DA:43,40
DA:47,40
DA:48,40
DA:50,40
DA:51,19
DA:52,18
DA:53,1
DA:56,40
DA:57,17
DA:58,16
DA:59,1
DA:62,40
DA:63,85
DA:66,40
DA:67,19
DA:68,33
DA:74,40
DA:75,19
DA:76,19
DA:77,2
DA:79,19
DA:82,40
DA:83,33
DA:84,31
DA:85,31
DA:86,14
DA:91,40
DA:93,40
DA:94,18
DA:95,22
DA:97,21
DA:99,21
DA:100,142
DA:101,142
DA:103,21
DA:104,19
DA:105,19
DA:109,2
DA:110,2
DA:112,2
DA:113,2
DA:114,2
DA:115,4
DA:116,2
DA:117,2
DA:120,2
DA:123,18
DA:124,18
DA:125,18
DA:127,18
DA:129,18
DA:132,40
DA:133,19
DA:136,40
DA:137,19
DA:141,40
DA:143,39
DA:145,39
DA:163,263
DA:183,251
DA:184,251
DA:226,8
DA:235,12
DA:236,12
LF:85
LH:85
BRDA:51,0,0,1
BRDA:51,0,1,18
BRDA:52,1,0,17
BRDA:52,1,1,1
BRDA:57,2,0,1
BRDA:57,2,1,16
BRDA:58,3,0,15
BRDA:58,3,1,1
BRDA:63,4,0,85
BRDA:63,4,1,49
BRDA:67,5,0,2
BRDA:67,5,1,17
BRDA:76,6,0,2
BRDA:76,6,1,17
BRDA:76,7,0,19
BRDA:76,7,1,2
BRDA:77,8,0,1
BRDA:77,8,1,1
BRDA:83,9,0,2
BRDA:83,9,1,31
BRDA:85,10,0,17
BRDA:85,10,1,14
BRDA:95,11,0,1
BRDA:95,11,1,21
BRDA:95,12,0,22
BRDA:95,12,1,21
BRDA:103,13,0,19
BRDA:103,13,1,2
BRDA:109,14,0,2
BRDA:109,14,1,2
BRDA:115,15,0,2
BRDA:115,15,1,2
BRDA:124,16,0,17
BRDA:124,16,1,1
BRDA:125,17,0,17
BRDA:125,17,1,1
BRDA:141,18,0,1
BRDA:141,18,1,39
BRDA:143,19,0,38
BRDA:143,19,1,1
BRDA:183,20,0,251
BRDA:183,20,1,220
BRDA:196,21,0,251
BRDA:196,21,1,37
BRDA:202,22,0,36
BRDA:202,22,1,1
BRDA:219,23,0,39
BRDA:219,23,1,2
BRDA:226,24,0,2
BRDA:226,24,1,2
BRDA:235,25,0,12
BRDA:235,25,1,10
BRF:52
BRH:52
end_of_record
TN:
SF:src/components/ss/CollaborationPanel.tsx
FN:44,(anonymous_0)
FN:72,(anonymous_1)
FN:78,(anonymous_2)
FN:88,(anonymous_3)
FN:125,(anonymous_4)
FN:135,(anonymous_5)
FNF:6
FNH:6
FNDA:17,(anonymous_0)
FNDA:1,(anonymous_1)
FNDA:1,(anonymous_2)
FNDA:34,(anonymous_3)
FNDA:5,(anonymous_4)
FNDA:11,(anonymous_5)
DA:2,1
DA:5,1
DA:6,1
DA:7,1
DA:8,1
DA:15,1
DA:17,1
DA:19,1
DA:20,1
DA:44,1
DA:58,17
DA:72,1
DA:78,1
DA:89,34
DA:126,5
DA:136,11
LF:16
LH:16
BRDA:47,0,0,16
BRDA:105,1,0,2
BRDA:105,1,1,15
BRDA:111,2,0,17
BRDA:111,2,1,16
BRDA:123,3,0,1
BRDA:123,3,1,16
BRDA:129,4,0,5
BRDA:129,4,1,11
BRDA:137,5,0,2
BRDA:137,5,1,9
BRF:11
BRH:11
end_of_record
TN:
SF:src/components/ss/CollaboratorRow.tsx
FN:31,(anonymous_0)
FN:32,(anonymous_1)
FN:34,(anonymous_2)
FN:51,(anonymous_3)
FN:78,(anonymous_4)
FN:128,(anonymous_5)
FN:145,(anonymous_6)
FN:157,(anonymous_7)
FN:166,(anonymous_8)
FN:171,(anonymous_9)
FNF:10
FNH:10
FNDA:32,(anonymous_0)
FNDA:58,(anonymous_1)
FNDA:30,(anonymous_2)
FNDA:5,(anonymous_3)
FNDA:26,(anonymous_4)
FNDA:2,(anonymous_5)
FNDA:6,(anonymous_6)
FNDA:44,(anonymous_7)
FNDA:2,(anonymous_8)
FNDA:1,(anonymous_9)
DA:1,2
DA:2,2
DA:10,2
DA:11,2
DA:12,2
DA:19,2
DA:24,2
DA:25,2
DA:26,2
DA:28,2
DA:29,2
DA:31,2
DA:32,58
DA:34,2
DA:43,30
DA:51,2
DA:52,5
DA:78,2
DA:84,26
DA:85,26
DA:86,26
DA:90,26
DA:94,26
DA:97,26
DA:128,2
DA:146,6
DA:147,6
DA:148,6
DA:149,4
DA:158,44
DA:167,2
DA:168,2
DA:171,1
LF:33
LH:33
BRDA:32,0,0,32
BRDA:32,0,1,2
BRDA:90,1,0,4
BRDA:90,1,1,22
BRDA:90,2,0,26
BRDA:90,2,1,4
BRDA:94,3,0,4
BRDA:94,3,1,22
BRDA:94,4,0,26
BRDA:94,4,1,4
BRDA:101,5,0,26
BRDA:101,5,1,4
BRDA:102,6,0,26
BRDA:102,6,1,4
BRDA:107,7,0,26
BRDA:107,7,1,4
BRDA:108,8,0,1
BRDA:108,8,1,25
BRDA:121,9,0,4
BRDA:121,9,1,22
BRDA:133,10,0,2
BRDA:133,10,1,20
BRDA:141,11,0,22
BRDA:141,11,1,4
BRDA:148,12,0,2
BRDA:148,12,1,4
BRDA:168,13,0,2
BRDA:168,13,1,0
BRDA:185,14,0,26
BRDA:185,14,1,4
BRDA:185,14,2,4
BRF:31
BRH:30
end_of_record
TN:
SF:src/components/ss/PathBar.tsx
FN:35,(anonymous_0)
FN:90,(anonymous_1)
FNF:2
FNH:2
FNDA:7,(anonymous_0)
FNDA:7,(anonymous_1)
DA:1,1
DA:10,1
DA:11,1
DA:16,1
DA:18,1
DA:21,1
DA:35,1
DA:44,7
DA:90,1
DA:101,7
DA:104,7
DA:105,7
DA:106,7
DA:110,7
DA:111,7
DA:113,7
LF:16
LH:16
BRDA:101,0,0,3
BRDA:101,0,1,4
BRDA:106,1,0,2
BRDA:106,1,1,5
BRDA:110,2,0,1
BRDA:110,2,1,6
BRDA:111,3,0,2
BRDA:111,3,1,5
BRDA:111,4,0,2
BRDA:111,4,1,0
BRDA:152,5,0,2
BRDA:152,5,1,5
BRDA:158,6,0,1
BRDA:158,6,1,1
BRF:14
BRH:13
end_of_record
TN:
SF:src/pages/CenterCreate.tsx
FN:4,(anonymous_0)
FNF:1
FNH:1
FNDA:1,(anonymous_0)
DA:1,1
DA:2,1
DA:4,1
DA:5,1
DA:18,1
DA:19,1
LF:6
LH:6
BRF:0
BRH:0
end_of_record
TN:
SF:src/pages/CenterEdit.tsx
FN:47,(anonymous_0)
FN:51,(anonymous_1)
FN:51,(anonymous_2)
FN:79,(anonymous_3)
FN:93,(anonymous_4)
FN:154,(anonymous_5)
FN:177,(anonymous_6)
FN:177,(anonymous_7)
FN:197,(anonymous_8)
FN:205,(anonymous_9)
FN:214,(anonymous_10)
FN:215,(anonymous_11)
FN:251,(anonymous_12)
FN:266,(anonymous_13)
FN:267,(anonymous_14)
FN:268,(anonymous_15)
FN:283,(anonymous_16)
FN:284,(anonymous_17)
FN:284,(anonymous_18)
FN:311,(anonymous_19)
FNF:20
FNH:20
FNDA:28,(anonymous_0)
FNDA:11,(anonymous_1)
FNDA:17,(anonymous_2)
FNDA:1,(anonymous_3)
FNDA:1,(anonymous_4)
FNDA:140,(anonymous_5)
FNDA:280,(anonymous_6)
FNDA:28,(anonymous_7)
FNDA:4,(anonymous_8)
FNDA:8,(anonymous_9)
FNDA:1,(anonymous_10)
FNDA:1,(anonymous_11)
FNDA:280,(anonymous_12)
FNDA:2,(anonymous_13)
FNDA:2,(anonymous_14)
FNDA:20,(anonymous_15)
FNDA:1,(anonymous_16)
FNDA:1,(anonymous_17)
FNDA:10,(anonymous_18)
FNDA:2,(anonymous_19)
DA:1,1
DA:2,1
DA:3,1
DA:4,1
DA:5,1
DA:6,1
DA:7,1
DA:15,1
DA:16,1
DA:17,1
DA:18,1
DA:19,1
DA:20,1
DA:30,1
DA:31,1
DA:33,1
DA:47,1
DA:48,28
DA:49,28
DA:51,28
DA:52,28
DA:64,28
DA:65,28
DA:66,28
DA:67,28
DA:69,28
DA:79,1
DA:93,1
DA:155,140
DA:177,280
DA:197,4
DA:205,8
DA:215,1
DA:225,1
DA:226,1
DA:227,1
DA:228,1
DA:252,280
DA:267,2
DA:268,20
DA:284,10
DA:285,1
DA:312,2
DA:313,2
DA:323,1
DA:324,1
LF:46
LH:46
BRDA:86,0,0,28
BRDA:86,0,1,3
BRDA:101,1,0,28
BRDA:101,1,1,3
BRDA:101,1,2,1
BRDA:102,2,0,28
BRDA:102,2,1,25
BRDA:119,3,0,28
BRDA:119,3,1,3
BRDA:119,3,2,1
BRDA:123,4,0,28
BRDA:123,4,1,3
BRDA:127,5,0,28
BRDA:127,5,1,3
BRDA:131,6,0,28
BRDA:131,6,1,3
BRDA:158,7,0,140
BRDA:158,7,1,112
BRDA:177,8,0,28
BRDA:177,8,1,1
BRDA:177,9,0,1
BRDA:177,9,1,27
BRDA:213,10,0,28
BRDA:213,10,1,12
BRDA:257,11,0,280
BRDA:257,11,1,112
BRDA:268,12,0,2
BRDA:268,12,1,18
BRDA:274,13,0,280
BRDA:274,13,1,112
BRDA:309,14,0,28
BRDA:309,14,1,3
BRDA:312,15,0,2
BRDA:312,15,1,1
BRF:34
BRH:34
end_of_record
TN:
SF:src/pages/CenterManage.tsx
FN:39,(anonymous_0)
FN:45,(anonymous_1)
FN:47,(anonymous_2)
FN:70,(anonymous_3)
FN:78,(anonymous_4)
FN:103,(anonymous_5)
FN:115,(anonymous_6)
FNF:7
FNH:7
FNDA:16,(anonymous_0)
FNDA:12,(anonymous_1)
FNDA:36,(anonymous_2)
FNDA:7,(anonymous_3)
FNDA:4,(anonymous_4)
FNDA:7,(anonymous_5)
FNDA:1,(anonymous_6)
DA:1,1
DA:2,1
DA:9,1
DA:10,1
DA:11,1
DA:12,1
DA:20,1
DA:21,1
DA:22,1
DA:23,1
DA:33,1
DA:39,1
DA:40,16
DA:41,16
DA:42,16
DA:44,16
DA:46,12
DA:48,36
DA:55,16
DA:70,7
DA:78,4
DA:104,7
DA:116,1
DA:138,1
DA:139,1
LF:25
LH:25
BRDA:48,0,0,36
BRDA:48,0,1,19
BRDA:48,0,2,19
BRDA:84,1,0,4
BRDA:84,1,1,12
BRDA:96,2,0,4
BRDA:96,2,1,1
BRF:7
BRH:7
end_of_record
TN:
SF:src/pages/CenterTabsShell.tsx
FN:17,(anonymous_0)
FNF:1
FNH:1
FNDA:2,(anonymous_0)
DA:1,1
DA:2,1
DA:12,1
DA:17,1
DA:18,2
LF:5
LH:5
BRF:0
BRH:0
end_of_record
TN:
SF:src/pages/SS.tsx
FN:49,(anonymous_0)
FN:63,(anonymous_1)
FN:68,(anonymous_2)
FN:75,(anonymous_3)
FN:84,(anonymous_4)
FN:99,(anonymous_5)
FN:123,(anonymous_6)
FN:132,(anonymous_7)
FN:135,(anonymous_8)
FN:177,(anonymous_9)
FN:183,(anonymous_10)
FN:189,(anonymous_11)
FN:193,(anonymous_12)
FN:204,(anonymous_13)
FN:215,(anonymous_14)
FN:225,(anonymous_15)
FN:227,(anonymous_16)
FN:230,(anonymous_17)
FN:241,(anonymous_18)
FN:244,(anonymous_19)
FN:247,(anonymous_20)
FN:263,(anonymous_21)
FN:268,(anonymous_22)
FN:270,(anonymous_23)
FN:277,(anonymous_24)
FN:286,(anonymous_25)
FN:295,(anonymous_26)
FN:299,(anonymous_27)
FN:300,(anonymous_28)
FN:320,(anonymous_29)
FN:324,(anonymous_30)
FN:335,(anonymous_31)
FN:391,(anonymous_32)
FN:417,(anonymous_33)
FN:513,(anonymous_34)
FN:524,(anonymous_35)
FNF:36
FNH:36
FNDA:2,(anonymous_0)
FNDA:2,(anonymous_1)
FNDA:12,(anonymous_2)
FNDA:2,(anonymous_3)
FNDA:8,(anonymous_4)
FNDA:237,(anonymous_5)
FNDA:49,(anonymous_6)
FNDA:231,(anonymous_7)
FNDA:2,(anonymous_8)
FNDA:51,(anonymous_9)
FNDA:49,(anonymous_10)
FNDA:49,(anonymous_11)
FNDA:49,(anonymous_12)
FNDA:51,(anonymous_13)
FNDA:51,(anonymous_14)
FNDA:51,(anonymous_15)
FNDA:1,(anonymous_16)
FNDA:2,(anonymous_17)
FNDA:95,(anonymous_18)
FNDA:17,(anonymous_19)
FNDA:4,(anonymous_20)
FNDA:56,(anonymous_21)
FNDA:49,(anonymous_22)
FNDA:1,(anonymous_23)
FNDA:2,(anonymous_24)
FNDA:1,(anonymous_25)
FNDA:5,(anonymous_26)
FNDA:2,(anonymous_27)
FNDA:1,(anonymous_28)
FNDA:9,(anonymous_29)
FNDA:1,(anonymous_30)
FNDA:2,(anonymous_31)
FNDA:3,(anonymous_32)
FNDA:4,(anonymous_33)
FNDA:50,(anonymous_34)
FNDA:49,(anonymous_35)
DA:1,1
DA:2,1
DA:3,1
DA:7,1
DA:8,1
DA:9,1
DA:10,1
DA:11,1
DA:12,1
DA:13,1
DA:14,1
DA:22,1
DA:23,1
DA:24,1
DA:25,1
DA:26,1
DA:27,1
DA:28,1
DA:29,1
DA:30,1
DA:40,1
DA:49,1
DA:50,2
DA:63,1
DA:64,2
DA:69,12
DA:75,1
DA:76,2
DA:85,8
DA:99,1
DA:100,237
DA:101,237
DA:104,237
DA:105,237
DA:106,237
DA:108,237
DA:109,237
DA:110,237
DA:111,237
DA:114,237
DA:117,237
DA:122,237
DA:124,49
DA:132,237
DA:133,231
DA:134,231
DA:135,2
DA:137,231
DA:142,237
DA:156,237
DA:165,237
DA:166,237
DA:167,237
DA:170,237
DA:174,237
DA:175,237
DA:177,237
DA:178,51
DA:179,51
DA:183,237
DA:184,49
DA:188,237
DA:189,49
DA:192,237
DA:193,49
DA:196,237
DA:199,237
DA:204,237
DA:206,51
DA:207,49
DA:208,49
DA:209,2
DA:210,2
DA:211,2
DA:215,237
DA:216,51
DA:217,2
DA:225,237
DA:226,51
DA:227,2
DA:228,2
DA:229,2
DA:230,2
DA:231,2
DA:236,237
DA:239,237
DA:241,237
DA:242,95
DA:243,95
DA:245,17
DA:249,4
DA:258,237
DA:263,237
DA:265,56
DA:268,237
DA:269,49
DA:270,48
DA:271,1
DA:277,237
DA:278,2
DA:279,2
DA:280,1
DA:282,1
DA:286,237
DA:287,1
DA:295,237
DA:296,5
DA:298,5
DA:299,2
DA:300,1
DA:301,5
DA:308,5
DA:309,5
DA:312,237
DA:320,237
DA:321,9
DA:323,8
DA:324,1
DA:330,8
DA:334,8
DA:335,8
DA:336,2
DA:337,2
DA:343,8
DA:344,2
DA:345,2
DA:348,6
DA:357,6
DA:358,6
DA:360,6
DA:362,2
DA:365,2
DA:366,2
DA:369,4
DA:371,4
DA:372,2
DA:373,2
DA:375,1
DA:377,3
DA:390,237
DA:392,3
DA:393,3
DA:395,3
DA:399,1
DA:400,1
DA:401,1
DA:404,2
DA:405,2
DA:406,1
DA:408,1
DA:410,2
DA:416,237
DA:418,4
DA:419,4
DA:420,4
DA:427,2
DA:432,2
DA:433,2
DA:436,2
DA:437,2
DA:438,1
DA:440,1
DA:442,2
DA:450,237
DA:513,1
DA:514,50
DA:516,50
DA:517,1
DA:523,49
DA:524,49
DA:527,49
DA:536,1
LF:172
LH:172
BRDA:108,0,0,237
BRDA:108,0,1,230
BRDA:108,0,2,227
BRDA:124,1,0,49
BRDA:124,1,1,48
BRDA:134,2,0,2
BRDA:134,2,1,229
BRDA:134,3,0,231
BRDA:134,3,1,230
BRDA:142,4,0,4
BRDA:142,4,1,233
BRDA:142,5,0,237
BRDA:142,5,1,4
BRDA:170,6,0,237
BRDA:170,6,1,225
BRDA:170,6,2,218
BRDA:196,7,0,237
BRDA:196,7,1,4
BRDA:206,8,0,2
BRDA:206,8,1,49
BRDA:208,9,0,47
BRDA:208,9,1,2
BRDA:216,10,0,49
BRDA:216,10,1,2
BRDA:216,11,0,51
BRDA:216,11,1,2
BRDA:216,11,2,2
BRDA:226,12,0,49
BRDA:226,12,1,2
BRDA:242,13,0,95
BRDA:242,13,1,49
BRDA:250,14,0,4
BRDA:250,14,1,3
BRDA:250,14,2,2
BRDA:252,15,0,1
BRDA:252,15,1,1
BRDA:258,16,0,237
BRDA:258,16,1,236
BRDA:258,16,2,145
BRDA:258,16,3,97
BRDA:269,17,0,1
BRDA:269,17,1,48
BRDA:296,18,0,5
BRDA:296,18,1,1
BRDA:298,19,0,5
BRDA:298,19,1,1
BRDA:321,20,0,1
BRDA:321,20,1,8
BRDA:323,21,0,1
BRDA:323,21,1,7
BRDA:330,22,0,1
BRDA:330,22,1,7
BRDA:334,23,0,8
BRDA:334,23,1,1
BRDA:336,24,0,2
BRDA:336,24,1,1
BRDA:336,24,2,1
BRDA:338,25,0,2
BRDA:338,25,1,2
BRDA:338,25,2,2
BRDA:343,26,0,2
BRDA:343,26,1,6
BRDA:363,27,0,1
BRDA:363,27,1,1
BRDA:428,28,0,1
BRDA:428,28,1,1
BRDA:456,29,0,1
BRDA:456,29,1,236
BRDA:474,30,0,7
BRDA:474,30,1,230
BRDA:481,31,0,1
BRDA:481,31,1,236
BRDA:486,32,0,237
BRDA:486,32,1,27
BRDA:487,33,0,1
BRDA:487,33,1,236
BRDA:516,34,0,1
BRDA:516,34,1,49
BRF:78
BRH:78
end_of_record
TN:
SF:src/pages/ShareArea.tsx
FN:20,(anonymous_1)
FN:24,(anonymous_2)
FN:43,(anonymous_3)
FN:108,(anonymous_4)
FN:131,(anonymous_5)
FN:149,(anonymous_6)
FNF:6
FNH:6
FNDA:6,(anonymous_1)
FNDA:2,(anonymous_2)
FNDA:24,(anonymous_3)
FNDA:1,(anonymous_4)
FNDA:1,(anonymous_5)
FNDA:1,(anonymous_6)
DA:1,1
DA:2,1
DA:3,1
DA:4,1
DA:5,1
DA:6,1
DA:7,1
DA:13,1
DA:14,1
DA:15,1
DA:18,1
DA:20,1
DA:21,6
DA:22,6
DA:24,6
DA:25,2
DA:28,6
DA:44,24
DA:109,1
DA:132,1
DA:149,1
DA:169,1
DA:170,1
LF:23
LH:23
BRDA:53,0,0,24
BRDA:53,0,1,24
BRDA:84,1,0,24
BRDA:84,1,1,6
BRF:4
BRH:4
end_of_record
TN:
SF:src/pages/UserCreate.tsx
FN:72,(anonymous_1)
FN:105,(anonymous_2)
FN:122,(anonymous_3)
FN:180,(anonymous_4)
FN:228,(anonymous_5)
FN:243,(anonymous_6)
FN:258,(anonymous_7)
FN:272,(anonymous_8)
FN:308,(anonymous_9)
FN:340,(anonymous_10)
FN:373,(anonymous_11)
FN:384,(anonymous_12)
FNF:12
FNH:12
FNDA:42,(anonymous_1)
FNDA:2,(anonymous_2)
FNDA:6,(anonymous_3)
FNDA:1,(anonymous_4)
FNDA:6,(anonymous_5)
FNDA:6,(anonymous_6)
FNDA:6,(anonymous_7)
FNDA:1,(anonymous_8)
FNDA:1,(anonymous_9)
FNDA:14,(anonymous_10)
FNDA:6,(anonymous_11)
FNDA:1,(anonymous_12)
DA:2,1
DA:3,1
DA:4,1
DA:5,1
DA:6,1
DA:7,1
DA:13,1
DA:14,1
DA:15,1
DA:16,1
DA:24,1
DA:25,1
DA:26,1
DA:27,1
DA:33,1
DA:34,1
DA:43,1
DA:44,1
DA:45,1
DA:46,1
DA:48,1
DA:72,1
DA:73,42
DA:74,42
DA:75,42
DA:78,42
DA:82,42
DA:86,42
DA:90,42
DA:96,42
DA:100,42
DA:103,42
DA:105,42
DA:106,2
DA:122,42
DA:123,6
DA:124,6
DA:125,2
DA:127,6
DA:128,1
DA:130,6
DA:131,1
DA:133,6
DA:134,1
DA:137,6
DA:138,2
DA:141,2
DA:143,4
DA:150,4
DA:151,4
DA:152,4
DA:153,4
DA:154,1
DA:157,1
DA:172,3
DA:176,4
DA:180,42
DA:181,1
DA:182,1
DA:185,42
DA:228,6
DA:243,6
DA:258,6
DA:272,1
DA:309,1
DA:310,1
DA:311,1
DA:312,1
DA:341,14
DA:373,6
DA:385,1
LF:71
LH:71
BRDA:83,0,0,42
BRDA:83,0,1,31
BRDA:87,1,0,42
BRDA:87,1,1,42
BRDA:91,2,0,42
BRDA:91,2,1,42
BRDA:97,3,0,42
BRDA:97,3,1,42
BRDA:124,4,0,2
BRDA:124,4,1,4
BRDA:127,5,0,1
BRDA:127,5,1,5
BRDA:130,6,0,1
BRDA:130,6,1,5
BRDA:133,7,0,1
BRDA:133,7,1,5
BRDA:137,8,0,2
BRDA:137,8,1,4
BRDA:173,9,0,1
BRDA:173,9,1,2
BRDA:201,10,0,1
BRDA:201,10,1,41
BRDA:214,11,0,42
BRDA:214,11,1,2
BRDA:323,12,0,14
BRDA:323,12,1,28
BRDA:323,13,0,42
BRDA:323,13,1,17
BRDA:323,13,2,16
BRDA:323,14,0,16
BRDA:323,14,1,1
BRDA:360,15,0,1
BRDA:360,15,1,13
BRDA:363,16,0,1
BRDA:363,16,1,13
BRDA:389,17,0,3
BRDA:389,17,1,25
BRF:37
BRH:37
end_of_record
TN:
SF:src/pages/UserEdit.tsx
FN:58,(anonymous_1)
FN:78,(anonymous_2)
FN:84,(anonymous_3)
FN:94,(anonymous_4)
FN:100,(anonymous_5)
FN:101,(anonymous_6)
FN:112,(anonymous_7)
FN:121,(anonymous_8)
FN:123,(anonymous_9)
FN:140,(anonymous_10)
FN:141,(anonymous_11)
FN:178,(anonymous_12)
FN:178,(anonymous_13)
FN:182,(anonymous_14)
FN:190,(anonymous_15)
FN:228,(anonymous_16)
FN:244,(anonymous_17)
FN:265,(anonymous_18)
FN:313,(anonymous_19)
FN:337,(anonymous_20)
FN:344,(anonymous_21)
FN:351,(anonymous_22)
FN:360,(anonymous_23)
FN:370,(anonymous_24)
FN:390,(anonymous_25)
FN:394,(anonymous_26)
FN:421,(anonymous_27)
FN:436,(anonymous_28)
FNF:28
FNH:28
FNDA:165,(anonymous_1)
FNDA:30,(anonymous_2)
FNDA:29,(anonymous_3)
FNDA:30,(anonymous_4)
FNDA:2,(anonymous_5)
FNDA:2,(anonymous_6)
FNDA:30,(anonymous_7)
FNDA:30,(anonymous_8)
FNDA:7,(anonymous_9)
FNDA:84,(anonymous_10)
FNDA:84,(anonymous_11)
FNDA:36,(anonymous_12)
FNDA:13,(anonymous_13)
FNDA:8,(anonymous_14)
FNDA:6,(anonymous_15)
FNDA:3,(anonymous_16)
FNDA:4,(anonymous_17)
FNDA:7,(anonymous_18)
FNDA:6,(anonymous_19)
FNDA:22,(anonymous_20)
FNDA:24,(anonymous_21)
FNDA:50,(anonymous_22)
FNDA:1,(anonymous_23)
FNDA:2,(anonymous_24)
FNDA:2,(anonymous_25)
FNDA:21,(anonymous_26)
FNDA:42,(anonymous_27)
FNDA:168,(anonymous_28)
DA:2,1
DA:3,1
DA:4,1
DA:5,1
DA:6,1
DA:7,1
DA:13,1
DA:14,1
DA:15,1
DA:16,1
DA:22,1
DA:23,1
DA:24,1
DA:25,1
DA:29,1
DA:36,1
DA:37,1
DA:38,1
DA:39,1
DA:40,1
DA:42,1
DA:43,1
DA:55,1
DA:56,1
DA:58,1
DA:59,165
DA:60,165
DA:61,165
DA:62,165
DA:63,165
DA:64,165
DA:65,165
DA:67,165
DA:68,165
DA:69,165
DA:71,165
DA:72,165
DA:73,165
DA:74,165
DA:75,165
DA:76,165
DA:78,165
DA:79,30
DA:80,29
DA:81,29
DA:82,22
DA:84,29
DA:85,29
DA:86,29
DA:87,29
DA:88,29
DA:89,29
DA:90,29
DA:94,165
DA:95,30
DA:96,8
DA:97,8
DA:98,8
DA:99,8
DA:100,8
DA:101,8
DA:102,8
DA:103,8
DA:110,8
DA:112,30
DA:121,165
DA:122,30
DA:123,7
DA:137,7
DA:139,7
DA:140,84
DA:141,84
DA:147,7
DA:168,7
DA:177,165
DA:178,36
DA:182,165
DA:184,8
DA:189,8
DA:190,6
DA:191,1
DA:192,1
DA:198,7
DA:199,7
DA:200,7
DA:201,7
DA:202,1
DA:206,1
DA:208,6
DA:216,6
DA:217,6
DA:218,6
DA:219,4
DA:220,4
DA:222,2
DA:224,6
DA:228,165
DA:230,3
DA:231,3
DA:232,3
DA:233,1
DA:238,2
DA:240,3
DA:244,165
DA:246,4
DA:247,4
DA:248,4
DA:249,4
DA:250,2
DA:251,1
DA:253,1
DA:254,1
DA:256,3
DA:257,3
DA:261,4
DA:265,165
DA:266,7
DA:272,165
DA:314,6
DA:337,22
DA:344,24
DA:351,50
DA:361,1
DA:371,2
DA:390,2
DA:395,21
DA:422,42
DA:437,168
LF:128
LH:128
BRDA:79,0,0,1
BRDA:79,0,1,29
BRDA:81,1,0,22
BRDA:81,1,1,7
BRDA:95,2,0,8
BRDA:95,2,1,22
BRDA:95,3,0,30
BRDA:95,3,1,8
BRDA:97,4,0,8
BRDA:97,4,1,1
BRDA:98,5,0,8
BRDA:98,5,1,1
BRDA:99,6,0,8
BRDA:99,6,1,1
BRDA:102,7,0,1
BRDA:102,7,1,7
BRDA:104,8,0,4
BRDA:104,8,1,4
BRDA:106,9,0,2
BRDA:106,9,1,2
BRDA:110,10,0,8
BRDA:110,10,1,1
BRDA:122,11,0,23
BRDA:122,11,1,7
BRDA:189,12,0,1
BRDA:189,12,1,7
BRDA:201,13,0,1
BRDA:201,13,1,6
BRDA:212,14,0,2
BRDA:212,14,1,4
BRDA:212,15,0,1
BRDA:212,15,1,3
BRDA:213,16,0,6
BRDA:213,16,1,5
BRDA:222,17,0,1
BRDA:222,17,1,1
BRDA:238,18,0,1
BRDA:238,18,1,1
BRDA:250,19,0,1
BRDA:250,19,1,1
BRDA:256,20,0,2
BRDA:256,20,1,1
BRDA:274,21,0,165
BRDA:274,21,1,164
BRDA:301,22,0,164
BRDA:301,22,1,6
BRDA:310,23,0,1
BRDA:310,23,1,163
BRDA:371,24,0,1
BRDA:371,24,1,1
BRDA:400,25,0,20
BRDA:400,25,1,1
BRDA:418,26,0,163
BRDA:418,26,1,14
BRDA:430,27,0,41
BRDA:430,27,1,1
BRDA:445,28,0,56
BRDA:445,28,1,112
BRDA:470,29,0,164
BRDA:470,29,1,4
BRDA:493,30,0,164
BRDA:493,30,1,3
BRF:62
BRH:62
end_of_record
TN:
SF:src/pages/UserManage.tsx
FN:36,(anonymous_0)
FN:67,(anonymous_1)
FN:81,(anonymous_2)
FN:85,(anonymous_3)
FN:113,(anonymous_4)
FN:128,(anonymous_5)
FN:141,(anonymous_6)
FN:156,(anonymous_7)
FN:170,(anonymous_8)
FN:172,(anonymous_9)
FN:185,(anonymous_10)
FN:221,(anonymous_11)
FN:257,(anonymous_12)
FNF:13
FNH:13
FNDA:39,(anonymous_0)
FNDA:10,(anonymous_1)
FNDA:10,(anonymous_2)
FNDA:2,(anonymous_3)
FNDA:2,(anonymous_4)
FNDA:13,(anonymous_5)
FNDA:10,(anonymous_6)
FNDA:4,(anonymous_7)
FNDA:1,(anonymous_8)
FNDA:1,(anonymous_9)
FNDA:1,(anonymous_10)
FNDA:3,(anonymous_11)
FNDA:1,(anonymous_12)
DA:2,1
DA:3,1
DA:4,1
DA:5,1
DA:6,1
DA:7,1
DA:8,1
DA:14,1
DA:22,1
DA:23,1
DA:25,1
DA:26,1
DA:27,1
DA:28,1
DA:29,1
DA:36,1
DA:38,39
DA:39,39
DA:40,39
DA:41,39
DA:42,39
DA:45,39
DA:49,39
DA:52,39
DA:55,39
DA:58,39
DA:61,39
DA:65,39
DA:67,39
DA:68,10
DA:69,10
DA:71,9
DA:72,9
DA:76,9
DA:77,5
DA:81,39
DA:82,10
DA:85,39
DA:86,2
DA:101,39
DA:114,2
DA:115,2
DA:128,13
DA:141,10
DA:156,4
DA:171,1
DA:172,1
DA:186,1
DA:187,1
DA:188,1
DA:189,1
DA:190,1
DA:222,3
DA:258,1
DA:275,1
DA:276,1
LF:56
LH:56
BRDA:50,0,0,39
BRDA:50,0,1,39
BRDA:53,1,0,39
BRDA:53,1,1,39
BRDA:56,2,0,39
BRDA:56,2,1,39
BRDA:59,3,0,39
BRDA:59,3,1,39
BRDA:63,4,0,39
BRDA:63,4,1,39
BRDA:69,5,0,1
BRDA:69,5,1,9
BRDA:76,6,0,5
BRDA:76,6,1,4
BRDA:201,7,0,3
BRDA:201,7,1,36
BRDA:201,8,0,39
BRDA:201,8,1,5
BRDA:201,8,2,4
BRDA:201,9,0,4
BRDA:201,9,1,1
BRDA:236,10,0,1
BRDA:236,10,1,2
BRDA:262,11,0,2
BRDA:262,11,1,34
BRF:25
BRH:25
end_of_record
TN:
SF:src/pages/UserTabsShell.tsx
FN:18,(anonymous_0)
FN:23,(anonymous_1)
FNF:2
FNH:2
FNDA:245,(anonymous_0)
FNDA:2,(anonymous_1)
DA:1,4
DA:2,4
DA:13,4
DA:18,4
DA:19,245
DA:23,2
LF:6
LH:6
BRDA:23,0,0,1
BRDA:23,0,1,244
BRF:2
BRH:2
end_of_record
TN:
SF:src/pages/ssHelpers.ts
FN:7,(anonymous_0)
FN:10,(anonymous_1)
FN:19,(anonymous_2)
FN:24,(anonymous_3)
FN:26,(anonymous_4)
FN:38,(anonymous_5)
FN:42,(anonymous_6)
FN:62,(anonymous_7)
FNF:8
FNH:8
FNDA:8,(anonymous_0)
FNDA:55,(anonymous_1)
FNDA:54,(anonymous_2)
FNDA:9,(anonymous_3)
FNDA:4,(anonymous_4)
FNDA:52,(anonymous_5)
FNDA:8,(anonymous_6)
FNDA:25,(anonymous_7)
DA:1,2
DA:2,2
DA:6,2
DA:7,8
DA:10,2
DA:13,55
DA:19,2
DA:20,54
DA:21,3
DA:23,51
DA:24,51
DA:25,51
DA:26,4
DA:29,51
DA:30,51
DA:31,51
DA:38,2
DA:42,52
DA:43,52
DA:44,52
DA:45,52
DA:46,52
DA:47,4
DA:48,4
DA:50,52
DA:51,50
DA:53,52
DA:62,2
DA:67,25
DA:68,25
DA:71,25
DA:73,25
LF:32
LH:32
BRDA:13,0,0,55
BRDA:13,0,1,53
BRDA:20,1,0,3
BRDA:20,1,1,51
BRDA:20,2,0,54
BRDA:20,2,1,53
BRDA:23,3,0,51
BRDA:23,3,1,3
BRDA:42,4,0,52
BRDA:42,4,1,2
BRDA:50,5,0,50
BRDA:50,5,1,2
BRDA:50,6,0,52
BRDA:50,6,1,52
BRDA:67,7,0,25
BRDA:67,7,1,4
BRDA:71,8,0,25
BRDA:71,8,1,10
BRDA:71,8,2,8
BRDA:76,9,0,5
BRDA:76,9,1,20
BRDA:77,10,0,25
BRDA:77,10,1,2
BRDA:84,11,0,4
BRDA:84,11,1,21
BRF:25
BRH:25
end_of_record
TN:
SF:src/pages/userEditSchema.ts
FN:112,(anonymous_0)
FN:120,(anonymous_1)
FN:124,(anonymous_2)
FN:135,(anonymous_3)
FN:144,(anonymous_4)
FN:148,(anonymous_5)
FN:157,(anonymous_6)
FN:161,(anonymous_7)
FN:165,(anonymous_8)
FNF:9
FNH:9
FNDA:11,(anonymous_0)
FNDA:13,(anonymous_1)
FNDA:13,(anonymous_2)
FNDA:14,(anonymous_3)
FNDA:14,(anonymous_4)
FNDA:14,(anonymous_5)
FNDA:14,(anonymous_6)
FNDA:14,(anonymous_7)
FNDA:14,(anonymous_8)
DA:1,2
DA:40,2
DA:93,2
DA:103,2
DA:104,2
DA:105,2
DA:107,2
DA:108,2
DA:109,2
DA:110,2
DA:112,2
DA:113,11
DA:115,2
DA:120,13
DA:124,13
DA:128,2
DA:135,14
DA:144,14
DA:148,14
DA:157,14
DA:161,14
DA:165,14
LF:22
LH:22
BRF:0
BRH:0
end_of_record
TN:
SF:src/redux/slices/ssSlice.ts
FN:31,(anonymous_1)
FN:44,(anonymous_2)
FN:55,(anonymous_3)
FN:66,(anonymous_4)
FN:111,(anonymous_5)
FN:118,(anonymous_6)
FN:130,(anonymous_7)
FN:133,(anonymous_8)
FN:138,(anonymous_9)
FN:140,(anonymous_10)
FN:145,(anonymous_11)
FN:158,(anonymous_12)
FN:164,(anonymous_13)
FN:167,(anonymous_14)
FN:168,(anonymous_15)
FN:174,(anonymous_16)
FN:177,(anonymous_17)
FN:178,(anonymous_18)
FN:184,(anonymous_19)
FN:187,(anonymous_20)
FN:188,(anonymous_21)
FN:203,(anonymous_22)
FN:206,(anonymous_23)
FN:207,(anonymous_24)
FN:208,(anonymous_25)
FN:209,(anonymous_26)
FN:210,(anonymous_27)
FN:211,(anonymous_28)
FN:212,(anonymous_29)
FN:215,(anonymous_30)
FN:217,(anonymous_31)
FN:220,(anonymous_32)
FN:222,(anonymous_33)
FN:225,(anonymous_34)
FN:227,(anonymous_35)
FN:230,(anonymous_36)
FNF:36
FNH:36
FNDA:56,(anonymous_1)
FNDA:5,(anonymous_2)
FNDA:3,(anonymous_3)
FNDA:3,(anonymous_4)
FNDA:3,(anonymous_5)
FNDA:3,(anonymous_6)
FNDA:1,(anonymous_7)
FNDA:1,(anonymous_8)
FNDA:2,(anonymous_9)
FNDA:58,(anonymous_10)
FNDA:53,(anonymous_11)
FNDA:5,(anonymous_12)
FNDA:6,(anonymous_13)
FNDA:5,(anonymous_14)
FNDA:2,(anonymous_15)
FNDA:4,(anonymous_16)
FNDA:3,(anonymous_17)
FNDA:2,(anonymous_18)
FNDA:4,(anonymous_19)
FNDA:3,(anonymous_20)
FNDA:2,(anonymous_21)
FNDA:2935,(anonymous_22)
FNDA:2,(anonymous_23)
FNDA:2,(anonymous_24)
FNDA:238,(anonymous_25)
FNDA:347,(anonymous_26)
FNDA:1,(anonymous_27)
FNDA:1,(anonymous_28)
FNDA:238,(anonymous_29)
FNDA:347,(anonymous_30)
FNDA:238,(anonymous_31)
FNDA:347,(anonymous_32)
FNDA:239,(anonymous_33)
FNDA:348,(anonymous_34)
FNDA:239,(anonymous_35)
FNDA:348,(anonymous_36)
DA:1,2
DA:10,2
DA:11,2
DA:18,2
DA:25,2
DA:27,2
DA:29,2
DA:34,56
DA:35,56
DA:42,2
DA:45,5
DA:46,5
DA:48,1
DA:53,2
DA:56,3
DA:57,3
DA:59,1
DA:64,2
DA:70,3
DA:71,3
DA:77,1
DA:97,2
DA:107,2
DA:115,3
DA:116,3
DA:126,3
DA:127,3
DA:128,3
DA:131,1
DA:134,1
DA:135,1
DA:139,2
DA:141,58
DA:142,58
DA:143,58
DA:146,53
DA:147,52
DA:148,52
DA:149,52
DA:151,1
DA:156,53
DA:159,5
DA:160,5
DA:161,5
DA:163,2
DA:173,2
DA:183,2
DA:196,2
DA:199,2
DA:200,2
DA:201,2
DA:203,2935
DA:205,2
DA:207,2
DA:209,347
DA:211,1
DA:213,238
DA:215,347
DA:218,238
DA:220,347
DA:223,239
DA:225,348
DA:228,239
DA:230,348
DA:234,2
LF:65
LH:65
BRDA:146,0,0,52
BRDA:146,0,1,1
BRDA:215,1,0,347
BRDA:215,1,1,50
BRDA:225,2,0,348
BRDA:225,2,1,335
BRDA:230,3,0,348
BRDA:230,3,1,347
BRF:8
BRH:8
end_of_record
TN:
SF:src/redux/slices/uiSlice.ts
FN:26,(anonymous_0)
FN:29,(anonymous_1)
FN:32,(anonymous_2)
FN:39,(anonymous_3)
FN:50,(anonymous_4)
FN:54,(anonymous_5)
FN:58,(anonymous_6)
FN:61,(anonymous_7)
FNF:8
FNH:8
FNDA:4,(anonymous_0)
FNDA:1,(anonymous_1)
FNDA:11,(anonymous_2)
FNDA:17,(anonymous_3)
FNDA:73,(anonymous_4)
FNDA:20,(anonymous_5)
FNDA:27,(anonymous_6)
FNDA:75,(anonymous_7)
DA:1,4
DA:8,4
DA:16,4
DA:22,4
DA:27,4
DA:30,1
DA:36,11
DA:37,11
DA:43,17
DA:44,17
DA:49,4
DA:50,73
DA:52,4
DA:54,20
DA:56,4
DA:58,27
DA:60,4
DA:61,75
DA:66,4
LF:19
LH:19
BRF:0
BRH:0
end_of_record
TN:
SF:src/redux/slices/userSlice.ts
FN:53,(anonymous_1)
FN:62,(anonymous_2)
FN:82,(anonymous_3)
FN:90,(anonymous_4)
FN:109,(anonymous_5)
FN:128,(anonymous_6)
FN:141,(anonymous_7)
FN:154,(anonymous_8)
FN:163,(anonymous_9)
FN:238,(anonymous_10)
FN:242,(anonymous_11)
FN:246,(anonymous_12)
FN:248,(anonymous_13)
FN:253,(anonymous_14)
FN:272,(anonymous_15)
FN:279,(anonymous_16)
FN:289,(anonymous_17)
FN:301,(anonymous_18)
FN:306,(anonymous_19)
FN:310,(anonymous_20)
FN:321,(anonymous_21)
FN:326,(anonymous_22)
FN:329,(anonymous_23)
FN:336,(anonymous_24)
FN:344,(anonymous_25)
FN:347,(anonymous_26)
FN:354,(anonymous_27)
FN:360,(anonymous_28)
FN:365,(anonymous_29)
FN:377,(anonymous_30)
FN:383,(anonymous_31)
FN:386,(anonymous_32)
FN:393,(anonymous_33)
FN:401,(anonymous_34)
FN:405,(anonymous_35)
FN:413,(anonymous_36)
FN:420,(anonymous_37)
FN:424,(anonymous_38)
FN:433,(anonymous_39)
FN:444,(anonymous_40)
FN:447,(anonymous_41)
FN:448,(anonymous_42)
FN:452,(anonymous_43)
FN:453,(anonymous_44)
FN:457,(anonymous_45)
FN:458,(anonymous_46)
FN:462,(anonymous_47)
FN:463,(anonymous_48)
FN:467,(anonymous_49)
FN:468,(anonymous_50)
FN:473,(anonymous_51)
FN:474,(anonymous_52)
FN:477,(anonymous_53)
FN:478,(anonymous_54)
FN:482,(anonymous_55)
FN:483,(anonymous_56)
FN:487,(anonymous_57)
FN:488,(anonymous_58)
FN:493,(anonymous_59)
FN:494,(anonymous_60)
FN:499,(anonymous_61)
FN:500,(anonymous_62)
FN:504,(anonymous_63)
FN:505,(anonymous_64)
FN:509,(anonymous_65)
FN:510,(anonymous_66)
FNF:66
FNH:66
FNDA:1,(anonymous_1)
FNDA:1,(anonymous_2)
FNDA:1,(anonymous_3)
FNDA:2,(anonymous_4)
FNDA:1,(anonymous_5)
FNDA:2,(anonymous_6)
FNDA:2,(anonymous_7)
FNDA:1,(anonymous_8)
FNDA:1,(anonymous_9)
FNDA:1,(anonymous_10)
FNDA:1,(anonymous_11)
FNDA:7,(anonymous_12)
FNDA:1,(anonymous_13)
FNDA:3,(anonymous_14)
FNDA:1,(anonymous_15)
FNDA:2,(anonymous_16)
FNDA:2,(anonymous_17)
FNDA:1,(anonymous_18)
FNDA:1,(anonymous_19)
FNDA:2,(anonymous_20)
FNDA:1,(anonymous_21)
FNDA:1,(anonymous_22)
FNDA:2,(anonymous_23)
FNDA:1,(anonymous_24)
FNDA:1,(anonymous_25)
FNDA:2,(anonymous_26)
FNDA:1,(anonymous_27)
FNDA:1,(anonymous_28)
FNDA:2,(anonymous_29)
FNDA:2,(anonymous_30)
FNDA:1,(anonymous_31)
FNDA:2,(anonymous_32)
FNDA:1,(anonymous_33)
FNDA:1,(anonymous_34)
FNDA:2,(anonymous_35)
FNDA:1,(anonymous_36)
FNDA:1,(anonymous_37)
FNDA:2,(anonymous_38)
FNDA:1,(anonymous_39)
FNDA:2960,(anonymous_40)
FNDA:16,(anonymous_41)
FNDA:16,(anonymous_42)
FNDA:238,(anonymous_43)
FNDA:238,(anonymous_44)
FNDA:166,(anonymous_45)
FNDA:166,(anonymous_46)
FNDA:238,(anonymous_47)
FNDA:238,(anonymous_48)
FNDA:40,(anonymous_49)
FNDA:40,(anonymous_50)
FNDA:40,(anonymous_51)
FNDA:40,(anonymous_52)
FNDA:166,(anonymous_53)
FNDA:166,(anonymous_54)
FNDA:43,(anonymous_55)
FNDA:43,(anonymous_56)
FNDA:43,(anonymous_57)
FNDA:43,(anonymous_58)
FNDA:82,(anonymous_59)
FNDA:82,(anonymous_60)
FNDA:1,(anonymous_61)
FNDA:1,(anonymous_62)
FNDA:238,(anonymous_63)
FNDA:238,(anonymous_64)
FNDA:1,(anonymous_65)
FNDA:1,(anonymous_66)
DA:3,7
DA:10,7
DA:24,7
DA:25,7
DA:43,7
DA:46,7
DA:47,7
DA:48,7
DA:51,7
DA:54,1
DA:55,1
DA:60,7
DA:63,1
DA:75,1
DA:80,7
DA:83,1
DA:84,1
DA:88,7
DA:94,2
DA:95,2
DA:100,1
DA:102,1
DA:107,7
DA:110,1
DA:122,1
DA:126,7
DA:129,2
DA:130,2
DA:131,1
DA:133,1
DA:139,7
DA:142,2
DA:143,2
DA:144,1
DA:146,1
DA:152,7
DA:155,1
DA:156,1
DA:161,7
DA:164,1
DA:165,1
DA:207,7
DA:234,7
DA:239,1
DA:240,1
DA:243,1
DA:247,7
DA:249,1
DA:250,1
DA:251,1
DA:254,3
DA:255,2
DA:256,2
DA:259,2
DA:265,1
DA:270,3
DA:273,1
DA:274,1
DA:277,7
DA:280,2
DA:281,2
DA:282,2
DA:290,2
DA:291,1
DA:292,1
DA:294,1
DA:299,2
DA:302,1
DA:303,1
DA:305,7
DA:307,1
DA:308,1
DA:311,2
DA:312,1
DA:314,1
DA:319,2
DA:322,1
DA:323,1
DA:325,7
DA:342,7
DA:359,7
DA:361,1
DA:362,1
DA:363,1
DA:366,2
DA:367,1
DA:368,1
DA:370,1
DA:375,2
DA:378,2
DA:379,2
DA:381,7
DA:399,7
DA:402,1
DA:403,1
DA:406,2
DA:407,1
DA:409,1
DA:411,2
DA:414,1
DA:415,1
DA:418,7
DA:421,1
DA:422,1
DA:425,2
DA:426,1
DA:427,1
DA:429,1
DA:431,2
DA:434,1
DA:435,1
DA:441,7
DA:444,2960
DA:446,7
DA:448,16
DA:449,16
DA:453,238
DA:454,238
DA:458,166
DA:459,166
DA:463,238
DA:464,238
DA:468,40
DA:469,40
DA:474,40
DA:475,40
DA:478,166
DA:479,166
DA:483,43
DA:484,43
DA:488,43
DA:489,43
DA:494,82
DA:495,82
DA:498,7
DA:500,1
DA:501,1
DA:505,238
DA:506,238
DA:510,1
DA:511,1
DA:515,7
LF:142
LH:142
BRDA:254,0,0,2
BRDA:254,0,1,1
BRDA:261,1,0,2
BRDA:261,1,1,1
BRDA:284,2,0,1
BRDA:284,2,1,1
BRDA:290,3,0,1
BRDA:290,3,1,1
BRDA:311,4,0,1
BRDA:311,4,1,1
BRDA:366,5,0,1
BRDA:366,5,1,1
BRDA:406,6,0,1
BRDA:406,6,1,1
BRDA:425,7,0,1
BRDA:425,7,1,1
BRF:16
BRH:16
end_of_record
